2022-11-14 09:48:48.8118 DEBUG Инициализация программы
2022-11-14 09:48:49.3646 DEBUG Выполнение запроса Sql + Подключение к Базе данных
2022-11-14 09:48:50.3431 DEBUG Успешное подключение 
Аккаунт: admin
2022-11-14 09:48:50.3431 DEBUG Попытка входа
2022-11-14 09:48:50.3431 INFO Успешный вход
2022-11-14 15:05:07.4318 DEBUG Инициализация программы
2022-11-14 15:05:07.6993 DEBUG Выполнение запроса Sql + Подключение к Базе данных
2022-11-14 15:05:09.6703 ERROR Ошибка MySql.Data.MySqlClient.MySqlException (0x80004005): Unable to connect to any of the specified MySQL hosts. ---> System.Net.Sockets.SocketException (0x80004005): Подключение не установлено, т.к. конечный компьютер отверг запрос на подключение 127.0.0.1:3307
   в System.Net.Sockets.Socket.InternalEndConnect(IAsyncResult asyncResult)
   в System.Net.Sockets.Socket.EndConnect(IAsyncResult asyncResult)
   в System.Net.Sockets.TcpClient.EndConnect(IAsyncResult asyncResult)
   в System.Threading.Tasks.TaskFactory`1.FromAsyncCoreLogic(IAsyncResult iar, Func`2 endFunction, Action`1 endAction, Task`1 promise, Boolean requiresSynchronization)
   в MySql.Data.MySqlClient.NativeDriver.<>c.<Open>b__40_0(Exception ex)
   в System.AggregateException.Handle(Func`2 predicate)
   в MySql.Data.MySqlClient.NativeDriver.Open()
   в MySql.Data.MySqlClient.Driver.Open()
   в MySql.Data.MySqlClient.Driver.Create(MySqlConnectionStringBuilder settings)
   в MySql.Data.MySqlClient.MySqlPool.CreateNewPooledConnection()
   в MySql.Data.MySqlClient.MySqlPool.GetPooledConnection()
   в MySql.Data.MySqlClient.MySqlPool.TryToGetDriver()
   в MySql.Data.MySqlClient.MySqlPool.GetConnection()
   в MySql.Data.MySqlClient.MySqlConnection.Open()
   в System.Data.Common.DbDataAdapter.FillInternal(DataSet dataset, DataTable[] datatables, Int32 startRecord, Int32 maxRecords, String srcTable, IDbCommand command, CommandBehavior behavior)
   в System.Data.Common.DbDataAdapter.Fill(DataTable[] dataTables, Int32 startRecord, Int32 maxRecords, IDbCommand command, CommandBehavior behavior)
   в System.Data.Common.DbDataAdapter.Fill(DataTable dataTable)
   в Liftais.MainWindow.SingIn_Click(Object sender, RoutedEventArgs y) в C:\Users\Семён\Documents\GitHub\Practice_Lift1\Liftais\Liftais\MainWindow.xaml.cs:строка 48
2022-11-14 15:05:37.5642 DEBUG Инициализация программы
2022-11-14 15:05:37.5657 DEBUG Выполнение запроса Sql + Подключение к Базе данных
2022-11-14 15:05:40.0955 DEBUG Успешное подключение 
Аккаунт: admin
2022-11-14 15:05:40.0955 DEBUG Попытка входа
2022-11-14 15:05:40.0955 INFO Успешный вход
2022-11-14 15:07:52.9852 DEBUG Инициализация программы
2022-11-14 15:07:53.0379 DEBUG Выполнение запроса Sql + Подключение к Базе данных
2022-11-14 15:07:53.2353 DEBUG Успешное подключение 
Аккаунт: admin
2022-11-14 15:07:53.2353 DEBUG Попытка входа
2022-11-14 15:07:53.2353 INFO Успешный вход
2022-11-14 15:44:09.8288 DEBUG Инициализация программы
2022-11-14 15:44:09.8962 DEBUG Выполнение запроса Sql + Подключение к Базе данных
2022-11-14 15:44:10.0873 DEBUG Успешное подключение 
Аккаунт: admin
2022-11-14 15:44:10.0873 DEBUG Попытка входа
2022-11-14 15:44:10.0873 INFO Успешный вход
2022-11-14 15:44:11.0365 ERROR Ошибка System.Windows.Markup.XamlParseException: "Предоставление значения для "System.Windows.Baml2006.TypeConverterMarkupExtension" вызвало исключение.": номер строки "22" и позиция в строке "95". ---> System.FormatException:  не является допустимым значением для 'Visibility'. ---> System.ArgumentException: Требуется задать действительную информацию для разбора данной строки.
   в System.Enum.EnumResult.SetFailure(ParseFailureKind failure, String failureMessageID, Object failureMessageFormatArgument)
   в System.Enum.TryParseEnum(Type enumType, String value, Boolean ignoreCase, EnumResult& parseResult)
   в System.Enum.Parse(Type enumType, String value, Boolean ignoreCase)
   в System.ComponentModel.EnumConverter.ConvertFrom(ITypeDescriptorContext context, CultureInfo culture, Object value)
   --- Конец трассировки внутреннего стека исключений ---
   в System.ComponentModel.EnumConverter.ConvertFrom(ITypeDescriptorContext context, CultureInfo culture, Object value)
   в System.Windows.Baml2006.TypeConverterMarkupExtension.ProvideValue(IServiceProvider serviceProvider)
   в MS.Internal.Xaml.Runtime.ClrObjectRuntime.CallProvideValue(MarkupExtension me, IServiceProvider serviceProvider)
   --- Конец трассировки внутреннего стека исключений ---
   в System.Windows.Markup.WpfXamlLoader.Load(XamlReader xamlReader, IXamlObjectWriterFactory writerFactory, Boolean skipJournaledProperties, Object rootObject, XamlObjectWriterSettings settings, Uri baseUri)
   в System.Windows.Markup.WpfXamlLoader.LoadBaml(XamlReader xamlReader, Boolean skipJournaledProperties, Object rootObject, XamlAccessLevel accessLevel, Uri baseUri)
   в System.Windows.Markup.XamlReader.LoadBaml(Stream stream, ParserContext parserContext, Object parent, Boolean closeStream)
   в System.Windows.Application.LoadComponent(Object component, Uri resourceLocator)
   в Liftais.Ais.InitializeComponent() в C:\Users\Семён\Documents\GitHub\Practice_Lift1\Liftais\Liftais\Ais.xaml:строка 1
   в Liftais.Ais..ctor() в C:\Users\Семён\Documents\GitHub\Practice_Lift1\Liftais\Liftais\Ais.xaml.cs:строка 33
   в Liftais.MainWindow.SingIn_Click(Object sender, RoutedEventArgs y) в C:\Users\Семён\Documents\GitHub\Practice_Lift1\Liftais\Liftais\MainWindow.xaml.cs:строка 54
2022-11-14 15:44:31.7634 DEBUG Инициализация программы
2022-11-14 15:44:31.7634 DEBUG Выполнение запроса Sql + Подключение к Базе данных
2022-11-14 15:44:31.9537 DEBUG Успешное подключение 
Аккаунт: admin
2022-11-14 15:44:31.9537 DEBUG Попытка входа
2022-11-14 15:44:31.9537 INFO Успешный вход
2022-11-14 15:44:31.9537 ERROR Ошибка System.Windows.Markup.XamlParseException: "Предоставление значения для "System.Windows.Baml2006.TypeConverterMarkupExtension" вызвало исключение.": номер строки "22" и позиция в строке "95". ---> System.FormatException:  не является допустимым значением для 'Visibility'. ---> System.ArgumentException: Требуется задать действительную информацию для разбора данной строки.
   в System.Enum.EnumResult.SetFailure(ParseFailureKind failure, String failureMessageID, Object failureMessageFormatArgument)
   в System.Enum.TryParseEnum(Type enumType, String value, Boolean ignoreCase, EnumResult& parseResult)
   в System.Enum.Parse(Type enumType, String value, Boolean ignoreCase)
   в System.ComponentModel.EnumConverter.ConvertFrom(ITypeDescriptorContext context, CultureInfo culture, Object value)
   --- Конец трассировки внутреннего стека исключений ---
   в System.ComponentModel.EnumConverter.ConvertFrom(ITypeDescriptorContext context, CultureInfo culture, Object value)
   в System.Windows.Baml2006.TypeConverterMarkupExtension.ProvideValue(IServiceProvider serviceProvider)
   в MS.Internal.Xaml.Runtime.ClrObjectRuntime.CallProvideValue(MarkupExtension me, IServiceProvider serviceProvider)
   --- Конец трассировки внутреннего стека исключений ---
   в System.Windows.Markup.WpfXamlLoader.Load(XamlReader xamlReader, IXamlObjectWriterFactory writerFactory, Boolean skipJournaledProperties, Object rootObject, XamlObjectWriterSettings settings, Uri baseUri)
   в System.Windows.Markup.WpfXamlLoader.LoadBaml(XamlReader xamlReader, Boolean skipJournaledProperties, Object rootObject, XamlAccessLevel accessLevel, Uri baseUri)
   в System.Windows.Markup.XamlReader.LoadBaml(Stream stream, ParserContext parserContext, Object parent, Boolean closeStream)
   в System.Windows.Application.LoadComponent(Object component, Uri resourceLocator)
   в Liftais.Ais.InitializeComponent() в C:\Users\Семён\Documents\GitHub\Practice_Lift1\Liftais\Liftais\Ais.xaml:строка 1
   в Liftais.Ais..ctor() в C:\Users\Семён\Documents\GitHub\Practice_Lift1\Liftais\Liftais\Ais.xaml.cs:строка 33
   в Liftais.MainWindow.SingIn_Click(Object sender, RoutedEventArgs y) в C:\Users\Семён\Documents\GitHub\Practice_Lift1\Liftais\Liftais\MainWindow.xaml.cs:строка 54
2022-11-14 15:46:13.5483 DEBUG Инициализация программы
2022-11-14 15:46:13.6441 DEBUG Выполнение запроса Sql + Подключение к Базе данных
2022-11-14 15:46:13.8408 DEBUG Успешное подключение 
Аккаунт: admin
2022-11-14 15:46:13.8408 DEBUG Попытка входа
2022-11-14 15:46:13.8408 INFO Успешный вход
2022-11-14 15:46:13.8753 ERROR Ошибка System.Windows.Markup.XamlParseException: "Предоставление значения для "System.Windows.Baml2006.TypeConverterMarkupExtension" вызвало исключение.": номер строки "22" и позиция в строке "95". ---> System.FormatException:  не является допустимым значением для 'Visibility'. ---> System.ArgumentException: Требуется задать действительную информацию для разбора данной строки.
   в System.Enum.EnumResult.SetFailure(ParseFailureKind failure, String failureMessageID, Object failureMessageFormatArgument)
   в System.Enum.TryParseEnum(Type enumType, String value, Boolean ignoreCase, EnumResult& parseResult)
   в System.Enum.Parse(Type enumType, String value, Boolean ignoreCase)
   в System.ComponentModel.EnumConverter.ConvertFrom(ITypeDescriptorContext context, CultureInfo culture, Object value)
   --- Конец трассировки внутреннего стека исключений ---
   в System.ComponentModel.EnumConverter.ConvertFrom(ITypeDescriptorContext context, CultureInfo culture, Object value)
   в System.Windows.Baml2006.TypeConverterMarkupExtension.ProvideValue(IServiceProvider serviceProvider)
   в MS.Internal.Xaml.Runtime.ClrObjectRuntime.CallProvideValue(MarkupExtension me, IServiceProvider serviceProvider)
   --- Конец трассировки внутреннего стека исключений ---
   в System.Windows.Markup.WpfXamlLoader.Load(XamlReader xamlReader, IXamlObjectWriterFactory writerFactory, Boolean skipJournaledProperties, Object rootObject, XamlObjectWriterSettings settings, Uri baseUri)
   в System.Windows.Markup.WpfXamlLoader.LoadBaml(XamlReader xamlReader, Boolean skipJournaledProperties, Object rootObject, XamlAccessLevel accessLevel, Uri baseUri)
   в System.Windows.Markup.XamlReader.LoadBaml(Stream stream, ParserContext parserContext, Object parent, Boolean closeStream)
   в System.Windows.Application.LoadComponent(Object component, Uri resourceLocator)
   в Liftais.Ais.InitializeComponent() в C:\Users\Семён\Documents\GitHub\Practice_Lift1\Liftais\Liftais\Ais.xaml:строка 1
   в Liftais.Ais..ctor() в C:\Users\Семён\Documents\GitHub\Practice_Lift1\Liftais\Liftais\Ais.xaml.cs:строка 33
   в Liftais.MainWindow.SingIn_Click(Object sender, RoutedEventArgs y) в C:\Users\Семён\Documents\GitHub\Practice_Lift1\Liftais\Liftais\MainWindow.xaml.cs:строка 54
2022-11-14 15:48:05.1078 DEBUG Инициализация программы
2022-11-14 15:48:05.1607 DEBUG Выполнение запроса Sql + Подключение к Базе данных
2022-11-14 15:48:05.3641 DEBUG Успешное подключение 
Аккаунт: admin
2022-11-14 15:48:05.3641 DEBUG Попытка входа
2022-11-14 15:48:05.3641 INFO Успешный вход
2022-11-14 15:48:05.4080 ERROR Ошибка System.Windows.Markup.XamlParseException: "Предоставление значения для "System.Windows.Baml2006.TypeConverterMarkupExtension" вызвало исключение.": номер строки "22" и позиция в строке "95". ---> System.FormatException:  не является допустимым значением для 'Visibility'. ---> System.ArgumentException: Требуется задать действительную информацию для разбора данной строки.
   в System.Enum.EnumResult.SetFailure(ParseFailureKind failure, String failureMessageID, Object failureMessageFormatArgument)
   в System.Enum.TryParseEnum(Type enumType, String value, Boolean ignoreCase, EnumResult& parseResult)
   в System.Enum.Parse(Type enumType, String value, Boolean ignoreCase)
   в System.ComponentModel.EnumConverter.ConvertFrom(ITypeDescriptorContext context, CultureInfo culture, Object value)
   --- Конец трассировки внутреннего стека исключений ---
   в System.ComponentModel.EnumConverter.ConvertFrom(ITypeDescriptorContext context, CultureInfo culture, Object value)
   в System.Windows.Baml2006.TypeConverterMarkupExtension.ProvideValue(IServiceProvider serviceProvider)
   в MS.Internal.Xaml.Runtime.ClrObjectRuntime.CallProvideValue(MarkupExtension me, IServiceProvider serviceProvider)
   --- Конец трассировки внутреннего стека исключений ---
   в System.Windows.Markup.WpfXamlLoader.Load(XamlReader xamlReader, IXamlObjectWriterFactory writerFactory, Boolean skipJournaledProperties, Object rootObject, XamlObjectWriterSettings settings, Uri baseUri)
   в System.Windows.Markup.WpfXamlLoader.LoadBaml(XamlReader xamlReader, Boolean skipJournaledProperties, Object rootObject, XamlAccessLevel accessLevel, Uri baseUri)
   в System.Windows.Markup.XamlReader.LoadBaml(Stream stream, ParserContext parserContext, Object parent, Boolean closeStream)
   в System.Windows.Application.LoadComponent(Object component, Uri resourceLocator)
   в Liftais.Ais.InitializeComponent() в C:\Users\Семён\Documents\GitHub\Practice_Lift1\Liftais\Liftais\Ais.xaml:строка 1
   в Liftais.Ais..ctor() в C:\Users\Семён\Documents\GitHub\Practice_Lift1\Liftais\Liftais\Ais.xaml.cs:строка 33
   в Liftais.MainWindow.SingIn_Click(Object sender, RoutedEventArgs y) в C:\Users\Семён\Documents\GitHub\Practice_Lift1\Liftais\Liftais\MainWindow.xaml.cs:строка 54
2022-11-14 15:52:01.1140 DEBUG Инициализация программы
2022-11-14 15:52:01.1728 DEBUG Выполнение запроса Sql + Подключение к Базе данных
2022-11-14 15:52:01.3623 DEBUG Успешное подключение 
Аккаунт: admin
2022-11-14 15:52:01.3623 DEBUG Попытка входа
2022-11-14 15:52:01.3623 INFO Успешный вход
2022-11-14 15:55:07.6829 DEBUG Инициализация программы
2022-11-14 15:55:07.7398 DEBUG Выполнение запроса Sql + Подключение к Базе данных
2022-11-14 15:55:07.9321 DEBUG Успешное подключение 
Аккаунт: admin
2022-11-14 15:55:07.9321 DEBUG Попытка входа
2022-11-14 15:55:07.9321 INFO Успешный вход
2022-11-14 15:55:23.6208 ERROR Ошибка MySql.Data.MySqlClient.MySqlException (0x80004005): Fatal error encountered during command execution. ---> MySql.Data.MySqlClient.MySqlException (0x80004005): Parameter '@del' must be defined.
   в MySql.Data.MySqlClient.Statement.SerializeParameter(MySqlParameterCollection parameters, MySqlPacket packet, String parmName, Int32 parameterIndex)
   в MySql.Data.MySqlClient.Statement.InternalBindParameters(String sql, MySqlParameterCollection parameters, MySqlPacket packet)
   в MySql.Data.MySqlClient.Statement.BindParameters()
   в MySql.Data.MySqlClient.PreparableStatement.Execute()
   в MySql.Data.MySqlClient.MySqlCommand.ExecuteReader(CommandBehavior behavior)
   в MySql.Data.MySqlClient.MySqlCommand.ExecuteReader(CommandBehavior behavior)
   в MySql.Data.MySqlClient.MySqlCommand.ExecuteDbDataReader(CommandBehavior behavior)
   в System.Data.Common.DbCommand.System.Data.IDbCommand.ExecuteReader(CommandBehavior behavior)
   в System.Data.Common.DbDataAdapter.FillInternal(DataSet dataset, DataTable[] datatables, Int32 startRecord, Int32 maxRecords, String srcTable, IDbCommand command, CommandBehavior behavior)
   в System.Data.Common.DbDataAdapter.Fill(DataTable[] dataTables, Int32 startRecord, Int32 maxRecords, IDbCommand command, CommandBehavior behavior)
   в System.Data.Common.DbDataAdapter.Fill(DataTable dataTable)
   в Liftais.Ais.Button_Click(Object sender, RoutedEventArgs e) в C:\Users\Семён\Documents\GitHub\Practice_Lift1\Liftais\Liftais\Ais.xaml.cs:строка 492
   в System.Windows.RoutedEventHandlerInfo.InvokeHandler(Object target, RoutedEventArgs routedEventArgs)
   в System.Windows.EventRoute.InvokeHandlersImpl(Object source, RoutedEventArgs args, Boolean reRaised)
   в System.Windows.UIElement.RaiseEventImpl(DependencyObject sender, RoutedEventArgs args)
   в System.Windows.UIElement.RaiseEvent(RoutedEventArgs e)
   в System.Windows.Controls.Primitives.ButtonBase.OnClick()
   в System.Windows.Controls.Button.OnClick()
   в System.Windows.Controls.Primitives.ButtonBase.OnMouseLeftButtonUp(MouseButtonEventArgs e)
   в System.Windows.UIElement.OnMouseLeftButtonUpThunk(Object sender, MouseButtonEventArgs e)
   в System.Windows.Input.MouseButtonEventArgs.InvokeEventHandler(Delegate genericHandler, Object genericTarget)
   в System.Windows.RoutedEventArgs.InvokeHandler(Delegate handler, Object target)
   в System.Windows.RoutedEventHandlerInfo.InvokeHandler(Object target, RoutedEventArgs routedEventArgs)
   в System.Windows.EventRoute.InvokeHandlersImpl(Object source, RoutedEventArgs args, Boolean reRaised)
   в System.Windows.UIElement.ReRaiseEventAs(DependencyObject sender, RoutedEventArgs args, RoutedEvent newEvent)
   в System.Windows.UIElement.OnMouseUpThunk(Object sender, MouseButtonEventArgs e)
   в System.Windows.Input.MouseButtonEventArgs.InvokeEventHandler(Delegate genericHandler, Object genericTarget)
   в System.Windows.RoutedEventArgs.InvokeHandler(Delegate handler, Object target)
   в System.Windows.RoutedEventHandlerInfo.InvokeHandler(Object target, RoutedEventArgs routedEventArgs)
   в System.Windows.EventRoute.InvokeHandlersImpl(Object source, RoutedEventArgs args, Boolean reRaised)
   в System.Windows.UIElement.RaiseEventImpl(DependencyObject sender, RoutedEventArgs args)
   в System.Windows.UIElement.RaiseTrustedEvent(RoutedEventArgs args)
   в System.Windows.UIElement.RaiseEvent(RoutedEventArgs args, Boolean trusted)
   в System.Windows.Input.InputManager.ProcessStagingArea()
   в System.Windows.Input.InputManager.ProcessInput(InputEventArgs input)
   в System.Windows.Input.InputProviderSite.ReportInput(InputReport inputReport)
   в System.Windows.Interop.HwndMouseInputProvider.ReportInput(IntPtr hwnd, InputMode mode, Int32 timestamp, RawMouseActions actions, Int32 x, Int32 y, Int32 wheel)
   в System.Windows.Interop.HwndMouseInputProvider.FilterMessage(IntPtr hwnd, WindowMessage msg, IntPtr wParam, IntPtr lParam, Boolean& handled)
   в System.Windows.Interop.HwndSource.InputFilterMessage(IntPtr hwnd, Int32 msg, IntPtr wParam, IntPtr lParam, Boolean& handled)
   в MS.Win32.HwndWrapper.WndProc(IntPtr hwnd, Int32 msg, IntPtr wParam, IntPtr lParam, Boolean& handled)
   в MS.Win32.HwndSubclass.DispatcherCallbackOperation(Object o)
   в System.Windows.Threading.ExceptionWrapper.InternalRealCall(Delegate callback, Object args, Int32 numArgs)
   в System.Windows.Threading.ExceptionWrapper.TryCatchWhen(Object source, Delegate callback, Object args, Int32 numArgs, Delegate catchHandler)
   в System.Windows.Threading.Dispatcher.LegacyInvokeImpl(DispatcherPriority priority, TimeSpan timeout, Delegate method, Object args, Int32 numArgs)
   в MS.Win32.HwndSubclass.SubclassWndProc(IntPtr hwnd, Int32 msg, IntPtr wParam, IntPtr lParam)
   в MS.Win32.UnsafeNativeMethods.DispatchMessage(MSG& msg)
   в System.Windows.Threading.Dispatcher.PushFrameImpl(DispatcherFrame frame)
   в System.Windows.Threading.Dispatcher.PushFrame(DispatcherFrame frame)
   в System.Windows.Window.ShowHelper(Object booleanBox)
   в System.Windows.Window.Show()
   в System.Windows.Window.ShowDialog()
   в Liftais.MainWindow.SingIn_Click(Object sender, RoutedEventArgs y) в C:\Users\Семён\Documents\GitHub\Practice_Lift1\Liftais\Liftais\MainWindow.xaml.cs:строка 56
2022-11-14 15:59:20.6716 DEBUG Инициализация программы
2022-11-14 15:59:20.7285 DEBUG Выполнение запроса Sql + Подключение к Базе данных
2022-11-14 15:59:20.9214 DEBUG Успешное подключение 
Аккаунт: admin
2022-11-14 15:59:20.9214 DEBUG Попытка входа
2022-11-14 15:59:20.9214 INFO Успешный вход
2022-11-14 15:59:27.2168 ERROR Ошибка System.ArgumentOutOfRangeException: Индекс за пределами диапазона. Индекс должен быть положительным числом, а его размер не должен превышать размер коллекции.
Имя параметра: index
   в System.ThrowHelper.ThrowArgumentOutOfRangeException(ExceptionArgument argument, ExceptionResource resource)
   в System.Collections.Generic.List`1.get_Item(Int32 index)
   в Liftais.Ais.Button_Click(Object sender, RoutedEventArgs e) в C:\Users\Семён\Documents\GitHub\Practice_Lift1\Liftais\Liftais\Ais.xaml.cs:строка 496
   в System.Windows.RoutedEventHandlerInfo.InvokeHandler(Object target, RoutedEventArgs routedEventArgs)
   в System.Windows.EventRoute.InvokeHandlersImpl(Object source, RoutedEventArgs args, Boolean reRaised)
   в System.Windows.UIElement.RaiseEventImpl(DependencyObject sender, RoutedEventArgs args)
   в System.Windows.UIElement.RaiseEvent(RoutedEventArgs e)
   в System.Windows.Controls.Primitives.ButtonBase.OnClick()
   в System.Windows.Controls.Button.OnClick()
   в System.Windows.Controls.Primitives.ButtonBase.OnMouseLeftButtonUp(MouseButtonEventArgs e)
   в System.Windows.UIElement.OnMouseLeftButtonUpThunk(Object sender, MouseButtonEventArgs e)
   в System.Windows.Input.MouseButtonEventArgs.InvokeEventHandler(Delegate genericHandler, Object genericTarget)
   в System.Windows.RoutedEventArgs.InvokeHandler(Delegate handler, Object target)
   в System.Windows.RoutedEventHandlerInfo.InvokeHandler(Object target, RoutedEventArgs routedEventArgs)
   в System.Windows.EventRoute.InvokeHandlersImpl(Object source, RoutedEventArgs args, Boolean reRaised)
   в System.Windows.UIElement.ReRaiseEventAs(DependencyObject sender, RoutedEventArgs args, RoutedEvent newEvent)
   в System.Windows.UIElement.OnMouseUpThunk(Object sender, MouseButtonEventArgs e)
   в System.Windows.Input.MouseButtonEventArgs.InvokeEventHandler(Delegate genericHandler, Object genericTarget)
   в System.Windows.RoutedEventArgs.InvokeHandler(Delegate handler, Object target)
   в System.Windows.RoutedEventHandlerInfo.InvokeHandler(Object target, RoutedEventArgs routedEventArgs)
   в System.Windows.EventRoute.InvokeHandlersImpl(Object source, RoutedEventArgs args, Boolean reRaised)
   в System.Windows.UIElement.RaiseEventImpl(DependencyObject sender, RoutedEventArgs args)
   в System.Windows.UIElement.RaiseTrustedEvent(RoutedEventArgs args)
   в System.Windows.UIElement.RaiseEvent(RoutedEventArgs args, Boolean trusted)
   в System.Windows.Input.InputManager.ProcessStagingArea()
   в System.Windows.Input.InputManager.ProcessInput(InputEventArgs input)
   в System.Windows.Input.InputProviderSite.ReportInput(InputReport inputReport)
   в System.Windows.Interop.HwndMouseInputProvider.ReportInput(IntPtr hwnd, InputMode mode, Int32 timestamp, RawMouseActions actions, Int32 x, Int32 y, Int32 wheel)
   в System.Windows.Interop.HwndMouseInputProvider.FilterMessage(IntPtr hwnd, WindowMessage msg, IntPtr wParam, IntPtr lParam, Boolean& handled)
   в System.Windows.Interop.HwndSource.InputFilterMessage(IntPtr hwnd, Int32 msg, IntPtr wParam, IntPtr lParam, Boolean& handled)
   в MS.Win32.HwndWrapper.WndProc(IntPtr hwnd, Int32 msg, IntPtr wParam, IntPtr lParam, Boolean& handled)
   в MS.Win32.HwndSubclass.DispatcherCallbackOperation(Object o)
   в System.Windows.Threading.ExceptionWrapper.InternalRealCall(Delegate callback, Object args, Int32 numArgs)
   в System.Windows.Threading.ExceptionWrapper.TryCatchWhen(Object source, Delegate callback, Object args, Int32 numArgs, Delegate catchHandler)
   в System.Windows.Threading.Dispatcher.LegacyInvokeImpl(DispatcherPriority priority, TimeSpan timeout, Delegate method, Object args, Int32 numArgs)
   в MS.Win32.HwndSubclass.SubclassWndProc(IntPtr hwnd, Int32 msg, IntPtr wParam, IntPtr lParam)
   в MS.Win32.UnsafeNativeMethods.DispatchMessage(MSG& msg)
   в System.Windows.Threading.Dispatcher.PushFrameImpl(DispatcherFrame frame)
   в System.Windows.Threading.Dispatcher.PushFrame(DispatcherFrame frame)
   в System.Windows.Window.ShowHelper(Object booleanBox)
   в System.Windows.Window.Show()
   в System.Windows.Window.ShowDialog()
   в Liftais.MainWindow.SingIn_Click(Object sender, RoutedEventArgs y) в C:\Users\Семён\Documents\GitHub\Practice_Lift1\Liftais\Liftais\MainWindow.xaml.cs:строка 56
2022-11-14 16:00:25.3700 DEBUG Инициализация программы
2022-11-14 16:00:25.4478 DEBUG Выполнение запроса Sql + Подключение к Базе данных
2022-11-14 16:00:25.6383 DEBUG Успешное подключение 
Аккаунт: admin
2022-11-14 16:00:25.6383 DEBUG Попытка входа
2022-11-14 16:00:25.6383 INFO Успешный вход
2022-11-14 16:00:30.4567 ERROR Ошибка System.ArgumentOutOfRangeException: Индекс за пределами диапазона. Индекс должен быть положительным числом, а его размер не должен превышать размер коллекции.
Имя параметра: index
   в System.ThrowHelper.ThrowArgumentOutOfRangeException(ExceptionArgument argument, ExceptionResource resource)
   в System.Collections.Generic.List`1.get_Item(Int32 index)
   в Liftais.Ais.Button_Click(Object sender, RoutedEventArgs e) в C:\Users\Семён\Documents\GitHub\Practice_Lift1\Liftais\Liftais\Ais.xaml.cs:строка 496
   в System.Windows.RoutedEventHandlerInfo.InvokeHandler(Object target, RoutedEventArgs routedEventArgs)
   в System.Windows.EventRoute.InvokeHandlersImpl(Object source, RoutedEventArgs args, Boolean reRaised)
   в System.Windows.UIElement.RaiseEventImpl(DependencyObject sender, RoutedEventArgs args)
   в System.Windows.UIElement.RaiseEvent(RoutedEventArgs e)
   в System.Windows.Controls.Primitives.ButtonBase.OnClick()
   в System.Windows.Controls.Button.OnClick()
   в System.Windows.Controls.Primitives.ButtonBase.OnMouseLeftButtonUp(MouseButtonEventArgs e)
   в System.Windows.UIElement.OnMouseLeftButtonUpThunk(Object sender, MouseButtonEventArgs e)
   в System.Windows.Input.MouseButtonEventArgs.InvokeEventHandler(Delegate genericHandler, Object genericTarget)
   в System.Windows.RoutedEventArgs.InvokeHandler(Delegate handler, Object target)
   в System.Windows.RoutedEventHandlerInfo.InvokeHandler(Object target, RoutedEventArgs routedEventArgs)
   в System.Windows.EventRoute.InvokeHandlersImpl(Object source, RoutedEventArgs args, Boolean reRaised)
   в System.Windows.UIElement.ReRaiseEventAs(DependencyObject sender, RoutedEventArgs args, RoutedEvent newEvent)
   в System.Windows.UIElement.OnMouseUpThunk(Object sender, MouseButtonEventArgs e)
   в System.Windows.Input.MouseButtonEventArgs.InvokeEventHandler(Delegate genericHandler, Object genericTarget)
   в System.Windows.RoutedEventArgs.InvokeHandler(Delegate handler, Object target)
   в System.Windows.RoutedEventHandlerInfo.InvokeHandler(Object target, RoutedEventArgs routedEventArgs)
   в System.Windows.EventRoute.InvokeHandlersImpl(Object source, RoutedEventArgs args, Boolean reRaised)
   в System.Windows.UIElement.RaiseEventImpl(DependencyObject sender, RoutedEventArgs args)
   в System.Windows.UIElement.RaiseTrustedEvent(RoutedEventArgs args)
   в System.Windows.UIElement.RaiseEvent(RoutedEventArgs args, Boolean trusted)
   в System.Windows.Input.InputManager.ProcessStagingArea()
   в System.Windows.Input.InputManager.ProcessInput(InputEventArgs input)
   в System.Windows.Input.InputProviderSite.ReportInput(InputReport inputReport)
   в System.Windows.Interop.HwndMouseInputProvider.ReportInput(IntPtr hwnd, InputMode mode, Int32 timestamp, RawMouseActions actions, Int32 x, Int32 y, Int32 wheel)
   в System.Windows.Interop.HwndMouseInputProvider.FilterMessage(IntPtr hwnd, WindowMessage msg, IntPtr wParam, IntPtr lParam, Boolean& handled)
   в System.Windows.Interop.HwndSource.InputFilterMessage(IntPtr hwnd, Int32 msg, IntPtr wParam, IntPtr lParam, Boolean& handled)
   в MS.Win32.HwndWrapper.WndProc(IntPtr hwnd, Int32 msg, IntPtr wParam, IntPtr lParam, Boolean& handled)
   в MS.Win32.HwndSubclass.DispatcherCallbackOperation(Object o)
   в System.Windows.Threading.ExceptionWrapper.InternalRealCall(Delegate callback, Object args, Int32 numArgs)
   в System.Windows.Threading.ExceptionWrapper.TryCatchWhen(Object source, Delegate callback, Object args, Int32 numArgs, Delegate catchHandler)
   в System.Windows.Threading.Dispatcher.LegacyInvokeImpl(DispatcherPriority priority, TimeSpan timeout, Delegate method, Object args, Int32 numArgs)
   в MS.Win32.HwndSubclass.SubclassWndProc(IntPtr hwnd, Int32 msg, IntPtr wParam, IntPtr lParam)
   в MS.Win32.UnsafeNativeMethods.DispatchMessage(MSG& msg)
   в System.Windows.Threading.Dispatcher.PushFrameImpl(DispatcherFrame frame)
   в System.Windows.Threading.Dispatcher.PushFrame(DispatcherFrame frame)
   в System.Windows.Window.ShowHelper(Object booleanBox)
   в System.Windows.Window.Show()
   в System.Windows.Window.ShowDialog()
   в Liftais.MainWindow.SingIn_Click(Object sender, RoutedEventArgs y) в C:\Users\Семён\Documents\GitHub\Practice_Lift1\Liftais\Liftais\MainWindow.xaml.cs:строка 56
2022-11-14 16:06:19.2803 DEBUG Инициализация программы
2022-11-14 16:06:19.3332 DEBUG Выполнение запроса Sql + Подключение к Базе данных
2022-11-14 16:06:19.5104 DEBUG Успешное подключение 
Аккаунт: admin
2022-11-14 16:06:19.5104 DEBUG Попытка входа
2022-11-14 16:06:19.5104 INFO Успешный вход
2022-11-14 16:06:25.0907 ERROR Ошибка MySql.Data.MySqlClient.MySqlException (0x80004005): Fatal error encountered during command execution. ---> MySql.Data.MySqlClient.MySqlException (0x80004005): Parameter '@del' must be defined.
   в MySql.Data.MySqlClient.Statement.SerializeParameter(MySqlParameterCollection parameters, MySqlPacket packet, String parmName, Int32 parameterIndex)
   в MySql.Data.MySqlClient.Statement.InternalBindParameters(String sql, MySqlParameterCollection parameters, MySqlPacket packet)
   в MySql.Data.MySqlClient.Statement.BindParameters()
   в MySql.Data.MySqlClient.PreparableStatement.Execute()
   в MySql.Data.MySqlClient.MySqlCommand.ExecuteReader(CommandBehavior behavior)
   в MySql.Data.MySqlClient.MySqlCommand.ExecuteReader(CommandBehavior behavior)
   в MySql.Data.MySqlClient.MySqlCommand.ExecuteDbDataReader(CommandBehavior behavior)
   в System.Data.Common.DbCommand.System.Data.IDbCommand.ExecuteReader(CommandBehavior behavior)
   в System.Data.Common.DbDataAdapter.FillInternal(DataSet dataset, DataTable[] datatables, Int32 startRecord, Int32 maxRecords, String srcTable, IDbCommand command, CommandBehavior behavior)
   в System.Data.Common.DbDataAdapter.Fill(DataTable[] dataTables, Int32 startRecord, Int32 maxRecords, IDbCommand command, CommandBehavior behavior)
   в System.Data.Common.DbDataAdapter.Fill(DataTable dataTable)
   в Liftais.Ais.Button_Click(Object sender, RoutedEventArgs e) в C:\Users\Семён\Documents\GitHub\Practice_Lift1\Liftais\Liftais\Ais.xaml.cs:строка 493
   в System.Windows.RoutedEventHandlerInfo.InvokeHandler(Object target, RoutedEventArgs routedEventArgs)
   в System.Windows.EventRoute.InvokeHandlersImpl(Object source, RoutedEventArgs args, Boolean reRaised)
   в System.Windows.UIElement.RaiseEventImpl(DependencyObject sender, RoutedEventArgs args)
   в System.Windows.UIElement.RaiseEvent(RoutedEventArgs e)
   в System.Windows.Controls.Primitives.ButtonBase.OnClick()
   в System.Windows.Controls.Button.OnClick()
   в System.Windows.Controls.Primitives.ButtonBase.OnMouseLeftButtonUp(MouseButtonEventArgs e)
   в System.Windows.UIElement.OnMouseLeftButtonUpThunk(Object sender, MouseButtonEventArgs e)
   в System.Windows.Input.MouseButtonEventArgs.InvokeEventHandler(Delegate genericHandler, Object genericTarget)
   в System.Windows.RoutedEventArgs.InvokeHandler(Delegate handler, Object target)
   в System.Windows.RoutedEventHandlerInfo.InvokeHandler(Object target, RoutedEventArgs routedEventArgs)
   в System.Windows.EventRoute.InvokeHandlersImpl(Object source, RoutedEventArgs args, Boolean reRaised)
   в System.Windows.UIElement.ReRaiseEventAs(DependencyObject sender, RoutedEventArgs args, RoutedEvent newEvent)
   в System.Windows.UIElement.OnMouseUpThunk(Object sender, MouseButtonEventArgs e)
   в System.Windows.Input.MouseButtonEventArgs.InvokeEventHandler(Delegate genericHandler, Object genericTarget)
   в System.Windows.RoutedEventArgs.InvokeHandler(Delegate handler, Object target)
   в System.Windows.RoutedEventHandlerInfo.InvokeHandler(Object target, RoutedEventArgs routedEventArgs)
   в System.Windows.EventRoute.InvokeHandlersImpl(Object source, RoutedEventArgs args, Boolean reRaised)
   в System.Windows.UIElement.RaiseEventImpl(DependencyObject sender, RoutedEventArgs args)
   в System.Windows.UIElement.RaiseTrustedEvent(RoutedEventArgs args)
   в System.Windows.UIElement.RaiseEvent(RoutedEventArgs args, Boolean trusted)
   в System.Windows.Input.InputManager.ProcessStagingArea()
   в System.Windows.Input.InputManager.ProcessInput(InputEventArgs input)
   в System.Windows.Input.InputProviderSite.ReportInput(InputReport inputReport)
   в System.Windows.Interop.HwndMouseInputProvider.ReportInput(IntPtr hwnd, InputMode mode, Int32 timestamp, RawMouseActions actions, Int32 x, Int32 y, Int32 wheel)
   в System.Windows.Interop.HwndMouseInputProvider.FilterMessage(IntPtr hwnd, WindowMessage msg, IntPtr wParam, IntPtr lParam, Boolean& handled)
   в System.Windows.Interop.HwndSource.InputFilterMessage(IntPtr hwnd, Int32 msg, IntPtr wParam, IntPtr lParam, Boolean& handled)
   в MS.Win32.HwndWrapper.WndProc(IntPtr hwnd, Int32 msg, IntPtr wParam, IntPtr lParam, Boolean& handled)
   в MS.Win32.HwndSubclass.DispatcherCallbackOperation(Object o)
   в System.Windows.Threading.ExceptionWrapper.InternalRealCall(Delegate callback, Object args, Int32 numArgs)
   в System.Windows.Threading.ExceptionWrapper.TryCatchWhen(Object source, Delegate callback, Object args, Int32 numArgs, Delegate catchHandler)
   в System.Windows.Threading.Dispatcher.LegacyInvokeImpl(DispatcherPriority priority, TimeSpan timeout, Delegate method, Object args, Int32 numArgs)
   в MS.Win32.HwndSubclass.SubclassWndProc(IntPtr hwnd, Int32 msg, IntPtr wParam, IntPtr lParam)
   в MS.Win32.UnsafeNativeMethods.DispatchMessage(MSG& msg)
   в System.Windows.Threading.Dispatcher.PushFrameImpl(DispatcherFrame frame)
   в System.Windows.Threading.Dispatcher.PushFrame(DispatcherFrame frame)
   в System.Windows.Window.ShowHelper(Object booleanBox)
   в System.Windows.Window.Show()
   в System.Windows.Window.ShowDialog()
   в Liftais.MainWindow.SingIn_Click(Object sender, RoutedEventArgs y) в C:\Users\Семён\Documents\GitHub\Practice_Lift1\Liftais\Liftais\MainWindow.xaml.cs:строка 56
2022-11-14 16:08:00.2643 DEBUG Инициализация программы
2022-11-14 16:08:00.3172 DEBUG Выполнение запроса Sql + Подключение к Базе данных
2022-11-14 16:08:00.4927 DEBUG Успешное подключение 
Аккаунт: admin
2022-11-14 16:08:00.4927 DEBUG Попытка входа
2022-11-14 16:08:00.4927 INFO Успешный вход
2022-11-14 16:08:05.3226 ERROR Ошибка MySql.Data.MySqlClient.MySqlException (0x80004005): Fatal error encountered during command execution. ---> MySql.Data.MySqlClient.MySqlException (0x80004005): Parameter '@del' must be defined.
   в MySql.Data.MySqlClient.Statement.SerializeParameter(MySqlParameterCollection parameters, MySqlPacket packet, String parmName, Int32 parameterIndex)
   в MySql.Data.MySqlClient.Statement.InternalBindParameters(String sql, MySqlParameterCollection parameters, MySqlPacket packet)
   в MySql.Data.MySqlClient.Statement.BindParameters()
   в MySql.Data.MySqlClient.PreparableStatement.Execute()
   в MySql.Data.MySqlClient.MySqlCommand.ExecuteReader(CommandBehavior behavior)
   в MySql.Data.MySqlClient.MySqlCommand.ExecuteReader(CommandBehavior behavior)
   в MySql.Data.MySqlClient.MySqlCommand.ExecuteDbDataReader(CommandBehavior behavior)
   в System.Data.Common.DbCommand.System.Data.IDbCommand.ExecuteReader(CommandBehavior behavior)
   в System.Data.Common.DbDataAdapter.FillInternal(DataSet dataset, DataTable[] datatables, Int32 startRecord, Int32 maxRecords, String srcTable, IDbCommand command, CommandBehavior behavior)
   в System.Data.Common.DbDataAdapter.Fill(DataTable[] dataTables, Int32 startRecord, Int32 maxRecords, IDbCommand command, CommandBehavior behavior)
   в System.Data.Common.DbDataAdapter.Fill(DataTable dataTable)
   в Liftais.Ais.Button_Click(Object sender, RoutedEventArgs e) в C:\Users\Семён\Documents\GitHub\Practice_Lift1\Liftais\Liftais\Ais.xaml.cs:строка 493
   в System.Windows.RoutedEventHandlerInfo.InvokeHandler(Object target, RoutedEventArgs routedEventArgs)
   в System.Windows.EventRoute.InvokeHandlersImpl(Object source, RoutedEventArgs args, Boolean reRaised)
   в System.Windows.UIElement.RaiseEventImpl(DependencyObject sender, RoutedEventArgs args)
   в System.Windows.UIElement.RaiseEvent(RoutedEventArgs e)
   в System.Windows.Controls.Primitives.ButtonBase.OnClick()
   в System.Windows.Controls.Button.OnClick()
   в System.Windows.Controls.Primitives.ButtonBase.OnMouseLeftButtonUp(MouseButtonEventArgs e)
   в System.Windows.UIElement.OnMouseLeftButtonUpThunk(Object sender, MouseButtonEventArgs e)
   в System.Windows.Input.MouseButtonEventArgs.InvokeEventHandler(Delegate genericHandler, Object genericTarget)
   в System.Windows.RoutedEventArgs.InvokeHandler(Delegate handler, Object target)
   в System.Windows.RoutedEventHandlerInfo.InvokeHandler(Object target, RoutedEventArgs routedEventArgs)
   в System.Windows.EventRoute.InvokeHandlersImpl(Object source, RoutedEventArgs args, Boolean reRaised)
   в System.Windows.UIElement.ReRaiseEventAs(DependencyObject sender, RoutedEventArgs args, RoutedEvent newEvent)
   в System.Windows.UIElement.OnMouseUpThunk(Object sender, MouseButtonEventArgs e)
   в System.Windows.Input.MouseButtonEventArgs.InvokeEventHandler(Delegate genericHandler, Object genericTarget)
   в System.Windows.RoutedEventArgs.InvokeHandler(Delegate handler, Object target)
   в System.Windows.RoutedEventHandlerInfo.InvokeHandler(Object target, RoutedEventArgs routedEventArgs)
   в System.Windows.EventRoute.InvokeHandlersImpl(Object source, RoutedEventArgs args, Boolean reRaised)
   в System.Windows.UIElement.RaiseEventImpl(DependencyObject sender, RoutedEventArgs args)
   в System.Windows.UIElement.RaiseTrustedEvent(RoutedEventArgs args)
   в System.Windows.UIElement.RaiseEvent(RoutedEventArgs args, Boolean trusted)
   в System.Windows.Input.InputManager.ProcessStagingArea()
   в System.Windows.Input.InputManager.ProcessInput(InputEventArgs input)
   в System.Windows.Input.InputProviderSite.ReportInput(InputReport inputReport)
   в System.Windows.Interop.HwndMouseInputProvider.ReportInput(IntPtr hwnd, InputMode mode, Int32 timestamp, RawMouseActions actions, Int32 x, Int32 y, Int32 wheel)
   в System.Windows.Interop.HwndMouseInputProvider.FilterMessage(IntPtr hwnd, WindowMessage msg, IntPtr wParam, IntPtr lParam, Boolean& handled)
   в System.Windows.Interop.HwndSource.InputFilterMessage(IntPtr hwnd, Int32 msg, IntPtr wParam, IntPtr lParam, Boolean& handled)
   в MS.Win32.HwndWrapper.WndProc(IntPtr hwnd, Int32 msg, IntPtr wParam, IntPtr lParam, Boolean& handled)
   в MS.Win32.HwndSubclass.DispatcherCallbackOperation(Object o)
   в System.Windows.Threading.ExceptionWrapper.InternalRealCall(Delegate callback, Object args, Int32 numArgs)
   в System.Windows.Threading.ExceptionWrapper.TryCatchWhen(Object source, Delegate callback, Object args, Int32 numArgs, Delegate catchHandler)
   в System.Windows.Threading.Dispatcher.LegacyInvokeImpl(DispatcherPriority priority, TimeSpan timeout, Delegate method, Object args, Int32 numArgs)
   в MS.Win32.HwndSubclass.SubclassWndProc(IntPtr hwnd, Int32 msg, IntPtr wParam, IntPtr lParam)
   в MS.Win32.UnsafeNativeMethods.DispatchMessage(MSG& msg)
   в System.Windows.Threading.Dispatcher.PushFrameImpl(DispatcherFrame frame)
   в System.Windows.Threading.Dispatcher.PushFrame(DispatcherFrame frame)
   в System.Windows.Window.ShowHelper(Object booleanBox)
   в System.Windows.Window.Show()
   в System.Windows.Window.ShowDialog()
   в Liftais.MainWindow.SingIn_Click(Object sender, RoutedEventArgs y) в C:\Users\Семён\Documents\GitHub\Practice_Lift1\Liftais\Liftais\MainWindow.xaml.cs:строка 56
2022-11-14 16:09:16.2569 DEBUG Инициализация программы
2022-11-14 16:09:16.3097 DEBUG Выполнение запроса Sql + Подключение к Базе данных
2022-11-14 16:09:16.4843 DEBUG Успешное подключение 
Аккаунт: admin
2022-11-14 16:09:16.4843 DEBUG Попытка входа
2022-11-14 16:09:16.4843 INFO Успешный вход
2022-11-14 16:09:22.3929 ERROR Ошибка MySql.Data.MySqlClient.MySqlException (0x80004005): Fatal error encountered during command execution. ---> MySql.Data.MySqlClient.MySqlException (0x80004005): Parameter '@del' must be defined.
   в MySql.Data.MySqlClient.Statement.SerializeParameter(MySqlParameterCollection parameters, MySqlPacket packet, String parmName, Int32 parameterIndex)
   в MySql.Data.MySqlClient.Statement.InternalBindParameters(String sql, MySqlParameterCollection parameters, MySqlPacket packet)
   в MySql.Data.MySqlClient.Statement.BindParameters()
   в MySql.Data.MySqlClient.PreparableStatement.Execute()
   в MySql.Data.MySqlClient.MySqlCommand.ExecuteReader(CommandBehavior behavior)
   в MySql.Data.MySqlClient.MySqlCommand.ExecuteReader(CommandBehavior behavior)
   в MySql.Data.MySqlClient.MySqlCommand.ExecuteNonQuery()
   в Liftais.Ais.Button_Click(Object sender, RoutedEventArgs e) в C:\Users\Семён\Documents\GitHub\Practice_Lift1\Liftais\Liftais\Ais.xaml.cs:строка 490
   в System.Windows.RoutedEventHandlerInfo.InvokeHandler(Object target, RoutedEventArgs routedEventArgs)
   в System.Windows.EventRoute.InvokeHandlersImpl(Object source, RoutedEventArgs args, Boolean reRaised)
   в System.Windows.UIElement.RaiseEventImpl(DependencyObject sender, RoutedEventArgs args)
   в System.Windows.UIElement.RaiseEvent(RoutedEventArgs e)
   в System.Windows.Controls.Primitives.ButtonBase.OnClick()
   в System.Windows.Controls.Button.OnClick()
   в System.Windows.Controls.Primitives.ButtonBase.OnMouseLeftButtonUp(MouseButtonEventArgs e)
   в System.Windows.UIElement.OnMouseLeftButtonUpThunk(Object sender, MouseButtonEventArgs e)
   в System.Windows.Input.MouseButtonEventArgs.InvokeEventHandler(Delegate genericHandler, Object genericTarget)
   в System.Windows.RoutedEventArgs.InvokeHandler(Delegate handler, Object target)
   в System.Windows.RoutedEventHandlerInfo.InvokeHandler(Object target, RoutedEventArgs routedEventArgs)
   в System.Windows.EventRoute.InvokeHandlersImpl(Object source, RoutedEventArgs args, Boolean reRaised)
   в System.Windows.UIElement.ReRaiseEventAs(DependencyObject sender, RoutedEventArgs args, RoutedEvent newEvent)
   в System.Windows.UIElement.OnMouseUpThunk(Object sender, MouseButtonEventArgs e)
   в System.Windows.Input.MouseButtonEventArgs.InvokeEventHandler(Delegate genericHandler, Object genericTarget)
   в System.Windows.RoutedEventArgs.InvokeHandler(Delegate handler, Object target)
   в System.Windows.RoutedEventHandlerInfo.InvokeHandler(Object target, RoutedEventArgs routedEventArgs)
   в System.Windows.EventRoute.InvokeHandlersImpl(Object source, RoutedEventArgs args, Boolean reRaised)
   в System.Windows.UIElement.RaiseEventImpl(DependencyObject sender, RoutedEventArgs args)
   в System.Windows.UIElement.RaiseTrustedEvent(RoutedEventArgs args)
   в System.Windows.UIElement.RaiseEvent(RoutedEventArgs args, Boolean trusted)
   в System.Windows.Input.InputManager.ProcessStagingArea()
   в System.Windows.Input.InputManager.ProcessInput(InputEventArgs input)
   в System.Windows.Input.InputProviderSite.ReportInput(InputReport inputReport)
   в System.Windows.Interop.HwndMouseInputProvider.ReportInput(IntPtr hwnd, InputMode mode, Int32 timestamp, RawMouseActions actions, Int32 x, Int32 y, Int32 wheel)
   в System.Windows.Interop.HwndMouseInputProvider.FilterMessage(IntPtr hwnd, WindowMessage msg, IntPtr wParam, IntPtr lParam, Boolean& handled)
   в System.Windows.Interop.HwndSource.InputFilterMessage(IntPtr hwnd, Int32 msg, IntPtr wParam, IntPtr lParam, Boolean& handled)
   в MS.Win32.HwndWrapper.WndProc(IntPtr hwnd, Int32 msg, IntPtr wParam, IntPtr lParam, Boolean& handled)
   в MS.Win32.HwndSubclass.DispatcherCallbackOperation(Object o)
   в System.Windows.Threading.ExceptionWrapper.InternalRealCall(Delegate callback, Object args, Int32 numArgs)
   в System.Windows.Threading.ExceptionWrapper.TryCatchWhen(Object source, Delegate callback, Object args, Int32 numArgs, Delegate catchHandler)
   в System.Windows.Threading.Dispatcher.LegacyInvokeImpl(DispatcherPriority priority, TimeSpan timeout, Delegate method, Object args, Int32 numArgs)
   в MS.Win32.HwndSubclass.SubclassWndProc(IntPtr hwnd, Int32 msg, IntPtr wParam, IntPtr lParam)
   в MS.Win32.UnsafeNativeMethods.DispatchMessage(MSG& msg)
   в System.Windows.Threading.Dispatcher.PushFrameImpl(DispatcherFrame frame)
   в System.Windows.Threading.Dispatcher.PushFrame(DispatcherFrame frame)
   в System.Windows.Window.ShowHelper(Object booleanBox)
   в System.Windows.Window.Show()
   в System.Windows.Window.ShowDialog()
   в Liftais.MainWindow.SingIn_Click(Object sender, RoutedEventArgs y) в C:\Users\Семён\Documents\GitHub\Practice_Lift1\Liftais\Liftais\MainWindow.xaml.cs:строка 56
2022-11-14 16:10:41.6643 DEBUG Инициализация программы
2022-11-14 16:10:41.7172 DEBUG Выполнение запроса Sql + Подключение к Базе данных
2022-11-14 16:10:41.9015 DEBUG Успешное подключение 
Аккаунт: admin
2022-11-14 16:10:41.9015 DEBUG Попытка входа
2022-11-14 16:10:41.9015 INFO Успешный вход
2022-11-14 16:10:47.2238 ERROR Ошибка MySql.Data.MySqlClient.MySqlException (0x80004005): Fatal error encountered during command execution. ---> MySql.Data.MySqlClient.MySqlException (0x80004005): Parameter '@del' must be defined.
   в MySql.Data.MySqlClient.Statement.SerializeParameter(MySqlParameterCollection parameters, MySqlPacket packet, String parmName, Int32 parameterIndex)
   в MySql.Data.MySqlClient.Statement.InternalBindParameters(String sql, MySqlParameterCollection parameters, MySqlPacket packet)
   в MySql.Data.MySqlClient.Statement.BindParameters()
   в MySql.Data.MySqlClient.PreparableStatement.Execute()
   в MySql.Data.MySqlClient.MySqlCommand.ExecuteReader(CommandBehavior behavior)
   в MySql.Data.MySqlClient.MySqlCommand.ExecuteReader(CommandBehavior behavior)
   в MySql.Data.MySqlClient.MySqlCommand.ExecuteNonQuery()
   в Liftais.Ais.Button_Click(Object sender, RoutedEventArgs e) в C:\Users\Семён\Documents\GitHub\Practice_Lift1\Liftais\Liftais\Ais.xaml.cs:строка 490
   в System.Windows.RoutedEventHandlerInfo.InvokeHandler(Object target, RoutedEventArgs routedEventArgs)
   в System.Windows.EventRoute.InvokeHandlersImpl(Object source, RoutedEventArgs args, Boolean reRaised)
   в System.Windows.UIElement.RaiseEventImpl(DependencyObject sender, RoutedEventArgs args)
   в System.Windows.UIElement.RaiseEvent(RoutedEventArgs e)
   в System.Windows.Controls.Primitives.ButtonBase.OnClick()
   в System.Windows.Controls.Button.OnClick()
   в System.Windows.Controls.Primitives.ButtonBase.OnMouseLeftButtonUp(MouseButtonEventArgs e)
   в System.Windows.UIElement.OnMouseLeftButtonUpThunk(Object sender, MouseButtonEventArgs e)
   в System.Windows.Input.MouseButtonEventArgs.InvokeEventHandler(Delegate genericHandler, Object genericTarget)
   в System.Windows.RoutedEventArgs.InvokeHandler(Delegate handler, Object target)
   в System.Windows.RoutedEventHandlerInfo.InvokeHandler(Object target, RoutedEventArgs routedEventArgs)
   в System.Windows.EventRoute.InvokeHandlersImpl(Object source, RoutedEventArgs args, Boolean reRaised)
   в System.Windows.UIElement.ReRaiseEventAs(DependencyObject sender, RoutedEventArgs args, RoutedEvent newEvent)
   в System.Windows.UIElement.OnMouseUpThunk(Object sender, MouseButtonEventArgs e)
   в System.Windows.Input.MouseButtonEventArgs.InvokeEventHandler(Delegate genericHandler, Object genericTarget)
   в System.Windows.RoutedEventArgs.InvokeHandler(Delegate handler, Object target)
   в System.Windows.RoutedEventHandlerInfo.InvokeHandler(Object target, RoutedEventArgs routedEventArgs)
   в System.Windows.EventRoute.InvokeHandlersImpl(Object source, RoutedEventArgs args, Boolean reRaised)
   в System.Windows.UIElement.RaiseEventImpl(DependencyObject sender, RoutedEventArgs args)
   в System.Windows.UIElement.RaiseTrustedEvent(RoutedEventArgs args)
   в System.Windows.UIElement.RaiseEvent(RoutedEventArgs args, Boolean trusted)
   в System.Windows.Input.InputManager.ProcessStagingArea()
   в System.Windows.Input.InputManager.ProcessInput(InputEventArgs input)
   в System.Windows.Input.InputProviderSite.ReportInput(InputReport inputReport)
   в System.Windows.Interop.HwndMouseInputProvider.ReportInput(IntPtr hwnd, InputMode mode, Int32 timestamp, RawMouseActions actions, Int32 x, Int32 y, Int32 wheel)
   в System.Windows.Interop.HwndMouseInputProvider.FilterMessage(IntPtr hwnd, WindowMessage msg, IntPtr wParam, IntPtr lParam, Boolean& handled)
   в System.Windows.Interop.HwndSource.InputFilterMessage(IntPtr hwnd, Int32 msg, IntPtr wParam, IntPtr lParam, Boolean& handled)
   в MS.Win32.HwndWrapper.WndProc(IntPtr hwnd, Int32 msg, IntPtr wParam, IntPtr lParam, Boolean& handled)
   в MS.Win32.HwndSubclass.DispatcherCallbackOperation(Object o)
   в System.Windows.Threading.ExceptionWrapper.InternalRealCall(Delegate callback, Object args, Int32 numArgs)
   в System.Windows.Threading.ExceptionWrapper.TryCatchWhen(Object source, Delegate callback, Object args, Int32 numArgs, Delegate catchHandler)
   в System.Windows.Threading.Dispatcher.LegacyInvokeImpl(DispatcherPriority priority, TimeSpan timeout, Delegate method, Object args, Int32 numArgs)
   в MS.Win32.HwndSubclass.SubclassWndProc(IntPtr hwnd, Int32 msg, IntPtr wParam, IntPtr lParam)
   в MS.Win32.UnsafeNativeMethods.DispatchMessage(MSG& msg)
   в System.Windows.Threading.Dispatcher.PushFrameImpl(DispatcherFrame frame)
   в System.Windows.Threading.Dispatcher.PushFrame(DispatcherFrame frame)
   в System.Windows.Window.ShowHelper(Object booleanBox)
   в System.Windows.Window.Show()
   в System.Windows.Window.ShowDialog()
   в Liftais.MainWindow.SingIn_Click(Object sender, RoutedEventArgs y) в C:\Users\Семён\Documents\GitHub\Practice_Lift1\Liftais\Liftais\MainWindow.xaml.cs:строка 56
2022-11-14 16:11:35.2399 DEBUG Инициализация программы
2022-11-14 16:11:35.2937 DEBUG Выполнение запроса Sql + Подключение к Базе данных
2022-11-14 16:11:35.4688 DEBUG Успешное подключение 
Аккаунт: admin
2022-11-14 16:11:35.4688 DEBUG Попытка входа
2022-11-14 16:11:35.4688 INFO Успешный вход
2022-11-14 16:11:39.4444 ERROR Ошибка MySql.Data.MySqlClient.MySqlException (0x80004005): Fatal error encountered during command execution. ---> MySql.Data.MySqlClient.MySqlException (0x80004005): Parameter '@del' must be defined.
   в MySql.Data.MySqlClient.Statement.SerializeParameter(MySqlParameterCollection parameters, MySqlPacket packet, String parmName, Int32 parameterIndex)
   в MySql.Data.MySqlClient.Statement.InternalBindParameters(String sql, MySqlParameterCollection parameters, MySqlPacket packet)
   в MySql.Data.MySqlClient.Statement.BindParameters()
   в MySql.Data.MySqlClient.PreparableStatement.Execute()
   в MySql.Data.MySqlClient.MySqlCommand.ExecuteReader(CommandBehavior behavior)
   в MySql.Data.MySqlClient.MySqlCommand.ExecuteReader(CommandBehavior behavior)
   в MySql.Data.MySqlClient.MySqlCommand.ExecuteNonQuery()
   в Liftais.Ais.Button_Click(Object sender, RoutedEventArgs e) в C:\Users\Семён\Documents\GitHub\Practice_Lift1\Liftais\Liftais\Ais.xaml.cs:строка 490
   в System.Windows.RoutedEventHandlerInfo.InvokeHandler(Object target, RoutedEventArgs routedEventArgs)
   в System.Windows.EventRoute.InvokeHandlersImpl(Object source, RoutedEventArgs args, Boolean reRaised)
   в System.Windows.UIElement.RaiseEventImpl(DependencyObject sender, RoutedEventArgs args)
   в System.Windows.UIElement.RaiseEvent(RoutedEventArgs e)
   в System.Windows.Controls.Primitives.ButtonBase.OnClick()
   в System.Windows.Controls.Button.OnClick()
   в System.Windows.Controls.Primitives.ButtonBase.OnMouseLeftButtonUp(MouseButtonEventArgs e)
   в System.Windows.UIElement.OnMouseLeftButtonUpThunk(Object sender, MouseButtonEventArgs e)
   в System.Windows.Input.MouseButtonEventArgs.InvokeEventHandler(Delegate genericHandler, Object genericTarget)
   в System.Windows.RoutedEventArgs.InvokeHandler(Delegate handler, Object target)
   в System.Windows.RoutedEventHandlerInfo.InvokeHandler(Object target, RoutedEventArgs routedEventArgs)
   в System.Windows.EventRoute.InvokeHandlersImpl(Object source, RoutedEventArgs args, Boolean reRaised)
   в System.Windows.UIElement.ReRaiseEventAs(DependencyObject sender, RoutedEventArgs args, RoutedEvent newEvent)
   в System.Windows.UIElement.OnMouseUpThunk(Object sender, MouseButtonEventArgs e)
   в System.Windows.Input.MouseButtonEventArgs.InvokeEventHandler(Delegate genericHandler, Object genericTarget)
   в System.Windows.RoutedEventArgs.InvokeHandler(Delegate handler, Object target)
   в System.Windows.RoutedEventHandlerInfo.InvokeHandler(Object target, RoutedEventArgs routedEventArgs)
   в System.Windows.EventRoute.InvokeHandlersImpl(Object source, RoutedEventArgs args, Boolean reRaised)
   в System.Windows.UIElement.RaiseEventImpl(DependencyObject sender, RoutedEventArgs args)
   в System.Windows.UIElement.RaiseTrustedEvent(RoutedEventArgs args)
   в System.Windows.UIElement.RaiseEvent(RoutedEventArgs args, Boolean trusted)
   в System.Windows.Input.InputManager.ProcessStagingArea()
   в System.Windows.Input.InputManager.ProcessInput(InputEventArgs input)
   в System.Windows.Input.InputProviderSite.ReportInput(InputReport inputReport)
   в System.Windows.Interop.HwndMouseInputProvider.ReportInput(IntPtr hwnd, InputMode mode, Int32 timestamp, RawMouseActions actions, Int32 x, Int32 y, Int32 wheel)
   в System.Windows.Interop.HwndMouseInputProvider.FilterMessage(IntPtr hwnd, WindowMessage msg, IntPtr wParam, IntPtr lParam, Boolean& handled)
   в System.Windows.Interop.HwndSource.InputFilterMessage(IntPtr hwnd, Int32 msg, IntPtr wParam, IntPtr lParam, Boolean& handled)
   в MS.Win32.HwndWrapper.WndProc(IntPtr hwnd, Int32 msg, IntPtr wParam, IntPtr lParam, Boolean& handled)
   в MS.Win32.HwndSubclass.DispatcherCallbackOperation(Object o)
   в System.Windows.Threading.ExceptionWrapper.InternalRealCall(Delegate callback, Object args, Int32 numArgs)
   в System.Windows.Threading.ExceptionWrapper.TryCatchWhen(Object source, Delegate callback, Object args, Int32 numArgs, Delegate catchHandler)
   в System.Windows.Threading.Dispatcher.LegacyInvokeImpl(DispatcherPriority priority, TimeSpan timeout, Delegate method, Object args, Int32 numArgs)
   в MS.Win32.HwndSubclass.SubclassWndProc(IntPtr hwnd, Int32 msg, IntPtr wParam, IntPtr lParam)
   в MS.Win32.UnsafeNativeMethods.DispatchMessage(MSG& msg)
   в System.Windows.Threading.Dispatcher.PushFrameImpl(DispatcherFrame frame)
   в System.Windows.Threading.Dispatcher.PushFrame(DispatcherFrame frame)
   в System.Windows.Window.ShowHelper(Object booleanBox)
   в System.Windows.Window.Show()
   в System.Windows.Window.ShowDialog()
   в Liftais.MainWindow.SingIn_Click(Object sender, RoutedEventArgs y) в C:\Users\Семён\Documents\GitHub\Practice_Lift1\Liftais\Liftais\MainWindow.xaml.cs:строка 56
2022-11-14 16:17:40.1521 DEBUG Инициализация программы
2022-11-14 16:17:40.8106 DEBUG Выполнение запроса Sql + Подключение к Базе данных
2022-11-14 16:17:42.1301 DEBUG Успешное подключение 
Аккаунт: admin
2022-11-14 16:17:42.1301 DEBUG Попытка входа
2022-11-14 16:17:42.1301 INFO Успешный вход
2022-11-14 16:17:57.6497 ERROR Ошибка MySql.Data.MySqlClient.MySqlException (0x80004005): You have an error in your SQL syntax; check the manual that corresponds to your MariaDB server version for the right syntax to use near ''magazine' WHERE id_note = 7' at line 1
   в MySql.Data.MySqlClient.MySqlStream.ReadPacket()
   в MySql.Data.MySqlClient.NativeDriver.GetResult(Int32& affectedRow, Int64& insertedId)
   в MySql.Data.MySqlClient.Driver.GetResult(Int32 statementId, Int32& affectedRows, Int64& insertedId)
   в MySql.Data.MySqlClient.Driver.NextResult(Int32 statementId, Boolean force)
   в MySql.Data.MySqlClient.MySqlDataReader.NextResult()
   в MySql.Data.MySqlClient.MySqlCommand.ExecuteReader(CommandBehavior behavior)
   в MySql.Data.MySqlClient.MySqlCommand.ExecuteNonQuery()
   в Liftais.Ais.Button_Click(Object sender, RoutedEventArgs e) в C:\Users\Семён\Documents\GitHub\Practice_Lift1\Liftais\Liftais\Ais.xaml.cs:строка 490
   в System.Windows.RoutedEventHandlerInfo.InvokeHandler(Object target, RoutedEventArgs routedEventArgs)
   в System.Windows.EventRoute.InvokeHandlersImpl(Object source, RoutedEventArgs args, Boolean reRaised)
   в System.Windows.UIElement.RaiseEventImpl(DependencyObject sender, RoutedEventArgs args)
   в System.Windows.UIElement.RaiseEvent(RoutedEventArgs e)
   в System.Windows.Controls.Primitives.ButtonBase.OnClick()
   в System.Windows.Controls.Button.OnClick()
   в System.Windows.Controls.Primitives.ButtonBase.OnMouseLeftButtonUp(MouseButtonEventArgs e)
   в System.Windows.UIElement.OnMouseLeftButtonUpThunk(Object sender, MouseButtonEventArgs e)
   в System.Windows.Input.MouseButtonEventArgs.InvokeEventHandler(Delegate genericHandler, Object genericTarget)
   в System.Windows.RoutedEventArgs.InvokeHandler(Delegate handler, Object target)
   в System.Windows.RoutedEventHandlerInfo.InvokeHandler(Object target, RoutedEventArgs routedEventArgs)
   в System.Windows.EventRoute.InvokeHandlersImpl(Object source, RoutedEventArgs args, Boolean reRaised)
   в System.Windows.UIElement.ReRaiseEventAs(DependencyObject sender, RoutedEventArgs args, RoutedEvent newEvent)
   в System.Windows.UIElement.OnMouseUpThunk(Object sender, MouseButtonEventArgs e)
   в System.Windows.Input.MouseButtonEventArgs.InvokeEventHandler(Delegate genericHandler, Object genericTarget)
   в System.Windows.RoutedEventArgs.InvokeHandler(Delegate handler, Object target)
   в System.Windows.RoutedEventHandlerInfo.InvokeHandler(Object target, RoutedEventArgs routedEventArgs)
   в System.Windows.EventRoute.InvokeHandlersImpl(Object source, RoutedEventArgs args, Boolean reRaised)
   в System.Windows.UIElement.RaiseEventImpl(DependencyObject sender, RoutedEventArgs args)
   в System.Windows.UIElement.RaiseTrustedEvent(RoutedEventArgs args)
   в System.Windows.UIElement.RaiseEvent(RoutedEventArgs args, Boolean trusted)
   в System.Windows.Input.InputManager.ProcessStagingArea()
   в System.Windows.Input.InputManager.ProcessInput(InputEventArgs input)
   в System.Windows.Input.InputProviderSite.ReportInput(InputReport inputReport)
   в System.Windows.Interop.HwndMouseInputProvider.ReportInput(IntPtr hwnd, InputMode mode, Int32 timestamp, RawMouseActions actions, Int32 x, Int32 y, Int32 wheel)
   в System.Windows.Interop.HwndMouseInputProvider.FilterMessage(IntPtr hwnd, WindowMessage msg, IntPtr wParam, IntPtr lParam, Boolean& handled)
   в System.Windows.Interop.HwndSource.InputFilterMessage(IntPtr hwnd, Int32 msg, IntPtr wParam, IntPtr lParam, Boolean& handled)
   в MS.Win32.HwndWrapper.WndProc(IntPtr hwnd, Int32 msg, IntPtr wParam, IntPtr lParam, Boolean& handled)
   в MS.Win32.HwndSubclass.DispatcherCallbackOperation(Object o)
   в System.Windows.Threading.ExceptionWrapper.InternalRealCall(Delegate callback, Object args, Int32 numArgs)
   в System.Windows.Threading.ExceptionWrapper.TryCatchWhen(Object source, Delegate callback, Object args, Int32 numArgs, Delegate catchHandler)
   в System.Windows.Threading.Dispatcher.LegacyInvokeImpl(DispatcherPriority priority, TimeSpan timeout, Delegate method, Object args, Int32 numArgs)
   в MS.Win32.HwndSubclass.SubclassWndProc(IntPtr hwnd, Int32 msg, IntPtr wParam, IntPtr lParam)
   в MS.Win32.UnsafeNativeMethods.DispatchMessage(MSG& msg)
   в System.Windows.Threading.Dispatcher.PushFrameImpl(DispatcherFrame frame)
   в System.Windows.Threading.Dispatcher.PushFrame(DispatcherFrame frame)
   в System.Windows.Window.ShowHelper(Object booleanBox)
   в System.Windows.Window.Show()
   в System.Windows.Window.ShowDialog()
   в Liftais.MainWindow.SingIn_Click(Object sender, RoutedEventArgs y) в C:\Users\Семён\Documents\GitHub\Practice_Lift1\Liftais\Liftais\MainWindow.xaml.cs:строка 56
2022-11-14 16:19:31.8246 DEBUG Инициализация программы
2022-11-14 16:19:31.8841 DEBUG Выполнение запроса Sql + Подключение к Базе данных
2022-11-14 16:19:32.0694 DEBUG Успешное подключение 
Аккаунт: admin
2022-11-14 16:19:32.0694 DEBUG Попытка входа
2022-11-14 16:19:32.0694 INFO Успешный вход
2022-11-14 16:20:32.1175 DEBUG Инициализация программы
2022-11-14 16:20:32.1723 DEBUG Выполнение запроса Sql + Подключение к Базе данных
2022-11-14 16:20:32.3980 DEBUG Успешное подключение 
Аккаунт: admin
2022-11-14 16:20:32.3980 DEBUG Попытка входа
2022-11-14 16:20:32.3980 INFO Успешный вход
2022-11-14 16:21:20.1184 ERROR Ошибка:  System.IndexOutOfRangeException: Невозможно найти столбец 6.
   в System.Data.DataColumnCollection.get_Item(Int32 index)
   в System.Data.DataRow.get_Item(Int32 columnIndex, DataRowVersion version)
   в System.Data.DataRowView.get_Item(Int32 ndx)
   в Liftais.Ais.btnexp_Click(Object sender, RoutedEventArgs e) в C:\Users\Семён\Documents\GitHub\Practice_Lift1\Liftais\Liftais\Ais.xaml.cs:строка 312
2022-11-14 16:22:09.7976 DEBUG Инициализация программы
2022-11-14 16:22:09.7976 DEBUG Выполнение запроса Sql + Подключение к Базе данных
2022-11-14 16:22:09.7976 DEBUG Успешное подключение 
Аккаунт: admin
2022-11-14 16:22:09.7976 DEBUG Попытка входа
2022-11-14 16:22:09.7976 INFO Успешный вход
2022-11-14 16:22:28.9866 ERROR Ошибка:  System.IndexOutOfRangeException: Невозможно найти столбец 6.
   в System.Data.DataColumnCollection.get_Item(Int32 index)
   в System.Data.DataRow.get_Item(Int32 columnIndex, DataRowVersion version)
   в System.Data.DataRowView.get_Item(Int32 ndx)
   в Liftais.Ais.btnexp_Click(Object sender, RoutedEventArgs e) в C:\Users\Семён\Documents\GitHub\Practice_Lift1\Liftais\Liftais\Ais.xaml.cs:строка 312
2022-11-14 16:22:57.6192 ERROR Ошибка:  System.IndexOutOfRangeException: Невозможно найти столбец 6.
   в System.Data.DataColumnCollection.get_Item(Int32 index)
   в System.Data.DataRow.get_Item(Int32 columnIndex, DataRowVersion version)
   в System.Data.DataRowView.get_Item(Int32 ndx)
   в Liftais.Ais.btnexp_Click(Object sender, RoutedEventArgs e) в C:\Users\Семён\Documents\GitHub\Practice_Lift1\Liftais\Liftais\Ais.xaml.cs:строка 312
2022-11-14 18:52:42.5146 DEBUG Инициализация программы
2022-11-14 18:52:42.6808 DEBUG Выполнение запроса Sql + Подключение к Базе данных
2022-11-14 18:52:43.5059 DEBUG Успешное подключение 
Аккаунт: admin
2022-11-14 18:52:43.5059 DEBUG Попытка входа
2022-11-14 18:52:43.5059 INFO Успешный вход
2022-11-14 18:52:56.8136 DEBUG Инициализация программы
2022-11-14 18:52:56.8136 DEBUG Выполнение запроса Sql + Подключение к Базе данных
2022-11-14 18:52:56.8136 DEBUG Успешное подключение 
Аккаунт: admin
2022-11-14 18:52:56.8136 DEBUG Попытка входа
2022-11-14 18:52:56.8136 INFO Успешный вход
2022-11-14 18:55:47.7124 DEBUG Инициализация программы
2022-11-14 18:55:47.7673 DEBUG Выполнение запроса Sql + Подключение к Базе данных
2022-11-14 18:55:47.9463 DEBUG Успешное подключение 
Аккаунт: admin
2022-11-14 18:55:47.9463 DEBUG Попытка входа
2022-11-14 18:55:47.9463 INFO Успешный вход
2022-11-14 18:57:56.0967 DEBUG Инициализация программы
2022-11-14 18:57:56.1576 DEBUG Выполнение запроса Sql + Подключение к Базе данных
2022-11-14 18:57:56.3397 DEBUG Успешное подключение 
Аккаунт: admin
2022-11-14 18:57:56.3397 DEBUG Попытка входа
2022-11-14 18:57:56.3397 INFO Успешный вход
2022-11-14 18:59:57.4645 DEBUG Инициализация программы
2022-11-14 18:59:57.5193 DEBUG Выполнение запроса Sql + Подключение к Базе данных
2022-11-14 18:59:57.6968 DEBUG Успешное подключение 
Аккаунт: admin
2022-11-14 18:59:57.6968 DEBUG Попытка входа
2022-11-14 18:59:57.6968 INFO Успешный вход
2022-11-14 19:07:17.8523 DEBUG Инициализация программы
2022-11-14 19:07:18.0296 DEBUG Выполнение запроса Sql + Подключение к Базе данных
2022-11-14 19:07:18.8839 DEBUG Успешное подключение 
Аккаунт: admin
2022-11-14 19:07:18.8839 DEBUG Попытка входа
2022-11-14 19:07:18.8839 INFO Успешный вход
2022-11-14 19:08:18.9835 DEBUG Инициализация программы
2022-11-14 19:08:19.0374 DEBUG Выполнение запроса Sql + Подключение к Базе данных
2022-11-14 19:08:19.2311 DEBUG Успешное подключение 
Аккаунт: admin
2022-11-14 19:08:19.2311 DEBUG Попытка входа
2022-11-14 19:08:19.2311 INFO Успешный вход
2022-11-14 19:08:20.3179 ERROR Ошибка System.IndexOutOfRangeException: Невозможно найти столбец 1.
   в System.Data.DataColumnCollection.get_Item(Int32 index)
   в Liftais.MainWindow.SingIn_Click(Object sender, RoutedEventArgs y) в C:\Users\Семён\Documents\GitHub\Practice_Lift1\Liftais\Liftais\MainWindow.xaml.cs:строка 60
2022-11-14 19:10:11.0205 DEBUG Инициализация программы
2022-11-14 19:10:11.0793 DEBUG Выполнение запроса Sql + Подключение к Базе данных
2022-11-14 19:10:11.2706 DEBUG Успешное подключение 
Аккаунт: admin
2022-11-14 19:10:11.2706 DEBUG Попытка входа
2022-11-14 19:10:11.2706 INFO Успешный вход
2022-11-14 19:10:11.4348 ERROR Ошибка System.ArgumentNullException: Аргумент "name" не может быть пустым.
Имя параметра: name
   в System.Data.DataColumnCollection.get_Item(String name)
   в System.Data.DataRow.GetDataColumn(String columnName)
   в System.Data.DataRow.get_Item(String columnName)
   в System.Data.DataRowExtensions.Field[T](DataRow row, String columnName)
   в Liftais.MainWindow.SingIn_Click(Object sender, RoutedEventArgs y) в C:\Users\Семён\Documents\GitHub\Practice_Lift1\Liftais\Liftais\MainWindow.xaml.cs:строка 60
2022-11-14 19:13:33.8479 DEBUG Инициализация программы
2022-11-14 19:13:33.9014 DEBUG Выполнение запроса Sql + Подключение к Базе данных
2022-11-14 19:13:34.0805 DEBUG Успешное подключение 
Аккаунт: admin
2022-11-14 19:13:34.0805 DEBUG Попытка входа
2022-11-14 19:13:34.0805 INFO Успешный вход
2022-11-14 19:17:16.9109 DEBUG Инициализация программы
2022-11-14 19:17:16.9647 DEBUG Выполнение запроса Sql + Подключение к Базе данных
2022-11-14 19:17:17.1511 DEBUG Успешное подключение 
Аккаунт: admin
2022-11-14 19:17:17.1511 DEBUG Попытка входа
2022-11-14 19:17:17.1511 INFO Успешный вход
2022-11-14 19:20:39.3908 DEBUG Инициализация программы
2022-11-14 19:20:39.4447 DEBUG Выполнение запроса Sql + Подключение к Базе данных
2022-11-14 19:20:39.8236 DEBUG Успешное подключение 
Аккаунт: op
2022-11-14 19:20:39.8236 DEBUG Попытка входа
2022-11-14 19:20:39.8236 INFO Успешный вход
2022-11-14 19:23:20.6312 DEBUG Инициализация программы
2022-11-14 19:23:20.6840 DEBUG Выполнение запроса Sql + Подключение к Базе данных
2022-11-14 19:23:20.8623 DEBUG Успешное подключение 
Аккаунт: admin
2022-11-14 19:23:20.8623 DEBUG Попытка входа
2022-11-14 19:23:20.8623 INFO Успешный вход
2022-11-14 19:23:28.4137 ERROR Ошибка System.ArgumentOutOfRangeException: Индекс за пределами диапазона. Индекс должен быть положительным числом, а его размер не должен превышать размер коллекции.
Имя параметра: index
   в System.ThrowHelper.ThrowArgumentOutOfRangeException(ExceptionArgument argument, ExceptionResource resource)
   в System.Collections.Generic.List`1.get_Item(Int32 index)
   в Liftais.Ais.Button_Click(Object sender, RoutedEventArgs e) в C:\Users\Семён\Documents\GitHub\Practice_Lift1\Liftais\Liftais\Ais.xaml.cs:строка 507
   в System.Windows.RoutedEventHandlerInfo.InvokeHandler(Object target, RoutedEventArgs routedEventArgs)
   в System.Windows.EventRoute.InvokeHandlersImpl(Object source, RoutedEventArgs args, Boolean reRaised)
   в System.Windows.UIElement.RaiseEventImpl(DependencyObject sender, RoutedEventArgs args)
   в System.Windows.UIElement.RaiseEvent(RoutedEventArgs e)
   в System.Windows.Controls.Primitives.ButtonBase.OnClick()
   в System.Windows.Controls.Button.OnClick()
   в System.Windows.Controls.Primitives.ButtonBase.OnMouseLeftButtonUp(MouseButtonEventArgs e)
   в System.Windows.UIElement.OnMouseLeftButtonUpThunk(Object sender, MouseButtonEventArgs e)
   в System.Windows.Input.MouseButtonEventArgs.InvokeEventHandler(Delegate genericHandler, Object genericTarget)
   в System.Windows.RoutedEventArgs.InvokeHandler(Delegate handler, Object target)
   в System.Windows.RoutedEventHandlerInfo.InvokeHandler(Object target, RoutedEventArgs routedEventArgs)
   в System.Windows.EventRoute.InvokeHandlersImpl(Object source, RoutedEventArgs args, Boolean reRaised)
   в System.Windows.UIElement.ReRaiseEventAs(DependencyObject sender, RoutedEventArgs args, RoutedEvent newEvent)
   в System.Windows.UIElement.OnMouseUpThunk(Object sender, MouseButtonEventArgs e)
   в System.Windows.Input.MouseButtonEventArgs.InvokeEventHandler(Delegate genericHandler, Object genericTarget)
   в System.Windows.RoutedEventArgs.InvokeHandler(Delegate handler, Object target)
   в System.Windows.RoutedEventHandlerInfo.InvokeHandler(Object target, RoutedEventArgs routedEventArgs)
   в System.Windows.EventRoute.InvokeHandlersImpl(Object source, RoutedEventArgs args, Boolean reRaised)
   в System.Windows.UIElement.RaiseEventImpl(DependencyObject sender, RoutedEventArgs args)
   в System.Windows.UIElement.RaiseTrustedEvent(RoutedEventArgs args)
   в System.Windows.UIElement.RaiseEvent(RoutedEventArgs args, Boolean trusted)
   в System.Windows.Input.InputManager.ProcessStagingArea()
   в System.Windows.Input.InputManager.ProcessInput(InputEventArgs input)
   в System.Windows.Input.InputProviderSite.ReportInput(InputReport inputReport)
   в System.Windows.Interop.HwndMouseInputProvider.ReportInput(IntPtr hwnd, InputMode mode, Int32 timestamp, RawMouseActions actions, Int32 x, Int32 y, Int32 wheel)
   в System.Windows.Interop.HwndMouseInputProvider.FilterMessage(IntPtr hwnd, WindowMessage msg, IntPtr wParam, IntPtr lParam, Boolean& handled)
   в System.Windows.Interop.HwndSource.InputFilterMessage(IntPtr hwnd, Int32 msg, IntPtr wParam, IntPtr lParam, Boolean& handled)
   в MS.Win32.HwndWrapper.WndProc(IntPtr hwnd, Int32 msg, IntPtr wParam, IntPtr lParam, Boolean& handled)
   в MS.Win32.HwndSubclass.DispatcherCallbackOperation(Object o)
   в System.Windows.Threading.ExceptionWrapper.InternalRealCall(Delegate callback, Object args, Int32 numArgs)
   в System.Windows.Threading.ExceptionWrapper.TryCatchWhen(Object source, Delegate callback, Object args, Int32 numArgs, Delegate catchHandler)
   в System.Windows.Threading.Dispatcher.LegacyInvokeImpl(DispatcherPriority priority, TimeSpan timeout, Delegate method, Object args, Int32 numArgs)
   в MS.Win32.HwndSubclass.SubclassWndProc(IntPtr hwnd, Int32 msg, IntPtr wParam, IntPtr lParam)
   в MS.Win32.UnsafeNativeMethods.DispatchMessage(MSG& msg)
   в System.Windows.Threading.Dispatcher.PushFrameImpl(DispatcherFrame frame)
   в System.Windows.Threading.Dispatcher.PushFrame(DispatcherFrame frame)
   в System.Windows.Window.ShowHelper(Object booleanBox)
   в System.Windows.Window.Show()
   в System.Windows.Window.ShowDialog()
   в Liftais.MainWindow.SingIn_Click(Object sender, RoutedEventArgs y) в C:\Users\Семён\Documents\GitHub\Practice_Lift1\Liftais\Liftais\MainWindow.xaml.cs:строка 62
2022-11-14 19:24:21.9111 DEBUG Инициализация программы
2022-11-14 19:24:21.9639 DEBUG Выполнение запроса Sql + Подключение к Базе данных
2022-11-14 19:24:22.2607 DEBUG Успешное подключение 
Аккаунт: op
2022-11-14 19:24:22.2607 DEBUG Попытка входа
2022-11-14 19:24:22.2607 INFO Успешный вход
2022-11-14 19:36:46.1604 DEBUG Инициализация программы
2022-11-14 19:36:46.6309 DEBUG Выполнение запроса Sql + Подключение к Базе данных
2022-11-14 19:36:48.7003 DEBUG Успешное подключение 
Аккаунт: admin
2022-11-14 19:36:48.7003 DEBUG Попытка входа
2022-11-14 19:36:48.7003 INFO Успешный вход
2022-11-14 19:45:30.7174 DEBUG Инициализация программы
2022-11-14 19:45:30.7952 DEBUG Выполнение запроса Sql + Подключение к Базе данных
2022-11-14 19:45:31.0116 DEBUG Успешное подключение 
Аккаунт: admin
2022-11-14 19:45:31.0116 DEBUG Попытка входа
2022-11-14 19:45:31.0116 INFO Успешный вход
2022-11-14 19:47:00.5419 DEBUG Инициализация программы
2022-11-14 19:47:00.5948 DEBUG Выполнение запроса Sql + Подключение к Базе данных
2022-11-14 19:47:00.7700 DEBUG Успешное подключение 
Аккаунт: admin
2022-11-14 19:47:00.7700 DEBUG Попытка входа
2022-11-14 19:47:00.7700 INFO Успешный вход
2022-11-14 19:49:00.4619 DEBUG Инициализация программы
2022-11-14 19:49:00.5148 DEBUG Выполнение запроса Sql + Подключение к Базе данных
2022-11-14 19:49:00.7027 DEBUG Успешное подключение 
Аккаунт: admin
2022-11-14 19:49:00.7027 DEBUG Попытка входа
2022-11-14 19:49:00.7027 INFO Успешный вход
2022-11-14 19:49:48.1578 DEBUG Инициализация программы
2022-11-14 19:49:48.2117 DEBUG Выполнение запроса Sql + Подключение к Базе данных
2022-11-14 19:49:48.3790 DEBUG Успешное подключение 
Аккаунт: admin
2022-11-14 19:49:48.3790 DEBUG Попытка входа
2022-11-14 19:49:48.3790 INFO Успешный вход
2022-11-14 19:53:03.7889 DEBUG Инициализация программы
2022-11-14 19:53:03.8428 DEBUG Выполнение запроса Sql + Подключение к Базе данных
2022-11-14 19:53:04.0225 DEBUG Успешное подключение 
Аккаунт: admin
2022-11-14 19:53:04.0225 DEBUG Попытка входа
2022-11-14 19:53:04.0225 INFO Успешный вход
2022-11-14 19:59:38.0765 DEBUG Инициализация программы
2022-11-14 19:59:38.2082 DEBUG Выполнение запроса Sql + Подключение к Базе данных
2022-11-14 19:59:38.8170 DEBUG Успешное подключение 
Аккаунт: admin
2022-11-14 19:59:38.8170 DEBUG Попытка входа
2022-11-14 19:59:38.8170 INFO Успешный вход
2022-11-14 20:02:35.3796 DEBUG Инициализация программы
2022-11-14 20:02:35.4335 DEBUG Выполнение запроса Sql + Подключение к Базе данных
2022-11-14 20:02:41.5963 ERROR Ошибка MySql.Data.MySqlClient.MySqlException (0x80004005): Unknown column 'role' in 'field list'
   в MySql.Data.MySqlClient.MySqlStream.ReadPacket()
   в MySql.Data.MySqlClient.NativeDriver.GetResult(Int32& affectedRow, Int64& insertedId)
   в MySql.Data.MySqlClient.Driver.GetResult(Int32 statementId, Int32& affectedRows, Int64& insertedId)
   в MySql.Data.MySqlClient.Driver.NextResult(Int32 statementId, Boolean force)
   в MySql.Data.MySqlClient.MySqlDataReader.NextResult()
   в MySql.Data.MySqlClient.MySqlCommand.ExecuteReader(CommandBehavior behavior)
   в MySql.Data.MySqlClient.MySqlCommand.ExecuteDbDataReader(CommandBehavior behavior)
   в System.Data.Common.DbCommand.System.Data.IDbCommand.ExecuteReader(CommandBehavior behavior)
   в System.Data.Common.DbDataAdapter.FillInternal(DataSet dataset, DataTable[] datatables, Int32 startRecord, Int32 maxRecords, String srcTable, IDbCommand command, CommandBehavior behavior)
   в System.Data.Common.DbDataAdapter.Fill(DataTable[] dataTables, Int32 startRecord, Int32 maxRecords, IDbCommand command, CommandBehavior behavior)
   в System.Data.Common.DbDataAdapter.Fill(DataTable dataTable)
   в Liftais.MainWindow.SingIn_Click(Object sender, RoutedEventArgs y) в C:\Users\Семён\Documents\GitHub\Practice_Lift1\Liftais\Liftais\MainWindow.xaml.cs:строка 51
2022-11-14 20:06:46.5775 DEBUG Инициализация программы
2022-11-14 20:06:46.5775 DEBUG Выполнение запроса Sql + Подключение к Базе данных
2022-11-14 20:06:46.6518 DEBUG Успешное подключение 
Аккаунт: admin
2022-11-14 20:06:46.6518 DEBUG Попытка входа
2022-11-14 20:06:46.6518 INFO Успешный вход
2022-11-14 20:09:30.3244 DEBUG Инициализация программы
2022-11-14 20:09:30.3882 DEBUG Выполнение запроса Sql + Подключение к Базе данных
2022-11-14 20:09:30.6399 DEBUG Успешное подключение 
Аккаунт: admin
2022-11-14 20:09:30.6399 DEBUG Попытка входа
2022-11-14 20:09:30.6399 INFO Успешный вход
2022-11-14 20:14:19.9036 DEBUG Инициализация программы
2022-11-14 20:14:19.9574 DEBUG Выполнение запроса Sql + Подключение к Базе данных
2022-11-14 20:14:20.2230 DEBUG Успешное подключение 
Аккаунт: admin
2022-11-14 20:14:20.2230 DEBUG Попытка входа
2022-11-14 20:14:20.2230 INFO Успешный вход
2022-11-14 20:17:13.1690 DEBUG Инициализация программы
2022-11-14 20:17:13.2229 DEBUG Выполнение запроса Sql + Подключение к Базе данных
2022-11-14 20:17:13.5179 DEBUG Успешное подключение 
Аккаунт: admin
2022-11-14 20:17:13.5179 DEBUG Попытка входа
2022-11-14 20:17:13.5179 INFO Успешный вход
2022-11-14 20:19:18.6556 DEBUG Инициализация программы
2022-11-14 20:19:18.7075 DEBUG Выполнение запроса Sql + Подключение к Базе данных
2022-11-14 20:19:18.9646 DEBUG Успешное подключение 
Аккаунт: admin
2022-11-14 20:19:18.9646 DEBUG Попытка входа
2022-11-14 20:19:18.9646 INFO Успешный вход
2022-11-14 20:21:43.2671 DEBUG Инициализация программы
2022-11-14 20:21:43.3289 DEBUG Выполнение запроса Sql + Подключение к Базе данных
2022-11-14 20:21:43.5721 DEBUG Успешное подключение 
Аккаунт: admin
2022-11-14 20:21:43.5721 DEBUG Попытка входа
2022-11-14 20:21:43.5721 INFO Успешный вход
2022-11-14 20:21:51.8797 DEBUG MySql.Data.MySqlClient.MySqlException: Incorrect integer value: '' for column `lift`.`magazine`.`id_resident` at row 1
2022-11-14 20:28:02.4295 DEBUG Инициализация программы
2022-11-14 20:28:02.4853 DEBUG Выполнение запроса Sql + Подключение к Базе данных
2022-11-14 20:28:02.7408 DEBUG Успешное подключение 
Аккаунт: admin
2022-11-14 20:28:02.7408 DEBUG Попытка входа
2022-11-14 20:28:02.7408 INFO Успешный вход
2022-11-14 20:28:37.2886 DEBUG MySql.Data.MySqlClient.MySqlException: Incorrect integer value: '-' for column `lift`.`magazine`.`id_resident` at row 1
2022-11-14 20:28:47.2508 DEBUG MySql.Data.MySqlClient.MySqlException: Cannot add or update a child row: a foreign key constraint fails (`lift`.`magazine`, CONSTRAINT `magazine_ibfk_2` FOREIGN KEY (`id_resident`) REFERENCES `residents` (`id_resident`) ON DELETE CASCADE ON UPDATE CASCADE)
2022-11-14 20:28:49.5251 DEBUG MySql.Data.MySqlClient.MySqlException: Cannot add or update a child row: a foreign key constraint fails (`lift`.`magazine`, CONSTRAINT `magazine_ibfk_2` FOREIGN KEY (`id_resident`) REFERENCES `residents` (`id_resident`) ON DELETE CASCADE ON UPDATE CASCADE)
2022-11-14 20:28:49.6064 DEBUG MySql.Data.MySqlClient.MySqlException: Cannot add or update a child row: a foreign key constraint fails (`lift`.`magazine`, CONSTRAINT `magazine_ibfk_2` FOREIGN KEY (`id_resident`) REFERENCES `residents` (`id_resident`) ON DELETE CASCADE ON UPDATE CASCADE)
2022-11-14 20:28:49.7149 DEBUG MySql.Data.MySqlClient.MySqlException: Cannot add or update a child row: a foreign key constraint fails (`lift`.`magazine`, CONSTRAINT `magazine_ibfk_2` FOREIGN KEY (`id_resident`) REFERENCES `residents` (`id_resident`) ON DELETE CASCADE ON UPDATE CASCADE)
2022-11-14 20:28:49.8047 DEBUG MySql.Data.MySqlClient.MySqlException: Cannot add or update a child row: a foreign key constraint fails (`lift`.`magazine`, CONSTRAINT `magazine_ibfk_2` FOREIGN KEY (`id_resident`) REFERENCES `residents` (`id_resident`) ON DELETE CASCADE ON UPDATE CASCADE)
2022-11-14 20:28:49.9507 DEBUG MySql.Data.MySqlClient.MySqlException: Cannot add or update a child row: a foreign key constraint fails (`lift`.`magazine`, CONSTRAINT `magazine_ibfk_2` FOREIGN KEY (`id_resident`) REFERENCES `residents` (`id_resident`) ON DELETE CASCADE ON UPDATE CASCADE)
2022-11-14 20:28:50.0722 DEBUG MySql.Data.MySqlClient.MySqlException: Cannot add or update a child row: a foreign key constraint fails (`lift`.`magazine`, CONSTRAINT `magazine_ibfk_2` FOREIGN KEY (`id_resident`) REFERENCES `residents` (`id_resident`) ON DELETE CASCADE ON UPDATE CASCADE)
2022-11-14 20:28:50.3056 DEBUG MySql.Data.MySqlClient.MySqlException: Cannot add or update a child row: a foreign key constraint fails (`lift`.`magazine`, CONSTRAINT `magazine_ibfk_2` FOREIGN KEY (`id_resident`) REFERENCES `residents` (`id_resident`) ON DELETE CASCADE ON UPDATE CASCADE)
2022-11-14 20:28:50.5498 DEBUG MySql.Data.MySqlClient.MySqlException: Cannot add or update a child row: a foreign key constraint fails (`lift`.`magazine`, CONSTRAINT `magazine_ibfk_2` FOREIGN KEY (`id_resident`) REFERENCES `residents` (`id_resident`) ON DELETE CASCADE ON UPDATE CASCADE)
2022-11-14 20:28:50.7611 DEBUG MySql.Data.MySqlClient.MySqlException: Cannot add or update a child row: a foreign key constraint fails (`lift`.`magazine`, CONSTRAINT `magazine_ibfk_2` FOREIGN KEY (`id_resident`) REFERENCES `residents` (`id_resident`) ON DELETE CASCADE ON UPDATE CASCADE)
2022-11-14 20:29:11.6274 DEBUG MySql.Data.MySqlClient.MySqlException: Cannot add or update a child row: a foreign key constraint fails (`lift`.`magazine`, CONSTRAINT `magazine_ibfk_2` FOREIGN KEY (`id_resident`) REFERENCES `residents` (`id_resident`) ON DELETE CASCADE ON UPDATE CASCADE)
2022-11-14 20:30:44.9760 DEBUG MySql.Data.MySqlClient.MySqlException: Incorrect integer value: '' for column `lift`.`magazine`.`id_resident` at row 1
2022-11-14 20:30:46.3295 DEBUG MySql.Data.MySqlClient.MySqlException: Incorrect integer value: '' for column `lift`.`magazine`.`id_resident` at row 1
2022-11-14 20:30:46.5861 DEBUG MySql.Data.MySqlClient.MySqlException: Incorrect integer value: '' for column `lift`.`magazine`.`id_resident` at row 1
2022-11-14 20:30:46.6858 DEBUG MySql.Data.MySqlClient.MySqlException: Incorrect integer value: '' for column `lift`.`magazine`.`id_resident` at row 1
2022-11-14 20:32:43.1157 DEBUG MySql.Data.MySqlClient.MySqlException: Incorrect integer value: '' for column `lift`.`magazine`.`id_resident` at row 1
2022-11-14 20:32:44.8260 DEBUG MySql.Data.MySqlClient.MySqlException: Incorrect integer value: '' for column `lift`.`magazine`.`id_resident` at row 1
2022-11-14 20:37:55.7988 DEBUG Инициализация программы
2022-11-14 20:37:55.8516 DEBUG Выполнение запроса Sql + Подключение к Базе данных
2022-11-14 20:37:56.0975 DEBUG Успешное подключение 
Аккаунт: admin
2022-11-14 20:37:56.0975 DEBUG Попытка входа
2022-11-14 20:37:57.3291 INFO Неправильный логин или пароль
Аккаунт: admin
2022-11-14 20:38:02.3152 DEBUG Инициализация программы
2022-11-14 20:38:02.3152 DEBUG Выполнение запроса Sql + Подключение к Базе данных
2022-11-14 20:38:02.3243 DEBUG Успешное подключение 
Аккаунт: admin
2022-11-14 20:38:02.3243 DEBUG Попытка входа
2022-11-14 20:38:03.3861 INFO Неправильный логин или пароль
Аккаунт: admin
2022-11-14 20:38:09.1641 DEBUG Инициализация программы
2022-11-14 20:38:09.1641 DEBUG Выполнение запроса Sql + Подключение к Базе данных
2022-11-14 20:38:09.1641 DEBUG Успешное подключение 
Аккаунт: admin
2022-11-14 20:38:09.1641 DEBUG Попытка входа
2022-11-14 20:38:09.1641 INFO Успешный вход
2022-11-14 20:40:46.7880 DEBUG Инициализация программы
2022-11-14 20:40:46.8419 DEBUG Выполнение запроса Sql + Подключение к Базе данных
2022-11-14 20:40:47.0942 DEBUG Успешное подключение 
Аккаунт: admin
2022-11-14 20:40:47.0942 DEBUG Попытка входа
2022-11-14 20:40:47.0942 INFO Успешный вход
2022-11-14 20:42:20.1444 DEBUG Инициализация программы
2022-11-14 20:42:20.1993 DEBUG Выполнение запроса Sql + Подключение к Базе данных
2022-11-14 20:42:20.4468 DEBUG Успешное подключение 
Аккаунт: admin
2022-11-14 20:42:20.4468 DEBUG Попытка входа
2022-11-14 20:42:20.4468 INFO Успешный вход
2022-11-14 20:44:08.2707 DEBUG Инициализация программы
2022-11-14 20:44:08.3286 DEBUG Выполнение запроса Sql + Подключение к Базе данных
2022-11-14 20:44:08.5850 DEBUG Успешное подключение 
Аккаунт: admin
2022-11-14 20:44:08.5850 DEBUG Попытка входа
2022-11-14 20:44:08.5850 INFO Успешный вход
2022-11-14 21:37:59.4226 DEBUG Инициализация программы
2022-11-14 21:38:00.0662 DEBUG Выполнение запроса Sql + Подключение к Базе данных
2022-11-14 21:38:03.7115 DEBUG Успешное подключение 
Аккаунт: admin
2022-11-14 21:38:03.7115 DEBUG Попытка входа
2022-11-14 21:38:03.7115 INFO Успешный вход
2022-11-14 21:45:37.5144 DEBUG Инициализация программы
2022-11-14 21:45:37.5962 DEBUG Выполнение запроса Sql + Подключение к Базе данных
2022-11-14 21:45:38.5235 DEBUG Успешное подключение 
Аккаунт: admin
2022-11-14 21:45:38.5235 DEBUG Попытка входа
2022-11-14 21:45:38.5235 INFO Успешный вход
2022-11-14 21:47:19.8751 DEBUG Инициализация программы
2022-11-14 21:47:19.9290 DEBUG Выполнение запроса Sql + Подключение к Базе данных
2022-11-14 21:47:20.2245 DEBUG Успешное подключение 
Аккаунт: admin
2022-11-14 21:47:20.2245 DEBUG Попытка входа
2022-11-14 21:47:20.2245 INFO Успешный вход
2022-11-14 21:47:32.4356 ERROR Ошибка MySql.Data.MySqlClient.MySqlException (0x80004005): Incorrect integer value: '' for column `lift`.`magazine`.`id_resident` at row 1
   в MySql.Data.MySqlClient.MySqlStream.ReadPacket()
   в MySql.Data.MySqlClient.NativeDriver.GetResult(Int32& affectedRow, Int64& insertedId)
   в MySql.Data.MySqlClient.Driver.GetResult(Int32 statementId, Int32& affectedRows, Int64& insertedId)
   в MySql.Data.MySqlClient.Driver.NextResult(Int32 statementId, Boolean force)
   в MySql.Data.MySqlClient.MySqlDataReader.NextResult()
   в MySql.Data.MySqlClient.MySqlCommand.ExecuteReader(CommandBehavior behavior)
   в MySql.Data.MySqlClient.MySqlCommand.ExecuteDbDataReader(CommandBehavior behavior)
   в System.Data.Common.DbCommand.System.Data.IDbCommand.ExecuteReader(CommandBehavior behavior)
   в System.Data.Common.DbDataAdapter.FillInternal(DataSet dataset, DataTable[] datatables, Int32 startRecord, Int32 maxRecords, String srcTable, IDbCommand command, CommandBehavior behavior)
   в System.Data.Common.DbDataAdapter.Fill(DataTable[] dataTables, Int32 startRecord, Int32 maxRecords, IDbCommand command, CommandBehavior behavior)
   в System.Data.Common.DbDataAdapter.Fill(DataTable dataTable)
   в Liftais.Ais.create_note_Click(Object sender, RoutedEventArgs e) в C:\Users\Семён\Documents\GitHub\Practice_Lift1\Liftais\Liftais\Ais.xaml.cs:строка 441
   в System.Windows.RoutedEventHandlerInfo.InvokeHandler(Object target, RoutedEventArgs routedEventArgs)
   в System.Windows.EventRoute.InvokeHandlersImpl(Object source, RoutedEventArgs args, Boolean reRaised)
   в System.Windows.UIElement.RaiseEventImpl(DependencyObject sender, RoutedEventArgs args)
   в System.Windows.UIElement.RaiseEvent(RoutedEventArgs e)
   в System.Windows.Controls.Primitives.ButtonBase.OnClick()
   в System.Windows.Controls.Button.OnClick()
   в System.Windows.Controls.Primitives.ButtonBase.OnMouseLeftButtonUp(MouseButtonEventArgs e)
   в System.Windows.UIElement.OnMouseLeftButtonUpThunk(Object sender, MouseButtonEventArgs e)
   в System.Windows.Input.MouseButtonEventArgs.InvokeEventHandler(Delegate genericHandler, Object genericTarget)
   в System.Windows.RoutedEventArgs.InvokeHandler(Delegate handler, Object target)
   в System.Windows.RoutedEventHandlerInfo.InvokeHandler(Object target, RoutedEventArgs routedEventArgs)
   в System.Windows.EventRoute.InvokeHandlersImpl(Object source, RoutedEventArgs args, Boolean reRaised)
   в System.Windows.UIElement.ReRaiseEventAs(DependencyObject sender, RoutedEventArgs args, RoutedEvent newEvent)
   в System.Windows.UIElement.OnMouseUpThunk(Object sender, MouseButtonEventArgs e)
   в System.Windows.Input.MouseButtonEventArgs.InvokeEventHandler(Delegate genericHandler, Object genericTarget)
   в System.Windows.RoutedEventArgs.InvokeHandler(Delegate handler, Object target)
   в System.Windows.RoutedEventHandlerInfo.InvokeHandler(Object target, RoutedEventArgs routedEventArgs)
   в System.Windows.EventRoute.InvokeHandlersImpl(Object source, RoutedEventArgs args, Boolean reRaised)
   в System.Windows.UIElement.RaiseEventImpl(DependencyObject sender, RoutedEventArgs args)
   в System.Windows.UIElement.RaiseTrustedEvent(RoutedEventArgs args)
   в System.Windows.UIElement.RaiseEvent(RoutedEventArgs args, Boolean trusted)
   в System.Windows.Input.InputManager.ProcessStagingArea()
   в System.Windows.Input.InputManager.ProcessInput(InputEventArgs input)
   в System.Windows.Input.InputProviderSite.ReportInput(InputReport inputReport)
   в System.Windows.Interop.HwndMouseInputProvider.ReportInput(IntPtr hwnd, InputMode mode, Int32 timestamp, RawMouseActions actions, Int32 x, Int32 y, Int32 wheel)
   в System.Windows.Interop.HwndMouseInputProvider.FilterMessage(IntPtr hwnd, WindowMessage msg, IntPtr wParam, IntPtr lParam, Boolean& handled)
   в System.Windows.Interop.HwndSource.InputFilterMessage(IntPtr hwnd, Int32 msg, IntPtr wParam, IntPtr lParam, Boolean& handled)
   в MS.Win32.HwndWrapper.WndProc(IntPtr hwnd, Int32 msg, IntPtr wParam, IntPtr lParam, Boolean& handled)
   в MS.Win32.HwndSubclass.DispatcherCallbackOperation(Object o)
   в System.Windows.Threading.ExceptionWrapper.InternalRealCall(Delegate callback, Object args, Int32 numArgs)
   в System.Windows.Threading.ExceptionWrapper.TryCatchWhen(Object source, Delegate callback, Object args, Int32 numArgs, Delegate catchHandler)
   в System.Windows.Threading.Dispatcher.LegacyInvokeImpl(DispatcherPriority priority, TimeSpan timeout, Delegate method, Object args, Int32 numArgs)
   в MS.Win32.HwndSubclass.SubclassWndProc(IntPtr hwnd, Int32 msg, IntPtr wParam, IntPtr lParam)
   в MS.Win32.UnsafeNativeMethods.DispatchMessage(MSG& msg)
   в System.Windows.Threading.Dispatcher.PushFrameImpl(DispatcherFrame frame)
   в System.Windows.Threading.Dispatcher.PushFrame(DispatcherFrame frame)
   в System.Windows.Window.ShowHelper(Object booleanBox)
   в System.Windows.Window.Show()
   в System.Windows.Window.ShowDialog()
   в Liftais.MainWindow.SingIn_Click(Object sender, RoutedEventArgs y) в C:\Users\Семён\Documents\GitHub\Practice_Lift1\Liftais\Liftais\MainWindow.xaml.cs:строка 62
2022-11-14 21:49:52.7598 DEBUG Инициализация программы
2022-11-14 21:49:52.8147 DEBUG Выполнение запроса Sql + Подключение к Базе данных
2022-11-14 21:49:53.0459 DEBUG Успешное подключение 
Аккаунт: admin
2022-11-14 21:49:53.0459 DEBUG Попытка входа
2022-11-14 21:49:53.0459 INFO Успешный вход
2022-11-14 21:50:08.6960 ERROR Ошибка MySql.Data.MySqlClient.MySqlException (0x80004005): Incorrect integer value: ' ' for column `lift`.`magazine`.`id_event` at row 1
   в MySql.Data.MySqlClient.MySqlStream.ReadPacket()
   в MySql.Data.MySqlClient.NativeDriver.GetResult(Int32& affectedRow, Int64& insertedId)
   в MySql.Data.MySqlClient.Driver.GetResult(Int32 statementId, Int32& affectedRows, Int64& insertedId)
   в MySql.Data.MySqlClient.Driver.NextResult(Int32 statementId, Boolean force)
   в MySql.Data.MySqlClient.MySqlDataReader.NextResult()
   в MySql.Data.MySqlClient.MySqlCommand.ExecuteReader(CommandBehavior behavior)
   в MySql.Data.MySqlClient.MySqlCommand.ExecuteDbDataReader(CommandBehavior behavior)
   в System.Data.Common.DbCommand.System.Data.IDbCommand.ExecuteReader(CommandBehavior behavior)
   в System.Data.Common.DbDataAdapter.FillInternal(DataSet dataset, DataTable[] datatables, Int32 startRecord, Int32 maxRecords, String srcTable, IDbCommand command, CommandBehavior behavior)
   в System.Data.Common.DbDataAdapter.Fill(DataTable[] dataTables, Int32 startRecord, Int32 maxRecords, IDbCommand command, CommandBehavior behavior)
   в System.Data.Common.DbDataAdapter.Fill(DataTable dataTable)
   в Liftais.Ais.create_note_Click(Object sender, RoutedEventArgs e) в C:\Users\Семён\Documents\GitHub\Practice_Lift1\Liftais\Liftais\Ais.xaml.cs:строка 441
   в System.Windows.RoutedEventHandlerInfo.InvokeHandler(Object target, RoutedEventArgs routedEventArgs)
   в System.Windows.EventRoute.InvokeHandlersImpl(Object source, RoutedEventArgs args, Boolean reRaised)
   в System.Windows.UIElement.RaiseEventImpl(DependencyObject sender, RoutedEventArgs args)
   в System.Windows.UIElement.RaiseEvent(RoutedEventArgs e)
   в System.Windows.Controls.Primitives.ButtonBase.OnClick()
   в System.Windows.Controls.Button.OnClick()
   в System.Windows.Controls.Primitives.ButtonBase.OnMouseLeftButtonUp(MouseButtonEventArgs e)
   в System.Windows.UIElement.OnMouseLeftButtonUpThunk(Object sender, MouseButtonEventArgs e)
   в System.Windows.Input.MouseButtonEventArgs.InvokeEventHandler(Delegate genericHandler, Object genericTarget)
   в System.Windows.RoutedEventArgs.InvokeHandler(Delegate handler, Object target)
   в System.Windows.RoutedEventHandlerInfo.InvokeHandler(Object target, RoutedEventArgs routedEventArgs)
   в System.Windows.EventRoute.InvokeHandlersImpl(Object source, RoutedEventArgs args, Boolean reRaised)
   в System.Windows.UIElement.ReRaiseEventAs(DependencyObject sender, RoutedEventArgs args, RoutedEvent newEvent)
   в System.Windows.UIElement.OnMouseUpThunk(Object sender, MouseButtonEventArgs e)
   в System.Windows.Input.MouseButtonEventArgs.InvokeEventHandler(Delegate genericHandler, Object genericTarget)
   в System.Windows.RoutedEventArgs.InvokeHandler(Delegate handler, Object target)
   в System.Windows.RoutedEventHandlerInfo.InvokeHandler(Object target, RoutedEventArgs routedEventArgs)
   в System.Windows.EventRoute.InvokeHandlersImpl(Object source, RoutedEventArgs args, Boolean reRaised)
   в System.Windows.UIElement.RaiseEventImpl(DependencyObject sender, RoutedEventArgs args)
   в System.Windows.UIElement.RaiseTrustedEvent(RoutedEventArgs args)
   в System.Windows.UIElement.RaiseEvent(RoutedEventArgs args, Boolean trusted)
   в System.Windows.Input.InputManager.ProcessStagingArea()
   в System.Windows.Input.InputManager.ProcessInput(InputEventArgs input)
   в System.Windows.Input.InputProviderSite.ReportInput(InputReport inputReport)
   в System.Windows.Interop.HwndMouseInputProvider.ReportInput(IntPtr hwnd, InputMode mode, Int32 timestamp, RawMouseActions actions, Int32 x, Int32 y, Int32 wheel)
   в System.Windows.Interop.HwndMouseInputProvider.FilterMessage(IntPtr hwnd, WindowMessage msg, IntPtr wParam, IntPtr lParam, Boolean& handled)
   в System.Windows.Interop.HwndSource.InputFilterMessage(IntPtr hwnd, Int32 msg, IntPtr wParam, IntPtr lParam, Boolean& handled)
   в MS.Win32.HwndWrapper.WndProc(IntPtr hwnd, Int32 msg, IntPtr wParam, IntPtr lParam, Boolean& handled)
   в MS.Win32.HwndSubclass.DispatcherCallbackOperation(Object o)
   в System.Windows.Threading.ExceptionWrapper.InternalRealCall(Delegate callback, Object args, Int32 numArgs)
   в System.Windows.Threading.ExceptionWrapper.TryCatchWhen(Object source, Delegate callback, Object args, Int32 numArgs, Delegate catchHandler)
   в System.Windows.Threading.Dispatcher.LegacyInvokeImpl(DispatcherPriority priority, TimeSpan timeout, Delegate method, Object args, Int32 numArgs)
   в MS.Win32.HwndSubclass.SubclassWndProc(IntPtr hwnd, Int32 msg, IntPtr wParam, IntPtr lParam)
   в MS.Win32.UnsafeNativeMethods.DispatchMessage(MSG& msg)
   в System.Windows.Threading.Dispatcher.PushFrameImpl(DispatcherFrame frame)
   в System.Windows.Threading.Dispatcher.PushFrame(DispatcherFrame frame)
   в System.Windows.Window.ShowHelper(Object booleanBox)
   в System.Windows.Window.Show()
   в System.Windows.Window.ShowDialog()
   в Liftais.MainWindow.SingIn_Click(Object sender, RoutedEventArgs y) в C:\Users\Семён\Documents\GitHub\Practice_Lift1\Liftais\Liftais\MainWindow.xaml.cs:строка 62
2022-11-14 21:53:40.8768 DEBUG Инициализация программы
2022-11-14 21:53:40.9446 DEBUG Выполнение запроса Sql + Подключение к Базе данных
2022-11-14 21:53:43.8486 DEBUG Успешное подключение 
Аккаунт: admin
2022-11-14 21:53:43.8486 DEBUG Попытка входа
2022-11-14 21:53:43.8486 INFO Успешный вход
2022-11-14 21:57:04.4222 DEBUG Инициализация программы
2022-11-14 21:57:04.5164 DEBUG Выполнение запроса Sql + Подключение к Базе данных
2022-11-14 21:57:05.3294 DEBUG Успешное подключение 
Аккаунт: admin
2022-11-14 21:57:05.3294 DEBUG Попытка входа
2022-11-14 21:57:05.3294 INFO Успешный вход
2022-11-14 22:00:22.1480 DEBUG Инициализация программы
2022-11-14 22:00:22.6250 DEBUG Выполнение запроса Sql + Подключение к Базе данных
2022-11-14 22:00:24.3148 DEBUG Успешное подключение 
Аккаунт: admin
2022-11-14 22:00:24.3148 DEBUG Попытка входа
2022-11-14 22:00:24.3148 INFO Успешный вход
2022-11-14 22:03:51.0883 DEBUG Инициализация программы
2022-11-14 22:03:51.1482 DEBUG Выполнение запроса Sql + Подключение к Базе данных
2022-11-14 22:03:51.4445 DEBUG Успешное подключение 
Аккаунт: admin
2022-11-14 22:03:51.4445 DEBUG Попытка входа
2022-11-14 22:03:51.4445 INFO Успешный вход
