2022-12-11 12:52:11.9700 DEBUG Инициализация программы
2022-12-11 12:52:12.3170 DEBUG Выполнение запроса Sql + Подключение к Базе данных
2022-12-11 12:52:28.1794 ERROR Ошибка MySql.Data.MySqlClient.MySqlException (0x80004005): Unable to connect to any of the specified MySQL hosts. ---> System.Net.Sockets.SocketException (0x80004005): Попытка установить соединение была безуспешной, т.к. от другого компьютера за требуемое время не получен нужный отклик, или было разорвано уже установленное соединение из-за неверного отклика уже подключенного компьютера 192.168.88.54:3306
   в System.Net.Sockets.Socket.InternalEndConnect(IAsyncResult asyncResult)
   в System.Net.Sockets.Socket.EndConnect(IAsyncResult asyncResult)
   в System.Net.Sockets.TcpClient.EndConnect(IAsyncResult asyncResult)
   в System.Threading.Tasks.TaskFactory`1.FromAsyncCoreLogic(IAsyncResult iar, Func`2 endFunction, Action`1 endAction, Task`1 promise, Boolean requiresSynchronization)
   в MySql.Data.MySqlClient.NativeDriver.<>c.<Open>b__40_0(Exception ex)
   в System.AggregateException.Handle(Func`2 predicate)
   в MySql.Data.MySqlClient.NativeDriver.Open()
   в MySql.Data.MySqlClient.Driver.Open()
   в MySql.Data.MySqlClient.Driver.Create(MySqlConnectionStringBuilder settings)
   в MySql.Data.MySqlClient.MySqlPool.CreateNewPooledConnection()
   в MySql.Data.MySqlClient.MySqlPool.GetPooledConnection()
   в MySql.Data.MySqlClient.MySqlPool.TryToGetDriver()
   в MySql.Data.MySqlClient.MySqlPool.GetConnection()
   в MySql.Data.MySqlClient.MySqlConnection.Open()
   в System.Data.Common.DbDataAdapter.FillInternal(DataSet dataset, DataTable[] datatables, Int32 startRecord, Int32 maxRecords, String srcTable, IDbCommand command, CommandBehavior behavior)
   в System.Data.Common.DbDataAdapter.Fill(DataTable[] dataTables, Int32 startRecord, Int32 maxRecords, IDbCommand command, CommandBehavior behavior)
   в System.Data.Common.DbDataAdapter.Fill(DataTable dataTable)
   в Liftais.MainWindow.SingIn_Click(Object sender, RoutedEventArgs y) в C:\Users\Семён\Documents\GitHub\Practice_Lift1\Liftais\Liftais\MainWindow.xaml.cs:строка 55
2022-12-11 22:37:21.3581 DEBUG Инициализация программы
2022-12-11 22:37:21.9983 DEBUG Выполнение запроса Sql + Подключение к Базе данных
2022-12-11 22:37:24.5904 DEBUG Успешное подключение 
Аккаунт: admin
2022-12-11 22:37:24.5904 DEBUG Попытка входа
2022-12-11 22:37:24.5904 INFO Успешный вход
2022-12-11 22:40:21.3805 DEBUG Инициализация программы
2022-12-11 22:40:21.8323 DEBUG Выполнение запроса Sql + Подключение к Базе данных
2022-12-11 22:40:23.9815 DEBUG Успешное подключение 
Аккаунт: admin
2022-12-11 22:40:23.9815 DEBUG Попытка входа
2022-12-11 22:40:23.9815 INFO Успешный вход
2022-12-11 22:42:09.4285 DEBUG Инициализация программы
2022-12-11 22:42:09.4953 DEBUG Выполнение запроса Sql + Подключение к Базе данных
2022-12-11 22:42:09.8045 DEBUG Успешное подключение 
Аккаунт: admin
2022-12-11 22:42:09.8045 DEBUG Попытка входа
2022-12-11 22:42:09.8045 INFO Успешный вход
2022-12-11 22:44:09.3751 DEBUG Инициализация программы
2022-12-11 22:44:09.4320 DEBUG Выполнение запроса Sql + Подключение к Базе данных
2022-12-11 22:44:09.7312 DEBUG Успешное подключение 
Аккаунт: admin
2022-12-11 22:44:09.7312 DEBUG Попытка входа
2022-12-11 22:44:09.7312 INFO Успешный вход
2022-12-11 22:46:12.0524 DEBUG Инициализация программы
2022-12-11 22:46:12.2968 DEBUG Выполнение запроса Sql + Подключение к Базе данных
2022-12-11 22:46:12.5132 DEBUG Успешное подключение 
Аккаунт: admin
2022-12-11 22:46:12.5132 DEBUG Попытка входа
2022-12-11 22:46:12.5132 INFO Успешный вход
2022-12-11 22:50:47.5425 DEBUG Инициализация программы
2022-12-11 22:50:47.6103 DEBUG Выполнение запроса Sql + Подключение к Базе данных
2022-12-11 22:50:47.8456 DEBUG Успешное подключение 
Аккаунт: admin
2022-12-11 22:50:47.8456 DEBUG Попытка входа
2022-12-11 22:50:47.8456 INFO Успешный вход
2022-12-11 22:54:12.7901 DEBUG Инициализация программы
2022-12-11 22:54:12.8480 DEBUG Выполнение запроса Sql + Подключение к Базе данных
2022-12-11 22:54:13.0764 DEBUG Успешное подключение 
Аккаунт: admin
2022-12-11 22:54:13.0764 DEBUG Попытка входа
2022-12-11 22:54:13.0764 INFO Успешный вход
2022-12-11 22:58:58.1348 DEBUG Инициализация программы
2022-12-11 22:58:58.1966 DEBUG Выполнение запроса Sql + Подключение к Базе данных
2022-12-11 22:58:58.3971 DEBUG Успешное подключение 
Аккаунт: admin
2022-12-11 22:58:58.3971 DEBUG Попытка входа
2022-12-11 22:58:58.3971 INFO Успешный вход
2022-12-11 23:01:14.7065 DEBUG Инициализация программы
2022-12-11 23:01:14.7634 DEBUG Выполнение запроса Sql + Подключение к Базе данных
2022-12-11 23:01:14.9578 DEBUG Успешное подключение 
Аккаунт: admin
2022-12-11 23:01:14.9578 DEBUG Попытка входа
2022-12-11 23:01:14.9578 INFO Успешный вход
2022-12-11 23:03:38.1191 DEBUG Инициализация программы
2022-12-11 23:03:38.1779 DEBUG Выполнение запроса Sql + Подключение к Базе данных
2022-12-11 23:03:38.3963 DEBUG Успешное подключение 
Аккаунт: admin
2022-12-11 23:03:38.3963 DEBUG Попытка входа
2022-12-11 23:03:38.3963 INFO Успешный вход
2022-12-11 23:06:17.6474 DEBUG Инициализация программы
2022-12-11 23:06:17.7083 DEBUG Выполнение запроса Sql + Подключение к Базе данных
2022-12-11 23:06:17.9506 DEBUG Успешное подключение 
Аккаунт: admin
2022-12-11 23:06:17.9506 DEBUG Попытка входа
2022-12-11 23:06:17.9506 INFO Успешный вход
2022-12-11 23:07:38.9181 DEBUG Инициализация программы
2022-12-11 23:07:38.9809 DEBUG Выполнение запроса Sql + Подключение к Базе данных
2022-12-11 23:07:39.1704 DEBUG Успешное подключение 
Аккаунт: admin
2022-12-11 23:07:39.1704 DEBUG Попытка входа
2022-12-11 23:07:39.1704 INFO Успешный вход
2022-12-11 23:09:48.4906 DEBUG Инициализация программы
2022-12-11 23:09:48.5495 DEBUG Выполнение запроса Sql + Подключение к Базе данных
2022-12-11 23:09:48.7410 DEBUG Успешное подключение 
Аккаунт: admin
2022-12-11 23:09:48.7410 DEBUG Попытка входа
2022-12-11 23:09:48.7410 INFO Успешный вход
