2022-11-04 00:19:36.7946 DEBUG Инициализация программы
2022-11-04 00:19:39.4761 DEBUG Выполнение запроса Sql + Подключение к Базе данных
2022-11-04 00:19:46.7724 DEBUG Успешное подключение 
Аккаунт: admin
2022-11-04 00:19:46.7724 DEBUG Попытка входа
2022-11-04 00:19:46.7724 INFO Успешный вход
2022-11-04 00:22:53.4650 DEBUG Инициализация программы
2022-11-04 00:22:53.9350 DEBUG Выполнение запроса Sql + Подключение к Базе данных
2022-11-04 00:22:57.2894 DEBUG Успешное подключение 
Аккаунт: admin
2022-11-04 00:22:57.2894 DEBUG Попытка входа
2022-11-04 00:22:57.2894 INFO Успешный вход
2022-11-04 00:24:26.0832 DEBUG Инициализация программы
2022-11-04 00:24:26.1356 DEBUG Выполнение запроса Sql + Подключение к Базе данных
2022-11-04 00:24:26.7086 DEBUG Успешное подключение 
Аккаунт: admin
2022-11-04 00:24:26.7086 DEBUG Попытка входа
2022-11-04 00:24:26.7086 INFO Успешный вход
2022-11-04 00:25:44.4438 DEBUG Инициализация программы
2022-11-04 00:25:44.4961 DEBUG Выполнение запроса Sql + Подключение к Базе данных
2022-11-04 00:25:44.7355 DEBUG Успешное подключение 
Аккаунт: admin
2022-11-04 00:25:44.7355 DEBUG Попытка входа
2022-11-04 00:25:44.7355 INFO Успешный вход
2022-11-04 00:29:40.1133 DEBUG Инициализация программы
2022-11-04 00:29:40.1647 DEBUG Выполнение запроса Sql + Подключение к Базе данных
2022-11-04 00:29:40.3969 DEBUG Успешное подключение 
Аккаунт: admin
2022-11-04 00:29:40.3969 DEBUG Попытка входа
2022-11-04 00:29:40.3969 INFO Успешный вход
2022-11-04 00:31:28.6813 DEBUG Инициализация программы
2022-11-04 00:31:28.7328 DEBUG Выполнение запроса Sql + Подключение к Базе данных
2022-11-04 00:31:28.9911 DEBUG Успешное подключение 
Аккаунт: admin
2022-11-04 00:31:28.9911 DEBUG Попытка входа
2022-11-04 00:31:28.9911 INFO Успешный вход
2022-11-04 00:33:21.1443 DEBUG Инициализация программы
2022-11-04 00:33:21.1970 DEBUG Выполнение запроса Sql + Подключение к Базе данных
2022-11-04 00:33:21.4544 DEBUG Успешное подключение 
Аккаунт: admin
2022-11-04 00:33:21.4544 DEBUG Попытка входа
2022-11-04 00:33:21.4544 INFO Успешный вход
2022-11-04 00:34:04.5685 DEBUG Инициализация программы
2022-11-04 00:34:04.6210 DEBUG Выполнение запроса Sql + Подключение к Базе данных
2022-11-04 00:34:04.8734 DEBUG Успешное подключение 
Аккаунт: admin
2022-11-04 00:34:04.8734 DEBUG Попытка входа
2022-11-04 00:34:04.8734 INFO Успешный вход
2022-11-04 00:34:54.7286 DEBUG Инициализация программы
2022-11-04 00:34:54.7808 DEBUG Выполнение запроса Sql + Подключение к Базе данных
2022-11-04 00:34:55.0180 DEBUG Успешное подключение 
Аккаунт: admin
2022-11-04 00:34:55.0180 DEBUG Попытка входа
2022-11-04 00:34:55.0180 INFO Успешный вход
2022-11-04 00:35:33.4657 DEBUG Инициализация программы
2022-11-04 00:35:33.5213 DEBUG Выполнение запроса Sql + Подключение к Базе данных
2022-11-04 00:35:33.7758 DEBUG Успешное подключение 
Аккаунт: admin
2022-11-04 00:35:33.7758 DEBUG Попытка входа
2022-11-04 00:35:33.7758 INFO Успешный вход
2022-11-04 00:36:19.9235 ERROR Ошибка:  System.ArgumentOutOfRangeException: Row number must be between 1 and 1048576
Имя параметра: cellAddressInRange
   в ClosedXML.Excel.XLRangeBase.Cell(XLAddress& cellAddressInRange) в C:\projects\closedxml\ClosedXML\Excel\Ranges\XLRangeBase.cs:строка 789
   в ClosedXML.Excel.XLRangeBase.Cell(Int32 row, Int32 column) в C:\projects\closedxml\ClosedXML\Excel\Ranges\XLRangeBase.cs:строка 758
   в ClosedXML.Excel.XLWorksheet.ClosedXML.Excel.IXLWorksheet.Cell(Int32 row, Int32 column) в C:\projects\closedxml\ClosedXML\Excel\XLWorksheet.cs:строка 454
   в Liftais.Ais.btnexp_Click(Object sender, RoutedEventArgs e) в C:\Users\Семён\Documents\GitHub\Practice_Lift1\Liftais\Liftais\Ais.xaml.cs:строка 320
2022-11-04 00:37:00.2227 ERROR Ошибка:  System.ArgumentOutOfRangeException: Row number must be between 1 and 1048576
Имя параметра: cellAddressInRange
   в ClosedXML.Excel.XLRangeBase.Cell(XLAddress& cellAddressInRange) в C:\projects\closedxml\ClosedXML\Excel\Ranges\XLRangeBase.cs:строка 789
   в ClosedXML.Excel.XLRangeBase.Cell(Int32 row, Int32 column) в C:\projects\closedxml\ClosedXML\Excel\Ranges\XLRangeBase.cs:строка 758
   в ClosedXML.Excel.XLWorksheet.ClosedXML.Excel.IXLWorksheet.Cell(Int32 row, Int32 column) в C:\projects\closedxml\ClosedXML\Excel\XLWorksheet.cs:строка 454
   в Liftais.Ais.btnexp_Click(Object sender, RoutedEventArgs e) в C:\Users\Семён\Documents\GitHub\Practice_Lift1\Liftais\Liftais\Ais.xaml.cs:строка 320
2022-11-04 00:37:20.7882 DEBUG Инициализация программы
2022-11-04 00:37:20.7882 DEBUG Выполнение запроса Sql + Подключение к Базе данных
2022-11-04 00:37:20.7962 DEBUG Успешное подключение 
Аккаунт: admin
2022-11-04 00:37:20.7962 DEBUG Попытка входа
2022-11-04 00:37:20.7962 INFO Успешный вход
2022-11-04 00:37:40.6016 ERROR Ошибка:  System.ArgumentOutOfRangeException: Row number must be between 1 and 1048576
Имя параметра: cellAddressInRange
   в ClosedXML.Excel.XLRangeBase.Cell(XLAddress& cellAddressInRange) в C:\projects\closedxml\ClosedXML\Excel\Ranges\XLRangeBase.cs:строка 789
   в ClosedXML.Excel.XLRangeBase.Cell(Int32 row, Int32 column) в C:\projects\closedxml\ClosedXML\Excel\Ranges\XLRangeBase.cs:строка 758
   в ClosedXML.Excel.XLWorksheet.ClosedXML.Excel.IXLWorksheet.Cell(Int32 row, Int32 column) в C:\projects\closedxml\ClosedXML\Excel\XLWorksheet.cs:строка 454
   в Liftais.Ais.btnexp_Click(Object sender, RoutedEventArgs e) в C:\Users\Семён\Documents\GitHub\Practice_Lift1\Liftais\Liftais\Ais.xaml.cs:строка 320
2022-11-04 00:38:14.2764 DEBUG Инициализация программы
2022-11-04 00:38:14.2764 DEBUG Выполнение запроса Sql + Подключение к Базе данных
2022-11-04 00:38:14.2868 DEBUG Успешное подключение 
Аккаунт: admin
2022-11-04 00:38:14.2868 DEBUG Попытка входа
2022-11-04 00:38:14.2868 INFO Успешный вход
2022-11-04 00:38:26.8557 ERROR Ошибка:  System.IndexOutOfRangeException: Невозможно найти столбец 6.
   в System.Data.DataColumnCollection.get_Item(Int32 index)
   в System.Data.DataRow.get_Item(Int32 columnIndex, DataRowVersion version)
   в System.Data.DataRowView.get_Item(Int32 ndx)
   в Liftais.Ais.btnexp_Click(Object sender, RoutedEventArgs e) в C:\Users\Семён\Documents\GitHub\Practice_Lift1\Liftais\Liftais\Ais.xaml.cs:строка 341
2022-11-04 00:38:55.2135 ERROR Ошибка:  System.ArgumentOutOfRangeException: Row number must be between 1 and 1048576
Имя параметра: cellAddressInRange
   в ClosedXML.Excel.XLRangeBase.Cell(XLAddress& cellAddressInRange) в C:\projects\closedxml\ClosedXML\Excel\Ranges\XLRangeBase.cs:строка 789
   в ClosedXML.Excel.XLRangeBase.Cell(Int32 row, Int32 column) в C:\projects\closedxml\ClosedXML\Excel\Ranges\XLRangeBase.cs:строка 758
   в ClosedXML.Excel.XLWorksheet.ClosedXML.Excel.IXLWorksheet.Cell(Int32 row, Int32 column) в C:\projects\closedxml\ClosedXML\Excel\XLWorksheet.cs:строка 454
   в Liftais.Ais.btnexp_Click(Object sender, RoutedEventArgs e) в C:\Users\Семён\Documents\GitHub\Practice_Lift1\Liftais\Liftais\Ais.xaml.cs:строка 320
2022-11-04 00:39:07.5400 DEBUG Инициализация программы
2022-11-04 00:39:07.5400 DEBUG Выполнение запроса Sql + Подключение к Базе данных
2022-11-04 00:39:07.5475 DEBUG Успешное подключение 
Аккаунт: admin
2022-11-04 00:39:07.5475 DEBUG Попытка входа
2022-11-04 00:39:07.5475 INFO Успешный вход
2022-11-04 00:39:12.2551 ERROR Ошибка:  System.IndexOutOfRangeException: Невозможно найти столбец 6.
   в System.Data.DataColumnCollection.get_Item(Int32 index)
   в System.Data.DataRow.get_Item(Int32 columnIndex, DataRowVersion version)
   в System.Data.DataRowView.get_Item(Int32 ndx)
   в Liftais.Ais.btnexp_Click(Object sender, RoutedEventArgs e) в C:\Users\Семён\Documents\GitHub\Practice_Lift1\Liftais\Liftais\Ais.xaml.cs:строка 312
2022-11-04 00:39:55.6244 ERROR Ошибка:  System.ArgumentOutOfRangeException: Row number must be between 1 and 1048576
Имя параметра: cellAddressInRange
   в ClosedXML.Excel.XLRangeBase.Cell(XLAddress& cellAddressInRange) в C:\projects\closedxml\ClosedXML\Excel\Ranges\XLRangeBase.cs:строка 789
   в ClosedXML.Excel.XLRangeBase.Cell(Int32 row, Int32 column) в C:\projects\closedxml\ClosedXML\Excel\Ranges\XLRangeBase.cs:строка 758
   в ClosedXML.Excel.XLWorksheet.ClosedXML.Excel.IXLWorksheet.Cell(Int32 row, Int32 column) в C:\projects\closedxml\ClosedXML\Excel\XLWorksheet.cs:строка 454
   в Liftais.Ais.btnexp_Click(Object sender, RoutedEventArgs e) в C:\Users\Семён\Documents\GitHub\Practice_Lift1\Liftais\Liftais\Ais.xaml.cs:строка 320
2022-11-04 00:42:28.8545 DEBUG Инициализация программы
2022-11-04 00:42:28.9061 DEBUG Выполнение запроса Sql + Подключение к Базе данных
2022-11-04 00:42:29.1479 DEBUG Успешное подключение 
Аккаунт: admin
2022-11-04 00:42:29.1479 DEBUG Попытка входа
2022-11-04 00:42:29.1479 INFO Успешный вход
2022-11-04 00:42:56.0261 ERROR Ошибка:  System.IndexOutOfRangeException: Невозможно найти столбец 6.
   в System.Data.DataColumnCollection.get_Item(Int32 index)
   в System.Data.DataRow.get_Item(Int32 columnIndex, DataRowVersion version)
   в System.Data.DataRowView.get_Item(Int32 ndx)
   в Liftais.Ais.btnexp_Click(Object sender, RoutedEventArgs e) в C:\Users\Семён\Documents\GitHub\Practice_Lift1\Liftais\Liftais\Ais.xaml.cs:строка 312
2022-11-04 00:44:43.4622 DEBUG Инициализация программы
2022-11-04 00:44:43.5197 DEBUG Выполнение запроса Sql + Подключение к Базе данных
2022-11-04 00:44:43.7597 DEBUG Успешное подключение 
Аккаунт: admin
2022-11-04 00:44:43.7597 DEBUG Попытка входа
2022-11-04 00:44:43.7597 INFO Успешный вход
2022-11-04 00:47:03.1329 DEBUG Инициализация программы
2022-11-04 00:47:03.1853 DEBUG Выполнение запроса Sql + Подключение к Базе данных
2022-11-04 00:47:03.4377 DEBUG Успешное подключение 
Аккаунт: admin
2022-11-04 00:47:03.4377 DEBUG Попытка входа
2022-11-04 00:47:03.4377 INFO Успешный вход
2022-11-04 00:47:17.5942 ERROR Ошибка:  System.ArgumentOutOfRangeException: Row number must be between 1 and 1048576
Имя параметра: cellAddressInRange
   в ClosedXML.Excel.XLRangeBase.Cell(XLAddress& cellAddressInRange) в C:\projects\closedxml\ClosedXML\Excel\Ranges\XLRangeBase.cs:строка 789
   в ClosedXML.Excel.XLRangeBase.Cell(Int32 row, Int32 column) в C:\projects\closedxml\ClosedXML\Excel\Ranges\XLRangeBase.cs:строка 758
   в ClosedXML.Excel.XLWorksheet.ClosedXML.Excel.IXLWorksheet.Cell(Int32 row, Int32 column) в C:\projects\closedxml\ClosedXML\Excel\XLWorksheet.cs:строка 454
   в Liftais.Ais.btnexp_Click(Object sender, RoutedEventArgs e) в C:\Users\Семён\Documents\GitHub\Practice_Lift1\Liftais\Liftais\Ais.xaml.cs:строка 320
2022-11-04 00:48:16.7503 DEBUG Инициализация программы
2022-11-04 00:48:16.8028 DEBUG Выполнение запроса Sql + Подключение к Базе данных
2022-11-04 00:48:17.0549 DEBUG Успешное подключение 
Аккаунт: admin
2022-11-04 00:48:17.0549 DEBUG Попытка входа
2022-11-04 00:48:17.0549 INFO Успешный вход
2022-11-04 00:48:35.2737 ERROR Ошибка:  System.ArgumentOutOfRangeException: Row number must be between 1 and 1048576
Имя параметра: cellAddressInRange
   в ClosedXML.Excel.XLRangeBase.Cell(XLAddress& cellAddressInRange) в C:\projects\closedxml\ClosedXML\Excel\Ranges\XLRangeBase.cs:строка 789
   в ClosedXML.Excel.XLRangeBase.Cell(Int32 row, Int32 column) в C:\projects\closedxml\ClosedXML\Excel\Ranges\XLRangeBase.cs:строка 758
   в ClosedXML.Excel.XLWorksheet.ClosedXML.Excel.IXLWorksheet.Cell(Int32 row, Int32 column) в C:\projects\closedxml\ClosedXML\Excel\XLWorksheet.cs:строка 454
   в Liftais.Ais.btnexp_Click(Object sender, RoutedEventArgs e) в C:\Users\Семён\Documents\GitHub\Practice_Lift1\Liftais\Liftais\Ais.xaml.cs:строка 320
2022-11-04 00:49:39.3101 DEBUG Инициализация программы
2022-11-04 00:49:39.3649 DEBUG Выполнение запроса Sql + Подключение к Базе данных
2022-11-04 00:49:39.6064 DEBUG Успешное подключение 
Аккаунт: admin
2022-11-04 00:49:39.6064 DEBUG Попытка входа
2022-11-04 00:49:39.6064 INFO Успешный вход
2022-11-04 00:49:54.5790 ERROR Ошибка:  System.ArgumentOutOfRangeException: Row number must be between 1 and 1048576
Имя параметра: cellAddressInRange
   в ClosedXML.Excel.XLRangeBase.Cell(XLAddress& cellAddressInRange) в C:\projects\closedxml\ClosedXML\Excel\Ranges\XLRangeBase.cs:строка 789
   в ClosedXML.Excel.XLRangeBase.Cell(Int32 row, Int32 column) в C:\projects\closedxml\ClosedXML\Excel\Ranges\XLRangeBase.cs:строка 758
   в ClosedXML.Excel.XLWorksheet.ClosedXML.Excel.IXLWorksheet.Cell(Int32 row, Int32 column) в C:\projects\closedxml\ClosedXML\Excel\XLWorksheet.cs:строка 454
   в Liftais.Ais.btnexp_Click(Object sender, RoutedEventArgs e) в C:\Users\Семён\Documents\GitHub\Practice_Lift1\Liftais\Liftais\Ais.xaml.cs:строка 320
2022-11-04 00:50:59.0285 DEBUG Инициализация программы
2022-11-04 00:50:59.0810 DEBUG Выполнение запроса Sql + Подключение к Базе данных
2022-11-04 00:50:59.3170 DEBUG Успешное подключение 
Аккаунт: admin
2022-11-04 00:50:59.3170 DEBUG Попытка входа
2022-11-04 00:50:59.3170 INFO Успешный вход
2022-11-04 00:51:14.0503 ERROR Ошибка:  System.ArgumentOutOfRangeException: Row number must be between 1 and 1048576
Имя параметра: cellAddressInRange
   в ClosedXML.Excel.XLRangeBase.Cell(XLAddress& cellAddressInRange) в C:\projects\closedxml\ClosedXML\Excel\Ranges\XLRangeBase.cs:строка 789
   в ClosedXML.Excel.XLRangeBase.Cell(Int32 row, Int32 column) в C:\projects\closedxml\ClosedXML\Excel\Ranges\XLRangeBase.cs:строка 758
   в ClosedXML.Excel.XLWorksheet.ClosedXML.Excel.IXLWorksheet.Cell(Int32 row, Int32 column) в C:\projects\closedxml\ClosedXML\Excel\XLWorksheet.cs:строка 454
   в Liftais.Ais.btnexp_Click(Object sender, RoutedEventArgs e) в C:\Users\Семён\Documents\GitHub\Practice_Lift1\Liftais\Liftais\Ais.xaml.cs:строка 320
2022-11-04 00:52:31.4601 DEBUG Инициализация программы
2022-11-04 00:52:31.5125 DEBUG Выполнение запроса Sql + Подключение к Базе данных
2022-11-04 00:52:31.8166 DEBUG Успешное подключение 
Аккаунт: admin
2022-11-04 00:52:31.8166 DEBUG Попытка входа
2022-11-04 00:52:31.8166 INFO Успешный вход
2022-11-04 00:53:02.8003 ERROR Ошибка:  System.IndexOutOfRangeException: Невозможно найти столбец 6.
   в System.Data.DataColumnCollection.get_Item(Int32 index)
   в System.Data.DataRow.get_Item(Int32 columnIndex, DataRowVersion version)
   в System.Data.DataRowView.get_Item(Int32 ndx)
   в Liftais.Ais.btnexp_Click(Object sender, RoutedEventArgs e) в C:\Users\Семён\Documents\GitHub\Practice_Lift1\Liftais\Liftais\Ais.xaml.cs:строка 312
2022-11-04 00:54:53.0552 DEBUG Инициализация программы
2022-11-04 00:54:53.0552 DEBUG Выполнение запроса Sql + Подключение к Базе данных
2022-11-04 00:54:53.0552 DEBUG Успешное подключение 
Аккаунт: admin
2022-11-04 00:54:53.0552 DEBUG Попытка входа
2022-11-04 00:54:53.0552 INFO Успешный вход
2022-11-04 00:55:00.8066 ERROR Ошибка:  System.IndexOutOfRangeException: Невозможно найти столбец 6.
   в System.Data.DataColumnCollection.get_Item(Int32 index)
   в System.Data.DataRow.get_Item(Int32 columnIndex, DataRowVersion version)
   в System.Data.DataRowView.get_Item(Int32 ndx)
   в Liftais.Ais.btnexp_Click(Object sender, RoutedEventArgs e) в C:\Users\Семён\Documents\GitHub\Practice_Lift1\Liftais\Liftais\Ais.xaml.cs:строка 312
2022-11-04 10:42:43.5707 DEBUG Инициализация программы
2022-11-04 10:42:44.1586 DEBUG Выполнение запроса Sql + Подключение к Базе данных
2022-11-04 10:42:45.7557 DEBUG Успешное подключение 
Аккаунт: admin
2022-11-04 10:42:45.7557 DEBUG Попытка входа
2022-11-04 10:42:45.7557 INFO Успешный вход
2022-11-04 10:49:01.4047 DEBUG Инициализация программы
2022-11-04 10:49:01.4984 DEBUG Выполнение запроса Sql + Подключение к Базе данных
2022-11-04 10:49:02.1468 DEBUG Успешное подключение 
Аккаунт: admin
2022-11-04 10:49:02.1468 DEBUG Попытка входа
2022-11-04 10:49:02.1468 INFO Успешный вход
2022-11-04 10:52:01.6997 DEBUG Инициализация программы
2022-11-04 10:52:01.7536 DEBUG Выполнение запроса Sql + Подключение к Базе данных
2022-11-04 10:52:02.0993 DEBUG Успешное подключение 
Аккаунт: admin
2022-11-04 10:52:02.0993 DEBUG Попытка входа
2022-11-04 10:52:02.0993 INFO Успешный вход
2022-11-04 11:01:51.2172 DEBUG Инициализация программы
2022-11-04 11:01:51.2904 DEBUG Выполнение запроса Sql + Подключение к Базе данных
2022-11-04 11:01:51.9767 DEBUG Успешное подключение 
Аккаунт: admin
2022-11-04 11:01:51.9767 DEBUG Попытка входа
2022-11-04 11:01:51.9767 INFO Успешный вход
2022-11-04 11:02:47.8815 DEBUG Инициализация программы
2022-11-04 11:02:47.9344 DEBUG Выполнение запроса Sql + Подключение к Базе данных
2022-11-04 11:02:48.5917 DEBUG Успешное подключение 
Аккаунт: admin
2022-11-04 11:02:48.5917 DEBUG Попытка входа
2022-11-04 11:02:48.5917 INFO Успешный вход
2022-11-04 11:03:50.2494 DEBUG Инициализация программы
2022-11-04 11:03:50.3022 DEBUG Выполнение запроса Sql + Подключение к Базе данных
2022-11-04 11:03:50.5510 DEBUG Успешное подключение 
Аккаунт: admin
2022-11-04 11:03:50.5510 DEBUG Попытка входа
2022-11-04 11:03:50.5520 INFO Успешный вход
2022-11-04 11:08:02.2012 DEBUG Инициализация программы
2022-11-04 11:08:02.2546 DEBUG Выполнение запроса Sql + Подключение к Базе данных
2022-11-04 11:08:02.5106 DEBUG Успешное подключение 
Аккаунт: admin
2022-11-04 11:08:02.5106 DEBUG Попытка входа
2022-11-04 11:08:02.5106 INFO Успешный вход
2022-11-04 11:09:56.6578 DEBUG Инициализация программы
2022-11-04 11:09:56.7107 DEBUG Выполнение запроса Sql + Подключение к Базе данных
2022-11-04 11:09:56.9622 DEBUG Успешное подключение 
Аккаунт: admin
2022-11-04 11:09:56.9622 DEBUG Попытка входа
2022-11-04 11:09:56.9622 INFO Успешный вход
2022-11-04 11:17:40.0809 DEBUG Инициализация программы
2022-11-04 11:17:40.1337 DEBUG Выполнение запроса Sql + Подключение к Базе данных
2022-11-04 11:17:40.3846 DEBUG Успешное подключение 
Аккаунт: admin
2022-11-04 11:17:40.3846 DEBUG Попытка входа
2022-11-04 11:17:40.3846 INFO Успешный вход
2022-11-04 11:24:05.0767 DEBUG Инициализация программы
2022-11-04 11:24:06.0270 DEBUG Выполнение запроса Sql + Подключение к Базе данных
2022-11-04 11:24:10.3347 DEBUG Успешное подключение 
Аккаунт: admin
2022-11-04 11:24:10.3347 DEBUG Попытка входа
2022-11-04 11:24:10.3347 INFO Успешный вход
2022-11-04 11:29:16.8871 DEBUG Инициализация программы
2022-11-04 11:29:17.0345 DEBUG Выполнение запроса Sql + Подключение к Базе данных
2022-11-04 11:29:18.0220 DEBUG Успешное подключение 
Аккаунт: admin
2022-11-04 11:29:18.0220 DEBUG Попытка входа
2022-11-04 11:29:18.0220 INFO Успешный вход
2022-11-04 11:29:30.8245 ERROR Ошибка:  System.IndexOutOfRangeException: Невозможно найти столбец 6.
   в System.Data.DataColumnCollection.get_Item(Int32 index)
   в System.Data.DataRow.get_Item(Int32 columnIndex, DataRowVersion version)
   в System.Data.DataRowView.get_Item(Int32 ndx)
   в Liftais.Ais.btnexp_Click(Object sender, RoutedEventArgs e) в C:\Users\Семён\Documents\GitHub\Practice_Lift1\Liftais\Liftais\Ais.xaml.cs:строка 312
2022-11-04 12:03:09.7787 DEBUG Инициализация программы
2022-11-04 12:03:09.8641 DEBUG Выполнение запроса Sql + Подключение к Базе данных
2022-11-04 12:03:10.5682 DEBUG Успешное подключение 
Аккаунт: admin
2022-11-04 12:03:10.5682 DEBUG Попытка входа
2022-11-04 12:03:10.5682 INFO Успешный вход
2022-11-04 12:04:33.2539 DEBUG Инициализация программы
2022-11-04 12:04:33.3068 DEBUG Выполнение запроса Sql + Подключение к Базе данных
2022-11-04 12:04:33.6176 DEBUG Успешное подключение 
Аккаунт: admin
2022-11-04 12:04:33.6176 DEBUG Попытка входа
2022-11-04 12:04:33.6176 INFO Успешный вход
2022-11-04 12:05:28.2865 ERROR Ошибка:  System.IndexOutOfRangeException: Невозможно найти столбец 6.
   в System.Data.DataColumnCollection.get_Item(Int32 index)
   в System.Data.DataRow.get_Item(Int32 columnIndex, DataRowVersion version)
   в System.Data.DataRowView.get_Item(Int32 ndx)
   в Liftais.Ais.btnexp_Click(Object sender, RoutedEventArgs e) в C:\Users\Семён\Documents\GitHub\Practice_Lift1\Liftais\Liftais\Ais.xaml.cs:строка 312
2022-11-04 12:08:12.8779 DEBUG Инициализация программы
2022-11-04 12:08:12.9318 DEBUG Выполнение запроса Sql + Подключение к Базе данных
2022-11-04 12:08:13.6259 DEBUG Успешное подключение 
Аккаунт: admin
2022-11-04 12:08:13.6259 DEBUG Попытка входа
2022-11-04 12:08:13.6259 INFO Успешный вход
2022-11-04 12:09:12.6023 ERROR Ошибка:  System.IndexOutOfRangeException: Невозможно найти столбец 6.
   в System.Data.DataColumnCollection.get_Item(Int32 index)
   в System.Data.DataRow.get_Item(Int32 columnIndex, DataRowVersion version)
   в System.Data.DataRowView.get_Item(Int32 ndx)
   в Liftais.Ais.btnexp_Click(Object sender, RoutedEventArgs e) в C:\Users\Семён\Documents\GitHub\Practice_Lift1\Liftais\Liftais\Ais.xaml.cs:строка 312
2022-11-04 12:15:39.8856 DEBUG Инициализация программы
2022-11-04 12:15:40.0934 DEBUG Выполнение запроса Sql + Подключение к Базе данных
2022-11-04 12:15:40.3718 DEBUG Успешное подключение 
Аккаунт: admin
2022-11-04 12:15:40.3718 DEBUG Попытка входа
2022-11-04 12:15:40.3718 INFO Успешный вход
2022-11-04 16:02:18.4595 DEBUG Инициализация программы
2022-11-04 16:02:18.6330 DEBUG Выполнение запроса Sql + Подключение к Базе данных
2022-11-04 16:02:19.7418 DEBUG Успешное подключение 
Аккаунт: admin
2022-11-04 16:02:19.7418 DEBUG Попытка входа
2022-11-04 16:02:19.7418 INFO Успешный вход
2022-11-04 16:04:50.8101 DEBUG Инициализация программы
2022-11-04 16:04:50.8639 DEBUG Выполнение запроса Sql + Подключение к Базе данных
2022-11-04 16:04:51.1408 DEBUG Успешное подключение 
Аккаунт: admin
2022-11-04 16:04:51.1408 DEBUG Попытка входа
2022-11-04 16:04:51.1408 INFO Успешный вход
2022-11-04 16:07:50.9280 DEBUG Инициализация программы
2022-11-04 16:07:50.9828 DEBUG Выполнение запроса Sql + Подключение к Базе данных
2022-11-04 16:07:51.2859 DEBUG Успешное подключение 
Аккаунт: admin
2022-11-04 16:07:51.2859 DEBUG Попытка входа
2022-11-04 16:07:51.2859 INFO Успешный вход
2022-11-04 16:08:35.6879 DEBUG Инициализация программы
2022-11-04 16:08:35.7398 DEBUG Выполнение запроса Sql + Подключение к Базе данных
2022-11-04 16:08:35.9867 DEBUG Успешное подключение 
Аккаунт: admin
2022-11-04 16:08:35.9867 DEBUG Попытка входа
2022-11-04 16:08:35.9867 INFO Успешный вход
2022-11-04 16:10:21.1649 DEBUG Инициализация программы
2022-11-04 16:10:21.2455 DEBUG Выполнение запроса Sql + Подключение к Базе данных
2022-11-04 16:10:21.6474 DEBUG Успешное подключение 
Аккаунт: admin
2022-11-04 16:10:21.6474 DEBUG Попытка входа
2022-11-04 16:10:21.6474 INFO Успешный вход
