2022-11-20 13:00:22.9841 DEBUG Инициализация программы
2022-11-20 13:00:23.1508 DEBUG Выполнение запроса Sql + Подключение к Базе данных
2022-11-20 13:00:25.1638 DEBUG Успешное подключение 
Аккаунт: admin
2022-11-20 13:00:25.1638 DEBUG Попытка входа
2022-11-20 13:00:25.1638 INFO Успешный вход
2022-11-20 13:04:42.3058 DEBUG Инициализация программы
2022-11-20 13:04:42.3592 DEBUG Выполнение запроса Sql + Подключение к Базе данных
2022-11-20 13:04:42.6051 DEBUG Успешное подключение 
Аккаунт: admin
2022-11-20 13:04:42.6051 DEBUG Попытка входа
2022-11-20 13:04:42.6051 INFO Успешный вход
2022-11-20 15:14:52.8577 DEBUG Инициализация программы
2022-11-20 15:14:53.4542 DEBUG Выполнение запроса Sql + Подключение к Базе данных
2022-11-20 15:14:56.0876 DEBUG Успешное подключение 
Аккаунт: admin
2022-11-20 15:14:56.0876 DEBUG Попытка входа
2022-11-20 15:14:56.0876 INFO Успешный вход
2022-11-20 15:17:15.5783 DEBUG Инициализация программы
2022-11-20 15:17:15.6312 DEBUG Выполнение запроса Sql + Подключение к Базе данных
2022-11-20 15:17:15.8281 DEBUG Успешное подключение 
Аккаунт: admin
2022-11-20 15:17:15.8281 DEBUG Попытка входа
2022-11-20 15:17:15.8281 INFO Успешный вход
2022-11-20 15:17:20.6826 ERROR Ошибка MySql.Data.MySqlClient.MySqlException (0x80004005): Table 'lift.resident' doesn't exist
   в MySql.Data.MySqlClient.MySqlStream.ReadPacket()
   в MySql.Data.MySqlClient.NativeDriver.GetResult(Int32& affectedRow, Int64& insertedId)
   в MySql.Data.MySqlClient.Driver.GetResult(Int32 statementId, Int32& affectedRows, Int64& insertedId)
   в MySql.Data.MySqlClient.Driver.NextResult(Int32 statementId, Boolean force)
   в MySql.Data.MySqlClient.MySqlDataReader.NextResult()
   в MySql.Data.MySqlClient.MySqlCommand.ExecuteReader(CommandBehavior behavior)
   в MySql.Data.MySqlClient.MySqlCommand.ExecuteNonQuery()
   в Liftais.Ais.resident_menu_PreviewMouseDown(Object sender, MouseButtonEventArgs e) в C:\Users\Семён\Documents\GitHub\Practice_Lift1\Liftais\Liftais\Ais.xaml.cs:строка 1095
   в System.Windows.Input.MouseButtonEventArgs.InvokeEventHandler(Delegate genericHandler, Object genericTarget)
   в System.Windows.RoutedEventArgs.InvokeHandler(Delegate handler, Object target)
   в System.Windows.RoutedEventHandlerInfo.InvokeHandler(Object target, RoutedEventArgs routedEventArgs)
   в System.Windows.EventRoute.InvokeHandlersImpl(Object source, RoutedEventArgs args, Boolean reRaised)
   в System.Windows.UIElement.RaiseEventImpl(DependencyObject sender, RoutedEventArgs args)
   в System.Windows.UIElement.RaiseTrustedEvent(RoutedEventArgs args)
   в System.Windows.UIElement.RaiseEvent(RoutedEventArgs args, Boolean trusted)
   в System.Windows.Input.InputManager.ProcessStagingArea()
   в System.Windows.Input.InputManager.ProcessInput(InputEventArgs input)
   в System.Windows.Input.InputProviderSite.ReportInput(InputReport inputReport)
   в System.Windows.Interop.HwndMouseInputProvider.ReportInput(IntPtr hwnd, InputMode mode, Int32 timestamp, RawMouseActions actions, Int32 x, Int32 y, Int32 wheel)
   в System.Windows.Interop.HwndMouseInputProvider.FilterMessage(IntPtr hwnd, WindowMessage msg, IntPtr wParam, IntPtr lParam, Boolean& handled)
   в System.Windows.Interop.HwndSource.InputFilterMessage(IntPtr hwnd, Int32 msg, IntPtr wParam, IntPtr lParam, Boolean& handled)
   в MS.Win32.HwndWrapper.WndProc(IntPtr hwnd, Int32 msg, IntPtr wParam, IntPtr lParam, Boolean& handled)
   в MS.Win32.HwndSubclass.DispatcherCallbackOperation(Object o)
   в System.Windows.Threading.ExceptionWrapper.InternalRealCall(Delegate callback, Object args, Int32 numArgs)
   в System.Windows.Threading.ExceptionWrapper.TryCatchWhen(Object source, Delegate callback, Object args, Int32 numArgs, Delegate catchHandler)
   в System.Windows.Threading.Dispatcher.LegacyInvokeImpl(DispatcherPriority priority, TimeSpan timeout, Delegate method, Object args, Int32 numArgs)
   в MS.Win32.HwndSubclass.SubclassWndProc(IntPtr hwnd, Int32 msg, IntPtr wParam, IntPtr lParam)
   в MS.Win32.UnsafeNativeMethods.DispatchMessage(MSG& msg)
   в System.Windows.Threading.Dispatcher.PushFrameImpl(DispatcherFrame frame)
   в System.Windows.Threading.Dispatcher.PushFrame(DispatcherFrame frame)
   в System.Windows.Window.ShowHelper(Object booleanBox)
   в System.Windows.Window.Show()
   в System.Windows.Window.ShowDialog()
   в Liftais.MainWindow.SingIn_Click(Object sender, RoutedEventArgs y) в C:\Users\Семён\Documents\GitHub\Practice_Lift1\Liftais\Liftais\MainWindow.xaml.cs:строка 62
2022-11-20 15:18:05.4265 DEBUG Инициализация программы
2022-11-20 15:18:05.4794 DEBUG Выполнение запроса Sql + Подключение к Базе данных
2022-11-20 15:18:05.6543 DEBUG Успешное подключение 
Аккаунт: admin
2022-11-20 15:18:05.6543 DEBUG Попытка входа
2022-11-20 15:18:05.6543 INFO Успешный вход
2022-11-20 15:23:54.3293 DEBUG Инициализация программы
2022-11-20 15:23:54.3811 DEBUG Выполнение запроса Sql + Подключение к Базе данных
2022-11-20 15:23:55.0314 DEBUG Успешное подключение 
Аккаунт: admin
2022-11-20 15:23:55.0314 DEBUG Попытка входа
2022-11-20 15:23:55.0314 INFO Успешный вход
2022-11-20 15:24:01.1577 ERROR Ошибка: 
System.ArgumentOutOfRangeException: Индекс за пределами диапазона. Индекс должен быть положительным числом, а его размер не должен превышать размер коллекции.
Имя параметра: index
   в System.ThrowHelper.ThrowArgumentOutOfRangeException(ExceptionArgument argument, ExceptionResource resource)
   в System.Collections.Generic.List`1.get_Item(Int32 index)
   в System.Collections.ObjectModel.Collection`1.System.Collections.IList.get_Item(Int32 index)
   в Liftais.Ais.selch1_PreviewMouseLeftButtonDown_1(Object sender, MouseButtonEventArgs e) в C:\Users\Семён\Documents\GitHub\Practice_Lift1\Liftais\Liftais\Ais.xaml.cs:строка 796
2022-11-20 15:24:07.9748 ERROR Ошибка: 
System.ArgumentOutOfRangeException: Индекс за пределами диапазона. Индекс должен быть положительным числом, а его размер не должен превышать размер коллекции.
Имя параметра: index
   в System.ThrowHelper.ThrowArgumentOutOfRangeException(ExceptionArgument argument, ExceptionResource resource)
   в System.Collections.Generic.List`1.get_Item(Int32 index)
   в System.Collections.ObjectModel.Collection`1.System.Collections.IList.get_Item(Int32 index)
   в Liftais.Ais.selch1_PreviewMouseLeftButtonDown_1(Object sender, MouseButtonEventArgs e) в C:\Users\Семён\Documents\GitHub\Practice_Lift1\Liftais\Liftais\Ais.xaml.cs:строка 796
2022-11-20 19:57:46.4348 DEBUG Инициализация программы
2022-11-20 19:57:46.4867 DEBUG Выполнение запроса Sql + Подключение к Базе данных
2022-11-20 19:57:47.8397 DEBUG Успешное подключение 
Аккаунт: admin
2022-11-20 19:57:47.8397 DEBUG Попытка входа
2022-11-20 19:57:47.8397 INFO Успешный вход
2022-11-20 19:58:06.0504 ERROR Ошибка:  System.ArgumentOutOfRangeException: Row number must be between 1 and 1048576
Имя параметра: cellAddressInRange
   в ClosedXML.Excel.XLRangeBase.Cell(XLAddress& cellAddressInRange) в C:\projects\closedxml\ClosedXML\Excel\Ranges\XLRangeBase.cs:строка 789
   в ClosedXML.Excel.XLRangeBase.Cell(Int32 row, Int32 column) в C:\projects\closedxml\ClosedXML\Excel\Ranges\XLRangeBase.cs:строка 758
   в ClosedXML.Excel.XLWorksheet.ClosedXML.Excel.IXLWorksheet.Cell(Int32 row, Int32 column) в C:\projects\closedxml\ClosedXML\Excel\XLWorksheet.cs:строка 454
   в Liftais.Ais.btnexp_Click(Object sender, RoutedEventArgs e) в C:\Users\Семён\Documents\GitHub\Practice_Lift1\Liftais\Liftais\Ais.xaml.cs:строка 393
2022-11-20 20:02:18.1590 DEBUG Инициализация программы
2022-11-20 20:02:18.2118 DEBUG Выполнение запроса Sql + Подключение к Базе данных
2022-11-20 20:02:18.9152 DEBUG Успешное подключение 
Аккаунт: admin
2022-11-20 20:02:18.9152 DEBUG Попытка входа
2022-11-20 20:02:18.9152 INFO Успешный вход
2022-11-20 20:02:27.6098 ERROR Ошибка:  System.ArgumentOutOfRangeException: Row number must be between 1 and 1048576
Имя параметра: cellAddressInRange
   в ClosedXML.Excel.XLRangeBase.Cell(XLAddress& cellAddressInRange) в C:\projects\closedxml\ClosedXML\Excel\Ranges\XLRangeBase.cs:строка 789
   в ClosedXML.Excel.XLRangeBase.Cell(Int32 row, Int32 column) в C:\projects\closedxml\ClosedXML\Excel\Ranges\XLRangeBase.cs:строка 758
   в ClosedXML.Excel.XLWorksheet.ClosedXML.Excel.IXLWorksheet.Cell(Int32 row, Int32 column) в C:\projects\closedxml\ClosedXML\Excel\XLWorksheet.cs:строка 454
   в Liftais.Ais.btnexp_Click(Object sender, RoutedEventArgs e) в C:\Users\Семён\Documents\GitHub\Practice_Lift1\Liftais\Liftais\Ais.xaml.cs:строка 393
2022-11-20 20:04:38.9703 DEBUG Инициализация программы
2022-11-20 20:04:39.0242 DEBUG Выполнение запроса Sql + Подключение к Базе данных
2022-11-20 20:04:39.3803 DEBUG Успешное подключение 
Аккаунт: admin
2022-11-20 20:04:39.3803 DEBUG Попытка входа
2022-11-20 20:04:39.3803 INFO Успешный вход
2022-11-20 20:04:54.5188 ERROR Ошибка:  System.IndexOutOfRangeException: Невозможно найти столбец 6.
   в System.Data.DataColumnCollection.get_Item(Int32 index)
   в System.Data.DataRow.get_Item(Int32 columnIndex, DataRowVersion version)
   в System.Data.DataRowView.get_Item(Int32 ndx)
   в Liftais.Ais.btnexp_Click(Object sender, RoutedEventArgs e) в C:\Users\Семён\Documents\GitHub\Practice_Lift1\Liftais\Liftais\Ais.xaml.cs:строка 438
2022-11-20 20:06:53.6299 DEBUG Инициализация программы
2022-11-20 20:06:53.6837 DEBUG Выполнение запроса Sql + Подключение к Базе данных
2022-11-20 20:06:53.8640 DEBUG Успешное подключение 
Аккаунт: admin
2022-11-20 20:06:53.8640 DEBUG Попытка входа
2022-11-20 20:06:53.8640 INFO Успешный вход
2022-11-20 20:07:09.9892 ERROR Ошибка:  System.IndexOutOfRangeException: Невозможно найти столбец 6.
   в System.Data.DataColumnCollection.get_Item(Int32 index)
   в System.Data.DataRow.get_Item(Int32 columnIndex, DataRowVersion version)
   в System.Data.DataRowView.get_Item(Int32 ndx)
   в Liftais.Ais.btnexp_Click(Object sender, RoutedEventArgs e) в C:\Users\Семён\Documents\GitHub\Practice_Lift1\Liftais\Liftais\Ais.xaml.cs:строка 438
2022-11-20 20:10:09.6763 DEBUG Инициализация программы
2022-11-20 20:10:09.7292 DEBUG Выполнение запроса Sql + Подключение к Базе данных
2022-11-20 20:10:09.9524 DEBUG Успешное подключение 
Аккаунт: admin
2022-11-20 20:10:09.9524 DEBUG Попытка входа
2022-11-20 20:10:09.9524 INFO Успешный вход
2022-11-20 20:21:29.6003 DEBUG Инициализация программы
2022-11-20 20:21:29.6532 DEBUG Выполнение запроса Sql + Подключение к Базе данных
2022-11-20 20:21:29.8727 DEBUG Успешное подключение 
Аккаунт: admin
2022-11-20 20:21:29.8727 DEBUG Попытка входа
2022-11-20 20:21:29.8727 INFO Успешный вход
2022-11-20 20:29:09.6025 DEBUG Инициализация программы
2022-11-20 20:29:09.6574 DEBUG Выполнение запроса Sql + Подключение к Базе данных
2022-11-20 20:29:10.0056 DEBUG Успешное подключение 
Аккаунт: admin
2022-11-20 20:29:10.0056 DEBUG Попытка входа
2022-11-20 20:29:10.0056 INFO Успешный вход
2022-11-20 20:29:16.9022 ERROR Ошибка System.InvalidCastException: Невозможно выполнить приведение данного объекта из DBNull к другому типу.
   в System.DBNull.System.IConvertible.ToInt32(IFormatProvider provider)
   в System.Convert.ToInt32(Object value)
   в Liftais.Ais.create_date_Click(Object sender, RoutedEventArgs e) в C:\Users\Семён\Documents\GitHub\Practice_Lift1\Liftais\Liftais\Ais.xaml.cs:строка 625
   в System.Windows.RoutedEventHandlerInfo.InvokeHandler(Object target, RoutedEventArgs routedEventArgs)
   в System.Windows.EventRoute.InvokeHandlersImpl(Object source, RoutedEventArgs args, Boolean reRaised)
   в System.Windows.UIElement.RaiseEventImpl(DependencyObject sender, RoutedEventArgs args)
   в System.Windows.UIElement.RaiseEvent(RoutedEventArgs e)
   в System.Windows.Controls.Primitives.ButtonBase.OnClick()
   в System.Windows.Controls.Button.OnClick()
   в System.Windows.Controls.Primitives.ButtonBase.OnMouseLeftButtonUp(MouseButtonEventArgs e)
   в System.Windows.UIElement.OnMouseLeftButtonUpThunk(Object sender, MouseButtonEventArgs e)
   в System.Windows.Input.MouseButtonEventArgs.InvokeEventHandler(Delegate genericHandler, Object genericTarget)
   в System.Windows.RoutedEventArgs.InvokeHandler(Delegate handler, Object target)
   в System.Windows.RoutedEventHandlerInfo.InvokeHandler(Object target, RoutedEventArgs routedEventArgs)
   в System.Windows.EventRoute.InvokeHandlersImpl(Object source, RoutedEventArgs args, Boolean reRaised)
   в System.Windows.UIElement.ReRaiseEventAs(DependencyObject sender, RoutedEventArgs args, RoutedEvent newEvent)
   в System.Windows.UIElement.OnMouseUpThunk(Object sender, MouseButtonEventArgs e)
   в System.Windows.Input.MouseButtonEventArgs.InvokeEventHandler(Delegate genericHandler, Object genericTarget)
   в System.Windows.RoutedEventArgs.InvokeHandler(Delegate handler, Object target)
   в System.Windows.RoutedEventHandlerInfo.InvokeHandler(Object target, RoutedEventArgs routedEventArgs)
   в System.Windows.EventRoute.InvokeHandlersImpl(Object source, RoutedEventArgs args, Boolean reRaised)
   в System.Windows.UIElement.RaiseEventImpl(DependencyObject sender, RoutedEventArgs args)
   в System.Windows.UIElement.RaiseTrustedEvent(RoutedEventArgs args)
   в System.Windows.UIElement.RaiseEvent(RoutedEventArgs args, Boolean trusted)
   в System.Windows.Input.InputManager.ProcessStagingArea()
   в System.Windows.Input.InputManager.ProcessInput(InputEventArgs input)
   в System.Windows.Input.InputProviderSite.ReportInput(InputReport inputReport)
   в System.Windows.Interop.HwndMouseInputProvider.ReportInput(IntPtr hwnd, InputMode mode, Int32 timestamp, RawMouseActions actions, Int32 x, Int32 y, Int32 wheel)
   в System.Windows.Interop.HwndMouseInputProvider.FilterMessage(IntPtr hwnd, WindowMessage msg, IntPtr wParam, IntPtr lParam, Boolean& handled)
   в System.Windows.Interop.HwndSource.InputFilterMessage(IntPtr hwnd, Int32 msg, IntPtr wParam, IntPtr lParam, Boolean& handled)
   в MS.Win32.HwndWrapper.WndProc(IntPtr hwnd, Int32 msg, IntPtr wParam, IntPtr lParam, Boolean& handled)
   в MS.Win32.HwndSubclass.DispatcherCallbackOperation(Object o)
   в System.Windows.Threading.ExceptionWrapper.InternalRealCall(Delegate callback, Object args, Int32 numArgs)
   в System.Windows.Threading.ExceptionWrapper.TryCatchWhen(Object source, Delegate callback, Object args, Int32 numArgs, Delegate catchHandler)
   в System.Windows.Threading.Dispatcher.LegacyInvokeImpl(DispatcherPriority priority, TimeSpan timeout, Delegate method, Object args, Int32 numArgs)
   в MS.Win32.HwndSubclass.SubclassWndProc(IntPtr hwnd, Int32 msg, IntPtr wParam, IntPtr lParam)
   в MS.Win32.UnsafeNativeMethods.DispatchMessage(MSG& msg)
   в System.Windows.Threading.Dispatcher.PushFrameImpl(DispatcherFrame frame)
   в System.Windows.Threading.Dispatcher.PushFrame(DispatcherFrame frame)
   в System.Windows.Window.ShowHelper(Object booleanBox)
   в System.Windows.Window.Show()
   в System.Windows.Window.ShowDialog()
   в Liftais.MainWindow.SingIn_Click(Object sender, RoutedEventArgs y) в C:\Users\Семён\Documents\GitHub\Practice_Lift1\Liftais\Liftais\MainWindow.xaml.cs:строка 62
2022-11-20 20:29:38.1848 DEBUG Инициализация программы
2022-11-20 20:29:38.2487 DEBUG Выполнение запроса Sql + Подключение к Базе данных
2022-11-20 20:29:38.4249 DEBUG Успешное подключение 
Аккаунт: admin
2022-11-20 20:29:38.4249 DEBUG Попытка входа
2022-11-20 20:29:38.4249 INFO Успешный вход
2022-11-20 20:29:43.7117 ERROR Ошибка System.InvalidCastException: Невозможно выполнить приведение данного объекта из DBNull к другому типу.
   в System.DBNull.System.IConvertible.ToInt32(IFormatProvider provider)
   в System.Convert.ToInt32(Object value)
   в Liftais.Ais.create_date_Click(Object sender, RoutedEventArgs e) в C:\Users\Семён\Documents\GitHub\Practice_Lift1\Liftais\Liftais\Ais.xaml.cs:строка 625
   в System.Windows.RoutedEventHandlerInfo.InvokeHandler(Object target, RoutedEventArgs routedEventArgs)
   в System.Windows.EventRoute.InvokeHandlersImpl(Object source, RoutedEventArgs args, Boolean reRaised)
   в System.Windows.UIElement.RaiseEventImpl(DependencyObject sender, RoutedEventArgs args)
   в System.Windows.UIElement.RaiseEvent(RoutedEventArgs e)
   в System.Windows.Controls.Primitives.ButtonBase.OnClick()
   в System.Windows.Controls.Button.OnClick()
   в System.Windows.Controls.Primitives.ButtonBase.OnMouseLeftButtonUp(MouseButtonEventArgs e)
   в System.Windows.UIElement.OnMouseLeftButtonUpThunk(Object sender, MouseButtonEventArgs e)
   в System.Windows.Input.MouseButtonEventArgs.InvokeEventHandler(Delegate genericHandler, Object genericTarget)
   в System.Windows.RoutedEventArgs.InvokeHandler(Delegate handler, Object target)
   в System.Windows.RoutedEventHandlerInfo.InvokeHandler(Object target, RoutedEventArgs routedEventArgs)
   в System.Windows.EventRoute.InvokeHandlersImpl(Object source, RoutedEventArgs args, Boolean reRaised)
   в System.Windows.UIElement.ReRaiseEventAs(DependencyObject sender, RoutedEventArgs args, RoutedEvent newEvent)
   в System.Windows.UIElement.OnMouseUpThunk(Object sender, MouseButtonEventArgs e)
   в System.Windows.Input.MouseButtonEventArgs.InvokeEventHandler(Delegate genericHandler, Object genericTarget)
   в System.Windows.RoutedEventArgs.InvokeHandler(Delegate handler, Object target)
   в System.Windows.RoutedEventHandlerInfo.InvokeHandler(Object target, RoutedEventArgs routedEventArgs)
   в System.Windows.EventRoute.InvokeHandlersImpl(Object source, RoutedEventArgs args, Boolean reRaised)
   в System.Windows.UIElement.RaiseEventImpl(DependencyObject sender, RoutedEventArgs args)
   в System.Windows.UIElement.RaiseTrustedEvent(RoutedEventArgs args)
   в System.Windows.UIElement.RaiseEvent(RoutedEventArgs args, Boolean trusted)
   в System.Windows.Input.InputManager.ProcessStagingArea()
   в System.Windows.Input.InputManager.ProcessInput(InputEventArgs input)
   в System.Windows.Input.InputProviderSite.ReportInput(InputReport inputReport)
   в System.Windows.Interop.HwndMouseInputProvider.ReportInput(IntPtr hwnd, InputMode mode, Int32 timestamp, RawMouseActions actions, Int32 x, Int32 y, Int32 wheel)
   в System.Windows.Interop.HwndMouseInputProvider.FilterMessage(IntPtr hwnd, WindowMessage msg, IntPtr wParam, IntPtr lParam, Boolean& handled)
   в System.Windows.Interop.HwndSource.InputFilterMessage(IntPtr hwnd, Int32 msg, IntPtr wParam, IntPtr lParam, Boolean& handled)
   в MS.Win32.HwndWrapper.WndProc(IntPtr hwnd, Int32 msg, IntPtr wParam, IntPtr lParam, Boolean& handled)
   в MS.Win32.HwndSubclass.DispatcherCallbackOperation(Object o)
   в System.Windows.Threading.ExceptionWrapper.InternalRealCall(Delegate callback, Object args, Int32 numArgs)
   в System.Windows.Threading.ExceptionWrapper.TryCatchWhen(Object source, Delegate callback, Object args, Int32 numArgs, Delegate catchHandler)
   в System.Windows.Threading.Dispatcher.LegacyInvokeImpl(DispatcherPriority priority, TimeSpan timeout, Delegate method, Object args, Int32 numArgs)
   в MS.Win32.HwndSubclass.SubclassWndProc(IntPtr hwnd, Int32 msg, IntPtr wParam, IntPtr lParam)
   в MS.Win32.UnsafeNativeMethods.DispatchMessage(MSG& msg)
   в System.Windows.Threading.Dispatcher.PushFrameImpl(DispatcherFrame frame)
   в System.Windows.Threading.Dispatcher.PushFrame(DispatcherFrame frame)
   в System.Windows.Window.ShowHelper(Object booleanBox)
   в System.Windows.Window.Show()
   в System.Windows.Window.ShowDialog()
   в Liftais.MainWindow.SingIn_Click(Object sender, RoutedEventArgs y) в C:\Users\Семён\Documents\GitHub\Practice_Lift1\Liftais\Liftais\MainWindow.xaml.cs:строка 62
2022-11-20 20:31:33.8683 DEBUG Инициализация программы
2022-11-20 20:31:33.9212 DEBUG Выполнение запроса Sql + Подключение к Базе данных
2022-11-20 20:31:34.4632 DEBUG Успешное подключение 
Аккаунт: admin
2022-11-20 20:31:34.4632 DEBUG Попытка входа
2022-11-20 20:31:34.4632 INFO Успешный вход
2022-11-20 20:32:12.9326 DEBUG Инициализация программы
2022-11-20 20:32:12.9855 DEBUG Выполнение запроса Sql + Подключение к Базе данных
2022-11-20 20:32:13.1540 DEBUG Успешное подключение 
Аккаунт: admin
2022-11-20 20:32:13.1540 DEBUG Попытка входа
2022-11-20 20:32:13.1540 INFO Успешный вход
2022-11-20 20:40:26.4512 DEBUG Инициализация программы
2022-11-20 20:40:26.5050 DEBUG Выполнение запроса Sql + Подключение к Базе данных
2022-11-20 20:40:26.7389 DEBUG Успешное подключение 
Аккаунт: admin
2022-11-20 20:40:26.7389 DEBUG Попытка входа
2022-11-20 20:40:26.7389 INFO Успешный вход
2022-11-20 20:41:39.7409 DEBUG Инициализация программы
2022-11-20 20:41:39.7957 DEBUG Выполнение запроса Sql + Подключение к Базе данных
2022-11-20 20:41:39.9935 DEBUG Успешное подключение 
Аккаунт: admin
2022-11-20 20:41:39.9935 DEBUG Попытка входа
2022-11-20 20:41:39.9935 INFO Успешный вход
2022-11-20 20:42:32.7237 DEBUG Инициализация программы
2022-11-20 20:42:32.7776 DEBUG Выполнение запроса Sql + Подключение к Базе данных
2022-11-20 20:42:32.9445 DEBUG Успешное подключение 
Аккаунт: admin
2022-11-20 20:42:32.9445 DEBUG Попытка входа
2022-11-20 20:42:32.9445 INFO Успешный вход
2022-11-20 21:56:58.1997 DEBUG Инициализация программы
2022-11-20 21:56:58.4982 DEBUG Выполнение запроса Sql + Подключение к Базе данных
2022-11-20 21:56:59.1293 DEBUG Успешное подключение 
Аккаунт: admin
2022-11-20 21:56:59.1293 DEBUG Попытка входа
2022-11-20 21:56:59.1293 INFO Успешный вход
2022-11-20 22:17:58.6821 DEBUG Инициализация программы
2022-11-20 22:17:59.1063 DEBUG Выполнение запроса Sql + Подключение к Базе данных
2022-11-20 22:18:02.2732 DEBUG Успешное подключение 
Аккаунт: admin
2022-11-20 22:18:02.2732 DEBUG Попытка входа
2022-11-20 22:18:02.2732 INFO Успешный вход
2022-11-20 22:18:48.2602 ERROR Ошибка выделения System.ArgumentOutOfRangeException: Индекс за пределами диапазона. Индекс должен быть положительным числом, а его размер не должен превышать размер коллекции.
Имя параметра: index
   в System.ThrowHelper.ThrowArgumentOutOfRangeException(ExceptionArgument argument, ExceptionResource resource)
   в System.Collections.Generic.List`1.get_Item(Int32 index)
   в System.Collections.ObjectModel.Collection`1.System.Collections.IList.get_Item(Int32 index)
   в Liftais.Ais.selch2_PreviewMouseLeftButtonDown_1(Object sender, MouseButtonEventArgs e) в C:\Users\Семён\Documents\GitHub\Practice_Lift1\Liftais\Liftais\Ais.xaml.cs:строка 1075
2022-11-20 22:18:53.2717 ERROR Ошибка выделения System.ArgumentOutOfRangeException: Индекс за пределами диапазона. Индекс должен быть положительным числом, а его размер не должен превышать размер коллекции.
Имя параметра: index
   в System.ThrowHelper.ThrowArgumentOutOfRangeException(ExceptionArgument argument, ExceptionResource resource)
   в System.Collections.Generic.List`1.get_Item(Int32 index)
   в System.Collections.ObjectModel.Collection`1.System.Collections.IList.get_Item(Int32 index)
   в Liftais.Ais.selch2_PreviewMouseLeftButtonDown_1(Object sender, MouseButtonEventArgs e) в C:\Users\Семён\Documents\GitHub\Practice_Lift1\Liftais\Liftais\Ais.xaml.cs:строка 1075
2022-11-20 22:20:36.5403 DEBUG Инициализация программы
2022-11-20 22:20:36.5921 DEBUG Выполнение запроса Sql + Подключение к Базе данных
2022-11-20 22:20:36.9211 DEBUG Успешное подключение 
Аккаунт: admin
2022-11-20 22:20:36.9211 DEBUG Попытка входа
2022-11-20 22:20:36.9211 INFO Успешный вход
2022-11-20 22:28:47.0043 DEBUG Инициализация программы
2022-11-20 22:28:47.1382 DEBUG Выполнение запроса Sql + Подключение к Базе данных
2022-11-20 22:28:47.3203 DEBUG Успешное подключение 
Аккаунт: admin
2022-11-20 22:28:47.3203 DEBUG Попытка входа
2022-11-20 22:28:47.3203 INFO Успешный вход
2022-11-20 22:28:56.0082 ERROR Ошибка MySql.Data.MySqlClient.MySqlException (0x80004005): Table 'lift.resident' doesn't exist
   в MySql.Data.MySqlClient.MySqlStream.ReadPacket()
   в MySql.Data.MySqlClient.NativeDriver.GetResult(Int32& affectedRow, Int64& insertedId)
   в MySql.Data.MySqlClient.Driver.GetResult(Int32 statementId, Int32& affectedRows, Int64& insertedId)
   в MySql.Data.MySqlClient.Driver.NextResult(Int32 statementId, Boolean force)
   в MySql.Data.MySqlClient.MySqlDataReader.NextResult()
   в MySql.Data.MySqlClient.MySqlCommand.ExecuteReader(CommandBehavior behavior)
   в MySql.Data.MySqlClient.MySqlCommand.ExecuteNonQuery()
   в Liftais.Ais.Button_Click(Object sender, RoutedEventArgs e) в C:\Users\Семён\Documents\GitHub\Practice_Lift1\Liftais\Liftais\Ais.xaml.cs:строка 713
   в System.Windows.RoutedEventHandlerInfo.InvokeHandler(Object target, RoutedEventArgs routedEventArgs)
   в System.Windows.EventRoute.InvokeHandlersImpl(Object source, RoutedEventArgs args, Boolean reRaised)
   в System.Windows.UIElement.RaiseEventImpl(DependencyObject sender, RoutedEventArgs args)
   в System.Windows.UIElement.RaiseEvent(RoutedEventArgs e)
   в System.Windows.Controls.Primitives.ButtonBase.OnClick()
   в System.Windows.Controls.Button.OnClick()
   в System.Windows.Controls.Primitives.ButtonBase.OnMouseLeftButtonUp(MouseButtonEventArgs e)
   в System.Windows.UIElement.OnMouseLeftButtonUpThunk(Object sender, MouseButtonEventArgs e)
   в System.Windows.Input.MouseButtonEventArgs.InvokeEventHandler(Delegate genericHandler, Object genericTarget)
   в System.Windows.RoutedEventArgs.InvokeHandler(Delegate handler, Object target)
   в System.Windows.RoutedEventHandlerInfo.InvokeHandler(Object target, RoutedEventArgs routedEventArgs)
   в System.Windows.EventRoute.InvokeHandlersImpl(Object source, RoutedEventArgs args, Boolean reRaised)
   в System.Windows.UIElement.ReRaiseEventAs(DependencyObject sender, RoutedEventArgs args, RoutedEvent newEvent)
   в System.Windows.UIElement.OnMouseUpThunk(Object sender, MouseButtonEventArgs e)
   в System.Windows.Input.MouseButtonEventArgs.InvokeEventHandler(Delegate genericHandler, Object genericTarget)
   в System.Windows.RoutedEventArgs.InvokeHandler(Delegate handler, Object target)
   в System.Windows.RoutedEventHandlerInfo.InvokeHandler(Object target, RoutedEventArgs routedEventArgs)
   в System.Windows.EventRoute.InvokeHandlersImpl(Object source, RoutedEventArgs args, Boolean reRaised)
   в System.Windows.UIElement.RaiseEventImpl(DependencyObject sender, RoutedEventArgs args)
   в System.Windows.UIElement.RaiseTrustedEvent(RoutedEventArgs args)
   в System.Windows.UIElement.RaiseEvent(RoutedEventArgs args, Boolean trusted)
   в System.Windows.Input.InputManager.ProcessStagingArea()
   в System.Windows.Input.InputManager.ProcessInput(InputEventArgs input)
   в System.Windows.Input.InputProviderSite.ReportInput(InputReport inputReport)
   в System.Windows.Interop.HwndMouseInputProvider.ReportInput(IntPtr hwnd, InputMode mode, Int32 timestamp, RawMouseActions actions, Int32 x, Int32 y, Int32 wheel)
   в System.Windows.Interop.HwndMouseInputProvider.FilterMessage(IntPtr hwnd, WindowMessage msg, IntPtr wParam, IntPtr lParam, Boolean& handled)
   в System.Windows.Interop.HwndSource.InputFilterMessage(IntPtr hwnd, Int32 msg, IntPtr wParam, IntPtr lParam, Boolean& handled)
   в MS.Win32.HwndWrapper.WndProc(IntPtr hwnd, Int32 msg, IntPtr wParam, IntPtr lParam, Boolean& handled)
   в MS.Win32.HwndSubclass.DispatcherCallbackOperation(Object o)
   в System.Windows.Threading.ExceptionWrapper.InternalRealCall(Delegate callback, Object args, Int32 numArgs)
   в System.Windows.Threading.ExceptionWrapper.TryCatchWhen(Object source, Delegate callback, Object args, Int32 numArgs, Delegate catchHandler)
   в System.Windows.Threading.Dispatcher.LegacyInvokeImpl(DispatcherPriority priority, TimeSpan timeout, Delegate method, Object args, Int32 numArgs)
   в MS.Win32.HwndSubclass.SubclassWndProc(IntPtr hwnd, Int32 msg, IntPtr wParam, IntPtr lParam)
   в MS.Win32.UnsafeNativeMethods.DispatchMessage(MSG& msg)
   в System.Windows.Threading.Dispatcher.PushFrameImpl(DispatcherFrame frame)
   в System.Windows.Threading.Dispatcher.PushFrame(DispatcherFrame frame)
   в System.Windows.Window.ShowHelper(Object booleanBox)
   в System.Windows.Window.Show()
   в System.Windows.Window.ShowDialog()
   в Liftais.MainWindow.SingIn_Click(Object sender, RoutedEventArgs y) в C:\Users\Семён\Documents\GitHub\Practice_Lift1\Liftais\Liftais\MainWindow.xaml.cs:строка 62
2022-11-20 22:30:37.2087 DEBUG Инициализация программы
2022-11-20 22:30:37.2616 DEBUG Выполнение запроса Sql + Подключение к Базе данных
2022-11-20 22:30:38.9722 DEBUG Успешное подключение 
Аккаунт: admin
2022-11-20 22:30:38.9722 DEBUG Попытка входа
2022-11-20 22:30:38.9722 INFO Успешный вход
2022-11-20 22:33:24.7502 DEBUG Инициализация программы
2022-11-20 22:33:24.8030 DEBUG Выполнение запроса Sql + Подключение к Базе данных
2022-11-20 22:33:25.3309 DEBUG Успешное подключение 
Аккаунт: admin
2022-11-20 22:33:25.3309 DEBUG Попытка входа
2022-11-20 22:33:26.6398 INFO Неправильный логин или пароль
Аккаунт: admin
2022-11-20 22:33:45.7189 DEBUG Инициализация программы
2022-11-20 22:33:45.7708 DEBUG Выполнение запроса Sql + Подключение к Базе данных
2022-11-20 22:33:45.9363 DEBUG Успешное подключение 
Аккаунт: admin
2022-11-20 22:33:45.9363 DEBUG Попытка входа
2022-11-20 22:33:45.9363 INFO Успешный вход
2022-11-20 22:34:00.8444 ERROR Ошибка:  System.IndexOutOfRangeException: Невозможно найти столбец 11.
   в System.Data.DataColumnCollection.get_Item(Int32 index)
   в System.Data.DataRow.get_Item(Int32 columnIndex, DataRowVersion version)
   в System.Data.DataRowView.get_Item(Int32 ndx)
   в Liftais.Ais.btnexp_Click(Object sender, RoutedEventArgs e) в C:\Users\Семён\Documents\GitHub\Practice_Lift1\Liftais\Liftais\Ais.xaml.cs:строка 474
2022-11-20 22:39:40.6218 DEBUG Инициализация программы
2022-11-20 22:39:40.6746 DEBUG Выполнение запроса Sql + Подключение к Базе данных
2022-11-20 22:39:41.1554 DEBUG Успешное подключение 
Аккаунт: admin
2022-11-20 22:39:41.1554 DEBUG Попытка входа
2022-11-20 22:39:41.1554 INFO Успешный вход
2022-11-20 22:42:07.2860 ERROR Ошибка:  System.ArgumentOutOfRangeException: Row number must be between 1 and 1048576
Имя параметра: cellAddressInRange
   в ClosedXML.Excel.XLRangeBase.Cell(XLAddress& cellAddressInRange) в C:\projects\closedxml\ClosedXML\Excel\Ranges\XLRangeBase.cs:строка 789
   в ClosedXML.Excel.XLRangeBase.Cell(Int32 row, Int32 column) в C:\projects\closedxml\ClosedXML\Excel\Ranges\XLRangeBase.cs:строка 758
   в ClosedXML.Excel.XLWorksheet.ClosedXML.Excel.IXLWorksheet.Cell(Int32 row, Int32 column) в C:\projects\closedxml\ClosedXML\Excel\XLWorksheet.cs:строка 454
   в Liftais.Ais.btnexp_Click(Object sender, RoutedEventArgs e) в C:\Users\Семён\Documents\GitHub\Practice_Lift1\Liftais\Liftais\Ais.xaml.cs:строка 476
2022-11-20 22:44:30.9876 DEBUG Инициализация программы
2022-11-20 22:44:31.0405 DEBUG Выполнение запроса Sql + Подключение к Базе данных
2022-11-20 22:44:31.2836 DEBUG Успешное подключение 
Аккаунт: admin
2022-11-20 22:44:31.2836 DEBUG Попытка входа
2022-11-20 22:44:31.2836 INFO Успешный вход
2022-11-20 22:44:42.5002 ERROR Ошибка:  System.IO.IOException: Процесс не может получить доступ к файлу "C:\Users\Семён\Documents\GitHub\Practice_Lift1\Liftais\Liftais\bin\Debug\Export_AIS\data.xlsx", так как этот файл используется другим процессом.
   в System.IO.__Error.WinIOError(Int32 errorCode, String maybeFullPath)
   в System.IO.File.InternalDelete(String path, Boolean checkHost)
   в System.IO.File.Delete(String path)
   в ClosedXML.Excel.XLWorkbook.SaveAs(String file, SaveOptions options) в C:\projects\closedxml\ClosedXML\Excel\XLWorkbook.cs:строка 416
   в ClosedXML.Excel.XLWorkbook.SaveAs(String file, Boolean validate, Boolean evaluateFormulae)
   в ClosedXML.Excel.XLWorkbook.SaveAs(String file)
   в Liftais.Ais.btnexp_Click(Object sender, RoutedEventArgs e) в C:\Users\Семён\Documents\GitHub\Practice_Lift1\Liftais\Liftais\Ais.xaml.cs:строка 501
2022-11-20 22:45:07.0383 ERROR Ошибка:  System.IndexOutOfRangeException: Невозможно найти столбец 4.
   в System.Data.DataColumnCollection.get_Item(Int32 index)
   в System.Data.DataRow.get_Item(Int32 columnIndex, DataRowVersion version)
   в System.Data.DataRowView.get_Item(Int32 ndx)
   в Liftais.Ais.btnexp_Click(Object sender, RoutedEventArgs e) в C:\Users\Семён\Documents\GitHub\Practice_Lift1\Liftais\Liftais\Ais.xaml.cs:строка 474
2022-11-20 22:47:13.9357 ERROR Ошибка:  System.IndexOutOfRangeException: Невозможно найти столбец 4.
   в System.Data.DataColumnCollection.get_Item(Int32 index)
   в System.Data.DataRow.get_Item(Int32 columnIndex, DataRowVersion version)
   в System.Data.DataRowView.get_Item(Int32 ndx)
   в Liftais.Ais.btnexp_Click(Object sender, RoutedEventArgs e) в C:\Users\Семён\Documents\GitHub\Practice_Lift1\Liftais\Liftais\Ais.xaml.cs:строка 474
2022-11-20 22:47:26.9937 ERROR Ошибка:  System.ArgumentOutOfRangeException: Row number must be between 1 and 1048576
Имя параметра: cellAddressInRange
   в ClosedXML.Excel.XLRangeBase.Cell(XLAddress& cellAddressInRange) в C:\projects\closedxml\ClosedXML\Excel\Ranges\XLRangeBase.cs:строка 789
   в ClosedXML.Excel.XLRangeBase.Cell(Int32 row, Int32 column) в C:\projects\closedxml\ClosedXML\Excel\Ranges\XLRangeBase.cs:строка 758
   в ClosedXML.Excel.XLWorksheet.ClosedXML.Excel.IXLWorksheet.Cell(Int32 row, Int32 column) в C:\projects\closedxml\ClosedXML\Excel\XLWorksheet.cs:строка 454
   в Liftais.Ais.btnexp_Click(Object sender, RoutedEventArgs e) в C:\Users\Семён\Documents\GitHub\Practice_Lift1\Liftais\Liftais\Ais.xaml.cs:строка 476
2022-11-20 22:47:40.5617 ERROR Ошибка:  System.ArgumentOutOfRangeException: Row number must be between 1 and 1048576
Имя параметра: cellAddressInRange
   в ClosedXML.Excel.XLRangeBase.Cell(XLAddress& cellAddressInRange) в C:\projects\closedxml\ClosedXML\Excel\Ranges\XLRangeBase.cs:строка 789
   в ClosedXML.Excel.XLRangeBase.Cell(Int32 row, Int32 column) в C:\projects\closedxml\ClosedXML\Excel\Ranges\XLRangeBase.cs:строка 758
   в ClosedXML.Excel.XLWorksheet.ClosedXML.Excel.IXLWorksheet.Cell(Int32 row, Int32 column) в C:\projects\closedxml\ClosedXML\Excel\XLWorksheet.cs:строка 454
   в Liftais.Ais.btnexp_Click(Object sender, RoutedEventArgs e) в C:\Users\Семён\Documents\GitHub\Practice_Lift1\Liftais\Liftais\Ais.xaml.cs:строка 476
2022-11-20 22:47:43.6967 ERROR Ошибка:  System.ArgumentOutOfRangeException: Row number must be between 1 and 1048576
Имя параметра: cellAddressInRange
   в ClosedXML.Excel.XLRangeBase.Cell(XLAddress& cellAddressInRange) в C:\projects\closedxml\ClosedXML\Excel\Ranges\XLRangeBase.cs:строка 789
   в ClosedXML.Excel.XLRangeBase.Cell(Int32 row, Int32 column) в C:\projects\closedxml\ClosedXML\Excel\Ranges\XLRangeBase.cs:строка 758
   в ClosedXML.Excel.XLWorksheet.ClosedXML.Excel.IXLWorksheet.Cell(Int32 row, Int32 column) в C:\projects\closedxml\ClosedXML\Excel\XLWorksheet.cs:строка 454
   в Liftais.Ais.btnexp_Click(Object sender, RoutedEventArgs e) в C:\Users\Семён\Documents\GitHub\Practice_Lift1\Liftais\Liftais\Ais.xaml.cs:строка 476
2022-11-20 22:47:43.8486 ERROR Ошибка:  System.ArgumentOutOfRangeException: Row number must be between 1 and 1048576
Имя параметра: cellAddressInRange
   в ClosedXML.Excel.XLRangeBase.Cell(XLAddress& cellAddressInRange) в C:\projects\closedxml\ClosedXML\Excel\Ranges\XLRangeBase.cs:строка 789
   в ClosedXML.Excel.XLRangeBase.Cell(Int32 row, Int32 column) в C:\projects\closedxml\ClosedXML\Excel\Ranges\XLRangeBase.cs:строка 758
   в ClosedXML.Excel.XLWorksheet.ClosedXML.Excel.IXLWorksheet.Cell(Int32 row, Int32 column) в C:\projects\closedxml\ClosedXML\Excel\XLWorksheet.cs:строка 454
   в Liftais.Ais.btnexp_Click(Object sender, RoutedEventArgs e) в C:\Users\Семён\Documents\GitHub\Practice_Lift1\Liftais\Liftais\Ais.xaml.cs:строка 476
2022-11-20 22:49:29.7063 DEBUG Инициализация программы
2022-11-20 22:49:29.7582 DEBUG Выполнение запроса Sql + Подключение к Базе данных
2022-11-20 22:49:30.2400 DEBUG Успешное подключение 
Аккаунт: admin
2022-11-20 22:49:30.2400 DEBUG Попытка входа
2022-11-20 22:49:30.2400 INFO Успешный вход
2022-11-20 22:49:41.7580 ERROR Ошибка:  System.IndexOutOfRangeException: Невозможно найти столбец 4.
   в System.Data.DataColumnCollection.get_Item(Int32 index)
   в System.Data.DataRow.get_Item(Int32 columnIndex, DataRowVersion version)
   в System.Data.DataRowView.get_Item(Int32 ndx)
   в Liftais.Ais.btnexp_Click(Object sender, RoutedEventArgs e) в C:\Users\Семён\Documents\GitHub\Practice_Lift1\Liftais\Liftais\Ais.xaml.cs:строка 474
2022-11-20 22:50:04.3217 ERROR Ошибка:  System.ArgumentOutOfRangeException: Row number must be between 1 and 1048576
Имя параметра: cellAddressInRange
   в ClosedXML.Excel.XLRangeBase.Cell(XLAddress& cellAddressInRange) в C:\projects\closedxml\ClosedXML\Excel\Ranges\XLRangeBase.cs:строка 789
   в ClosedXML.Excel.XLRangeBase.Cell(Int32 row, Int32 column) в C:\projects\closedxml\ClosedXML\Excel\Ranges\XLRangeBase.cs:строка 758
   в ClosedXML.Excel.XLWorksheet.ClosedXML.Excel.IXLWorksheet.Cell(Int32 row, Int32 column) в C:\projects\closedxml\ClosedXML\Excel\XLWorksheet.cs:строка 454
   в Liftais.Ais.btnexp_Click(Object sender, RoutedEventArgs e) в C:\Users\Семён\Documents\GitHub\Practice_Lift1\Liftais\Liftais\Ais.xaml.cs:строка 476
2022-11-20 22:50:15.6011 ERROR Ошибка:  System.ArgumentOutOfRangeException: Row number must be between 1 and 1048576
Имя параметра: cellAddressInRange
   в ClosedXML.Excel.XLRangeBase.Cell(XLAddress& cellAddressInRange) в C:\projects\closedxml\ClosedXML\Excel\Ranges\XLRangeBase.cs:строка 789
   в ClosedXML.Excel.XLRangeBase.Cell(Int32 row, Int32 column) в C:\projects\closedxml\ClosedXML\Excel\Ranges\XLRangeBase.cs:строка 758
   в ClosedXML.Excel.XLWorksheet.ClosedXML.Excel.IXLWorksheet.Cell(Int32 row, Int32 column) в C:\projects\closedxml\ClosedXML\Excel\XLWorksheet.cs:строка 454
   в Liftais.Ais.btnexp_Click(Object sender, RoutedEventArgs e) в C:\Users\Семён\Documents\GitHub\Practice_Lift1\Liftais\Liftais\Ais.xaml.cs:строка 476
2022-11-20 22:52:17.0910 DEBUG Инициализация программы
2022-11-20 22:52:17.1429 DEBUG Выполнение запроса Sql + Подключение к Базе данных
2022-11-20 22:52:17.3345 DEBUG Успешное подключение 
Аккаунт: admin
2022-11-20 22:52:17.3345 DEBUG Попытка входа
2022-11-20 22:52:17.3345 INFO Успешный вход
2022-11-20 22:52:28.1999 ERROR Ошибка:  System.IndexOutOfRangeException: Невозможно найти столбец 4.
   в System.Data.DataColumnCollection.get_Item(Int32 index)
   в System.Data.DataRow.get_Item(Int32 columnIndex, DataRowVersion version)
   в System.Data.DataRowView.get_Item(Int32 ndx)
   в Liftais.Ais.btnexp_Click(Object sender, RoutedEventArgs e) в C:\Users\Семён\Documents\GitHub\Practice_Lift1\Liftais\Liftais\Ais.xaml.cs:строка 474
2022-11-20 22:52:53.5620 ERROR Ошибка:  System.ArgumentOutOfRangeException: Row number must be between 1 and 1048576
Имя параметра: cellAddressInRange
   в ClosedXML.Excel.XLRangeBase.Cell(XLAddress& cellAddressInRange) в C:\projects\closedxml\ClosedXML\Excel\Ranges\XLRangeBase.cs:строка 789
   в ClosedXML.Excel.XLRangeBase.Cell(Int32 row, Int32 column) в C:\projects\closedxml\ClosedXML\Excel\Ranges\XLRangeBase.cs:строка 758
   в ClosedXML.Excel.XLWorksheet.ClosedXML.Excel.IXLWorksheet.Cell(Int32 row, Int32 column) в C:\projects\closedxml\ClosedXML\Excel\XLWorksheet.cs:строка 454
   в Liftais.Ais.btnexp_Click(Object sender, RoutedEventArgs e) в C:\Users\Семён\Documents\GitHub\Practice_Lift1\Liftais\Liftais\Ais.xaml.cs:строка 476
2022-11-20 22:57:26.7774 DEBUG Инициализация программы
2022-11-20 22:57:26.8302 DEBUG Выполнение запроса Sql + Подключение к Базе данных
2022-11-20 22:57:27.4229 DEBUG Успешное подключение 
Аккаунт: admin
2022-11-20 22:57:27.4229 DEBUG Попытка входа
2022-11-20 22:57:27.4229 INFO Успешный вход
2022-11-20 22:57:37.6493 ERROR Ошибка:  System.IndexOutOfRangeException: Невозможно найти столбец 11.
   в System.Data.DataColumnCollection.get_Item(Int32 index)
   в System.Data.DataRow.get_Item(Int32 columnIndex, DataRowVersion version)
   в System.Data.DataRowView.get_Item(Int32 ndx)
   в Liftais.Ais.btnexp_Click(Object sender, RoutedEventArgs e) в C:\Users\Семён\Documents\GitHub\Practice_Lift1\Liftais\Liftais\Ais.xaml.cs:строка 537
2022-11-20 22:57:42.7266 ERROR Ошибка:  System.IndexOutOfRangeException: Невозможно найти столбец 11.
   в System.Data.DataColumnCollection.get_Item(Int32 index)
   в System.Data.DataRow.get_Item(Int32 columnIndex, DataRowVersion version)
   в System.Data.DataRowView.get_Item(Int32 ndx)
   в Liftais.Ais.btnexp_Click(Object sender, RoutedEventArgs e) в C:\Users\Семён\Documents\GitHub\Practice_Lift1\Liftais\Liftais\Ais.xaml.cs:строка 537
2022-11-20 22:59:11.5362 DEBUG Инициализация программы
2022-11-20 22:59:11.5891 DEBUG Выполнение запроса Sql + Подключение к Базе данных
2022-11-20 22:59:11.8298 DEBUG Успешное подключение 
Аккаунт: admin
2022-11-20 22:59:11.8298 DEBUG Попытка входа
2022-11-20 22:59:11.8298 INFO Успешный вход
2022-11-20 22:59:20.4847 ERROR Ошибка:  System.IndexOutOfRangeException: Невозможно найти столбец 4.
   в System.Data.DataColumnCollection.get_Item(Int32 index)
   в System.Data.DataRow.get_Item(Int32 columnIndex, DataRowVersion version)
   в System.Data.DataRowView.get_Item(Int32 ndx)
   в Liftais.Ais.btnexp_Click(Object sender, RoutedEventArgs e) в C:\Users\Семён\Documents\GitHub\Practice_Lift1\Liftais\Liftais\Ais.xaml.cs:строка 474
2022-11-20 22:59:38.1105 ERROR Ошибка:  System.IndexOutOfRangeException: Невозможно найти столбец 4.
   в System.Data.DataColumnCollection.get_Item(Int32 index)
   в System.Data.DataRow.get_Item(Int32 columnIndex, DataRowVersion version)
   в System.Data.DataRowView.get_Item(Int32 ndx)
   в Liftais.Ais.btnexp_Click(Object sender, RoutedEventArgs e) в C:\Users\Семён\Documents\GitHub\Practice_Lift1\Liftais\Liftais\Ais.xaml.cs:строка 474
2022-11-20 23:00:41.3693 ERROR Ошибка:  System.IndexOutOfRangeException: Невозможно найти столбец 4.
   в System.Data.DataColumnCollection.get_Item(Int32 index)
   в System.Data.DataRow.get_Item(Int32 columnIndex, DataRowVersion version)
   в System.Data.DataRowView.get_Item(Int32 ndx)
   в Liftais.Ais.btnexp_Click(Object sender, RoutedEventArgs e) в C:\Users\Семён\Documents\GitHub\Practice_Lift1\Liftais\Liftais\Ais.xaml.cs:строка 474
2022-11-20 23:02:02.9508 ERROR Ошибка:  System.IndexOutOfRangeException: Невозможно найти столбец 4.
   в System.Data.DataColumnCollection.get_Item(Int32 index)
   в System.Data.DataRow.get_Item(Int32 columnIndex, DataRowVersion version)
   в System.Data.DataRowView.get_Item(Int32 ndx)
   в Liftais.Ais.btnexp_Click(Object sender, RoutedEventArgs e) в C:\Users\Семён\Documents\GitHub\Practice_Lift1\Liftais\Liftais\Ais.xaml.cs:строка 474
