2022-12-08 14:49:19.1299 DEBUG Инициализация программы
2022-12-08 14:49:19.6088 DEBUG Выполнение запроса Sql + Подключение к Базе данных
2022-12-08 14:49:35.8419 ERROR Ошибка MySql.Data.MySqlClient.MySqlException (0x80004005): Unable to connect to any of the specified MySQL hosts. ---> System.Net.Sockets.SocketException (0x80004005): Попытка установить соединение была безуспешной, т.к. от другого компьютера за требуемое время не получен нужный отклик, или было разорвано уже установленное соединение из-за неверного отклика уже подключенного компьютера 192.168.88.55:3307
   в System.Net.Sockets.Socket.InternalEndConnect(IAsyncResult asyncResult)
   в System.Net.Sockets.Socket.EndConnect(IAsyncResult asyncResult)
   в System.Net.Sockets.TcpClient.EndConnect(IAsyncResult asyncResult)
   в System.Threading.Tasks.TaskFactory`1.FromAsyncCoreLogic(IAsyncResult iar, Func`2 endFunction, Action`1 endAction, Task`1 promise, Boolean requiresSynchronization)
   в MySql.Data.MySqlClient.NativeDriver.<>c.<Open>b__40_0(Exception ex)
   в System.AggregateException.Handle(Func`2 predicate)
   в MySql.Data.MySqlClient.NativeDriver.Open()
   в MySql.Data.MySqlClient.Driver.Open()
   в MySql.Data.MySqlClient.Driver.Create(MySqlConnectionStringBuilder settings)
   в MySql.Data.MySqlClient.MySqlPool.CreateNewPooledConnection()
   в MySql.Data.MySqlClient.MySqlPool.GetPooledConnection()
   в MySql.Data.MySqlClient.MySqlPool.TryToGetDriver()
   в MySql.Data.MySqlClient.MySqlPool.GetConnection()
   в MySql.Data.MySqlClient.MySqlConnection.Open()
   в System.Data.Common.DbDataAdapter.FillInternal(DataSet dataset, DataTable[] datatables, Int32 startRecord, Int32 maxRecords, String srcTable, IDbCommand command, CommandBehavior behavior)
   в System.Data.Common.DbDataAdapter.Fill(DataTable[] dataTables, Int32 startRecord, Int32 maxRecords, IDbCommand command, CommandBehavior behavior)
   в System.Data.Common.DbDataAdapter.Fill(DataTable dataTable)
   в Liftais.MainWindow.SingIn_Click(Object sender, RoutedEventArgs y) в C:\Users\Семён\Documents\GitHub\Practice_Lift1\Liftais\Liftais\MainWindow.xaml.cs:строка 55
2022-12-08 14:50:18.9996 DEBUG Инициализация программы
2022-12-08 14:50:18.9996 DEBUG Выполнение запроса Sql + Подключение к Базе данных
2022-12-08 14:50:33.0048 ERROR Ошибка MySql.Data.MySqlClient.MySqlException (0x80004005): Unable to connect to any of the specified MySQL hosts. ---> System.Net.Sockets.SocketException (0x80004005): Попытка установить соединение была безуспешной, т.к. от другого компьютера за требуемое время не получен нужный отклик, или было разорвано уже установленное соединение из-за неверного отклика уже подключенного компьютера 192.168.88.55:3307
   в System.Net.Sockets.Socket.InternalEndConnect(IAsyncResult asyncResult)
   в System.Net.Sockets.Socket.EndConnect(IAsyncResult asyncResult)
   в System.Net.Sockets.TcpClient.EndConnect(IAsyncResult asyncResult)
   в System.Threading.Tasks.TaskFactory`1.FromAsyncCoreLogic(IAsyncResult iar, Func`2 endFunction, Action`1 endAction, Task`1 promise, Boolean requiresSynchronization)
   в MySql.Data.MySqlClient.NativeDriver.<>c.<Open>b__40_0(Exception ex)
   в System.AggregateException.Handle(Func`2 predicate)
   в MySql.Data.MySqlClient.NativeDriver.Open()
   в MySql.Data.MySqlClient.Driver.Open()
   в MySql.Data.MySqlClient.Driver.Create(MySqlConnectionStringBuilder settings)
   в MySql.Data.MySqlClient.MySqlPool.CreateNewPooledConnection()
   в MySql.Data.MySqlClient.MySqlPool.GetPooledConnection()
   в MySql.Data.MySqlClient.MySqlPool.TryToGetDriver()
   в MySql.Data.MySqlClient.MySqlPool.GetConnection()
   в MySql.Data.MySqlClient.MySqlConnection.Open()
   в System.Data.Common.DbDataAdapter.FillInternal(DataSet dataset, DataTable[] datatables, Int32 startRecord, Int32 maxRecords, String srcTable, IDbCommand command, CommandBehavior behavior)
   в System.Data.Common.DbDataAdapter.Fill(DataTable[] dataTables, Int32 startRecord, Int32 maxRecords, IDbCommand command, CommandBehavior behavior)
   в System.Data.Common.DbDataAdapter.Fill(DataTable dataTable)
   в Liftais.MainWindow.SingIn_Click(Object sender, RoutedEventArgs y) в C:\Users\Семён\Documents\GitHub\Practice_Lift1\Liftais\Liftais\MainWindow.xaml.cs:строка 55
2022-12-08 14:51:29.2811 DEBUG Инициализация программы
2022-12-08 14:51:29.4502 DEBUG Выполнение запроса Sql + Подключение к Базе данных
2022-12-08 14:51:43.5280 ERROR Ошибка MySql.Data.MySqlClient.MySqlException (0x80004005): Unable to connect to any of the specified MySQL hosts. ---> System.Net.Sockets.SocketException (0x80004005): Попытка установить соединение была безуспешной, т.к. от другого компьютера за требуемое время не получен нужный отклик, или было разорвано уже установленное соединение из-за неверного отклика уже подключенного компьютера 192.168.88.54:3307
   в System.Net.Sockets.Socket.InternalEndConnect(IAsyncResult asyncResult)
   в System.Net.Sockets.Socket.EndConnect(IAsyncResult asyncResult)
   в System.Net.Sockets.TcpClient.EndConnect(IAsyncResult asyncResult)
   в System.Threading.Tasks.TaskFactory`1.FromAsyncCoreLogic(IAsyncResult iar, Func`2 endFunction, Action`1 endAction, Task`1 promise, Boolean requiresSynchronization)
   в MySql.Data.MySqlClient.NativeDriver.<>c.<Open>b__40_0(Exception ex)
   в System.AggregateException.Handle(Func`2 predicate)
   в MySql.Data.MySqlClient.NativeDriver.Open()
   в MySql.Data.MySqlClient.Driver.Open()
   в MySql.Data.MySqlClient.Driver.Create(MySqlConnectionStringBuilder settings)
   в MySql.Data.MySqlClient.MySqlPool.CreateNewPooledConnection()
   в MySql.Data.MySqlClient.MySqlPool.GetPooledConnection()
   в MySql.Data.MySqlClient.MySqlPool.TryToGetDriver()
   в MySql.Data.MySqlClient.MySqlPool.GetConnection()
   в MySql.Data.MySqlClient.MySqlConnection.Open()
   в System.Data.Common.DbDataAdapter.FillInternal(DataSet dataset, DataTable[] datatables, Int32 startRecord, Int32 maxRecords, String srcTable, IDbCommand command, CommandBehavior behavior)
   в System.Data.Common.DbDataAdapter.Fill(DataTable[] dataTables, Int32 startRecord, Int32 maxRecords, IDbCommand command, CommandBehavior behavior)
   в System.Data.Common.DbDataAdapter.Fill(DataTable dataTable)
   в Liftais.MainWindow.SingIn_Click(Object sender, RoutedEventArgs y) в C:\Users\Семён\Documents\GitHub\Practice_Lift1\Liftais\Liftais\MainWindow.xaml.cs:строка 55
2022-12-08 14:54:46.9915 DEBUG Инициализация программы
2022-12-08 14:54:47.5271 DEBUG Выполнение запроса Sql + Подключение к Базе данных
2022-12-08 14:55:01.5342 ERROR Ошибка MySql.Data.MySqlClient.MySqlException (0x80004005): Unable to connect to any of the specified MySQL hosts. ---> System.Net.Sockets.SocketException (0x80004005): Попытка установить соединение была безуспешной, т.к. от другого компьютера за требуемое время не получен нужный отклик, или было разорвано уже установленное соединение из-за неверного отклика уже подключенного компьютера 192.168.88.54:3307
   в System.Net.Sockets.Socket.InternalEndConnect(IAsyncResult asyncResult)
   в System.Net.Sockets.Socket.EndConnect(IAsyncResult asyncResult)
   в System.Net.Sockets.TcpClient.EndConnect(IAsyncResult asyncResult)
   в System.Threading.Tasks.TaskFactory`1.FromAsyncCoreLogic(IAsyncResult iar, Func`2 endFunction, Action`1 endAction, Task`1 promise, Boolean requiresSynchronization)
   в MySql.Data.MySqlClient.NativeDriver.<>c.<Open>b__40_0(Exception ex)
   в System.AggregateException.Handle(Func`2 predicate)
   в MySql.Data.MySqlClient.NativeDriver.Open()
   в MySql.Data.MySqlClient.Driver.Open()
   в MySql.Data.MySqlClient.Driver.Create(MySqlConnectionStringBuilder settings)
   в MySql.Data.MySqlClient.MySqlPool.CreateNewPooledConnection()
   в MySql.Data.MySqlClient.MySqlPool.GetPooledConnection()
   в MySql.Data.MySqlClient.MySqlPool.TryToGetDriver()
   в MySql.Data.MySqlClient.MySqlPool.GetConnection()
   в MySql.Data.MySqlClient.MySqlConnection.Open()
   в System.Data.Common.DbDataAdapter.FillInternal(DataSet dataset, DataTable[] datatables, Int32 startRecord, Int32 maxRecords, String srcTable, IDbCommand command, CommandBehavior behavior)
   в System.Data.Common.DbDataAdapter.Fill(DataTable[] dataTables, Int32 startRecord, Int32 maxRecords, IDbCommand command, CommandBehavior behavior)
   в System.Data.Common.DbDataAdapter.Fill(DataTable dataTable)
   в Liftais.MainWindow.SingIn_Click(Object sender, RoutedEventArgs y) в C:\Users\Семён\Documents\GitHub\Practice_Lift1\Liftais\Liftais\MainWindow.xaml.cs:строка 55
2022-12-08 14:58:55.8938 DEBUG Инициализация программы
2022-12-08 14:58:56.0114 DEBUG Выполнение запроса Sql + Подключение к Базе данных
2022-12-08 14:58:57.9505 DEBUG Успешное подключение 
Аккаунт: admin
2022-12-08 14:58:57.9505 DEBUG Попытка входа
2022-12-08 14:58:57.9505 INFO Успешный вход
2022-12-08 15:04:21.1686 DEBUG Инициализация программы
2022-12-08 15:04:21.1686 DEBUG Выполнение запроса Sql + Подключение к Базе данных
2022-12-08 15:04:21.2114 DEBUG Успешное подключение 
Аккаунт: admin
2022-12-08 15:04:21.2114 DEBUG Попытка входа
2022-12-08 15:04:21.2114 INFO Успешный вход
2022-12-08 15:06:26.5546 DEBUG Инициализация программы
2022-12-08 15:06:26.6125 DEBUG Выполнение запроса Sql + Подключение к Базе данных
2022-12-08 15:06:27.0975 DEBUG Успешное подключение 
Аккаунт: admin
2022-12-08 15:06:27.0975 DEBUG Попытка входа
2022-12-08 15:06:27.0975 INFO Успешный вход
2022-12-08 15:21:38.0427 ERROR Ошибка создания записи в модуле ПосетителиSystem.FormatException: Входная строка имела неверный формат.
   в System.Number.StringToNumber(String str, NumberStyles options, NumberBuffer& number, NumberFormatInfo info, Boolean parseDecimal)
   в System.Number.ParseInt32(String s, NumberStyles style, NumberFormatInfo info)
   в System.String.System.IConvertible.ToInt32(IFormatProvider provider)
   в System.Convert.ToInt32(Object value)
   в MySql.Data.Types.MySqlInt32.MySql.Data.Types.IMySqlValue.WriteValue(MySqlPacket packet, Boolean binary, Object val, Int32 length)
   в MySql.Data.MySqlClient.MySqlParameter.Serialize(MySqlPacket packet, Boolean binary, MySqlConnectionStringBuilder settings)
   в MySql.Data.MySqlClient.Statement.SerializeParameter(MySqlParameterCollection parameters, MySqlPacket packet, String parmName, Int32 parameterIndex)
   в MySql.Data.MySqlClient.Statement.InternalBindParameters(String sql, MySqlParameterCollection parameters, MySqlPacket packet)
   в MySql.Data.MySqlClient.Statement.BindParameters()
   в MySql.Data.MySqlClient.PreparableStatement.Execute()
   в MySql.Data.MySqlClient.MySqlCommand.ExecuteReader(CommandBehavior behavior)
   в MySql.Data.MySqlClient.MySqlCommand.ExecuteNonQuery()
   в Liftais.Ais.cr_note_visiter_btn_Click(Object sender, RoutedEventArgs e) в C:\Users\Семён\Documents\GitHub\Practice_Lift1\Liftais\Liftais\Ais.xaml.cs:строка 1222
2022-12-08 15:32:30.7815 ERROR Ошибка создания записи в модуле ПосетителиMySql.Data.MySqlClient.MySqlException (0x80004005): Duplicate entry '769' for key 'id_visiter'
   в MySql.Data.MySqlClient.MySqlStream.ReadPacket()
   в MySql.Data.MySqlClient.NativeDriver.GetResult(Int32& affectedRow, Int64& insertedId)
   в MySql.Data.MySqlClient.Driver.GetResult(Int32 statementId, Int32& affectedRows, Int64& insertedId)
   в MySql.Data.MySqlClient.Driver.NextResult(Int32 statementId, Boolean force)
   в MySql.Data.MySqlClient.MySqlDataReader.NextResult()
   в MySql.Data.MySqlClient.MySqlCommand.ExecuteReader(CommandBehavior behavior)
   в MySql.Data.MySqlClient.MySqlCommand.ExecuteNonQuery()
   в Liftais.Ais.cr_note_visiter_btn_Click(Object sender, RoutedEventArgs e) в C:\Users\Семён\Documents\GitHub\Practice_Lift1\Liftais\Liftais\Ais.xaml.cs:строка 1222
2022-12-08 15:32:34.0857 ERROR Ошибка создания записи в модуле ПосетителиMySql.Data.MySqlClient.MySqlException (0x80004005): Duplicate entry '769' for key 'id_visiter'
   в MySql.Data.MySqlClient.MySqlStream.ReadPacket()
   в MySql.Data.MySqlClient.NativeDriver.GetResult(Int32& affectedRow, Int64& insertedId)
   в MySql.Data.MySqlClient.Driver.GetResult(Int32 statementId, Int32& affectedRows, Int64& insertedId)
   в MySql.Data.MySqlClient.Driver.NextResult(Int32 statementId, Boolean force)
   в MySql.Data.MySqlClient.MySqlDataReader.NextResult()
   в MySql.Data.MySqlClient.MySqlCommand.ExecuteReader(CommandBehavior behavior)
   в MySql.Data.MySqlClient.MySqlCommand.ExecuteNonQuery()
   в Liftais.Ais.cr_note_visiter_btn_Click(Object sender, RoutedEventArgs e) в C:\Users\Семён\Documents\GitHub\Practice_Lift1\Liftais\Liftais\Ais.xaml.cs:строка 1222
2022-12-08 15:32:34.2459 ERROR Ошибка создания записи в модуле ПосетителиMySql.Data.MySqlClient.MySqlException (0x80004005): Duplicate entry '769' for key 'id_visiter'
   в MySql.Data.MySqlClient.MySqlStream.ReadPacket()
   в MySql.Data.MySqlClient.NativeDriver.GetResult(Int32& affectedRow, Int64& insertedId)
   в MySql.Data.MySqlClient.Driver.GetResult(Int32 statementId, Int32& affectedRows, Int64& insertedId)
   в MySql.Data.MySqlClient.Driver.NextResult(Int32 statementId, Boolean force)
   в MySql.Data.MySqlClient.MySqlDataReader.NextResult()
   в MySql.Data.MySqlClient.MySqlCommand.ExecuteReader(CommandBehavior behavior)
   в MySql.Data.MySqlClient.MySqlCommand.ExecuteNonQuery()
   в Liftais.Ais.cr_note_visiter_btn_Click(Object sender, RoutedEventArgs e) в C:\Users\Семён\Documents\GitHub\Practice_Lift1\Liftais\Liftais\Ais.xaml.cs:строка 1222
2022-12-08 15:32:34.5009 ERROR Ошибка создания записи в модуле ПосетителиMySql.Data.MySqlClient.MySqlException (0x80004005): Duplicate entry '769' for key 'id_visiter'
   в MySql.Data.MySqlClient.MySqlStream.ReadPacket()
   в MySql.Data.MySqlClient.NativeDriver.GetResult(Int32& affectedRow, Int64& insertedId)
   в MySql.Data.MySqlClient.Driver.GetResult(Int32 statementId, Int32& affectedRows, Int64& insertedId)
   в MySql.Data.MySqlClient.Driver.NextResult(Int32 statementId, Boolean force)
   в MySql.Data.MySqlClient.MySqlDataReader.NextResult()
   в MySql.Data.MySqlClient.MySqlCommand.ExecuteReader(CommandBehavior behavior)
   в MySql.Data.MySqlClient.MySqlCommand.ExecuteNonQuery()
   в Liftais.Ais.cr_note_visiter_btn_Click(Object sender, RoutedEventArgs e) в C:\Users\Семён\Documents\GitHub\Practice_Lift1\Liftais\Liftais\Ais.xaml.cs:строка 1222
2022-12-08 15:32:34.7235 ERROR Ошибка создания записи в модуле ПосетителиMySql.Data.MySqlClient.MySqlException (0x80004005): Duplicate entry '769' for key 'id_visiter'
   в MySql.Data.MySqlClient.MySqlStream.ReadPacket()
   в MySql.Data.MySqlClient.NativeDriver.GetResult(Int32& affectedRow, Int64& insertedId)
   в MySql.Data.MySqlClient.Driver.GetResult(Int32 statementId, Int32& affectedRows, Int64& insertedId)
   в MySql.Data.MySqlClient.Driver.NextResult(Int32 statementId, Boolean force)
   в MySql.Data.MySqlClient.MySqlDataReader.NextResult()
   в MySql.Data.MySqlClient.MySqlCommand.ExecuteReader(CommandBehavior behavior)
   в MySql.Data.MySqlClient.MySqlCommand.ExecuteNonQuery()
   в Liftais.Ais.cr_note_visiter_btn_Click(Object sender, RoutedEventArgs e) в C:\Users\Семён\Documents\GitHub\Practice_Lift1\Liftais\Liftais\Ais.xaml.cs:строка 1222
2022-12-08 15:32:34.9017 ERROR Ошибка создания записи в модуле ПосетителиMySql.Data.MySqlClient.MySqlException (0x80004005): Duplicate entry '769' for key 'id_visiter'
   в MySql.Data.MySqlClient.MySqlStream.ReadPacket()
   в MySql.Data.MySqlClient.NativeDriver.GetResult(Int32& affectedRow, Int64& insertedId)
   в MySql.Data.MySqlClient.Driver.GetResult(Int32 statementId, Int32& affectedRows, Int64& insertedId)
   в MySql.Data.MySqlClient.Driver.NextResult(Int32 statementId, Boolean force)
   в MySql.Data.MySqlClient.MySqlDataReader.NextResult()
   в MySql.Data.MySqlClient.MySqlCommand.ExecuteReader(CommandBehavior behavior)
   в MySql.Data.MySqlClient.MySqlCommand.ExecuteNonQuery()
   в Liftais.Ais.cr_note_visiter_btn_Click(Object sender, RoutedEventArgs e) в C:\Users\Семён\Documents\GitHub\Practice_Lift1\Liftais\Liftais\Ais.xaml.cs:строка 1222
2022-12-08 15:32:35.0624 ERROR Ошибка создания записи в модуле ПосетителиMySql.Data.MySqlClient.MySqlException (0x80004005): Duplicate entry '769' for key 'id_visiter'
   в MySql.Data.MySqlClient.MySqlStream.ReadPacket()
   в MySql.Data.MySqlClient.NativeDriver.GetResult(Int32& affectedRow, Int64& insertedId)
   в MySql.Data.MySqlClient.Driver.GetResult(Int32 statementId, Int32& affectedRows, Int64& insertedId)
   в MySql.Data.MySqlClient.Driver.NextResult(Int32 statementId, Boolean force)
   в MySql.Data.MySqlClient.MySqlDataReader.NextResult()
   в MySql.Data.MySqlClient.MySqlCommand.ExecuteReader(CommandBehavior behavior)
   в MySql.Data.MySqlClient.MySqlCommand.ExecuteNonQuery()
   в Liftais.Ais.cr_note_visiter_btn_Click(Object sender, RoutedEventArgs e) в C:\Users\Семён\Documents\GitHub\Practice_Lift1\Liftais\Liftais\Ais.xaml.cs:строка 1222
2022-12-08 16:05:16.9650 DEBUG Инициализация программы
2022-12-08 16:05:17.0209 DEBUG Выполнение запроса Sql + Подключение к Базе данных
2022-12-08 16:05:31.0960 ERROR Ошибка MySql.Data.MySqlClient.MySqlException (0x80004005): Unable to connect to any of the specified MySQL hosts. ---> System.Net.Sockets.SocketException (0x80004005): Попытка установить соединение была безуспешной, т.к. от другого компьютера за требуемое время не получен нужный отклик, или было разорвано уже установленное соединение из-за неверного отклика уже подключенного компьютера 192.168.88.54:3306
   в System.Net.Sockets.Socket.InternalEndConnect(IAsyncResult asyncResult)
   в System.Net.Sockets.Socket.EndConnect(IAsyncResult asyncResult)
   в System.Net.Sockets.TcpClient.EndConnect(IAsyncResult asyncResult)
   в System.Threading.Tasks.TaskFactory`1.FromAsyncCoreLogic(IAsyncResult iar, Func`2 endFunction, Action`1 endAction, Task`1 promise, Boolean requiresSynchronization)
   в MySql.Data.MySqlClient.NativeDriver.<>c.<Open>b__40_0(Exception ex)
   в System.AggregateException.Handle(Func`2 predicate)
   в MySql.Data.MySqlClient.NativeDriver.Open()
   в MySql.Data.MySqlClient.Driver.Open()
   в MySql.Data.MySqlClient.Driver.Create(MySqlConnectionStringBuilder settings)
   в MySql.Data.MySqlClient.MySqlPool.CreateNewPooledConnection()
   в MySql.Data.MySqlClient.MySqlPool.GetPooledConnection()
   в MySql.Data.MySqlClient.MySqlPool.TryToGetDriver()
   в MySql.Data.MySqlClient.MySqlPool.GetConnection()
   в MySql.Data.MySqlClient.MySqlConnection.Open()
   в System.Data.Common.DbDataAdapter.FillInternal(DataSet dataset, DataTable[] datatables, Int32 startRecord, Int32 maxRecords, String srcTable, IDbCommand command, CommandBehavior behavior)
   в System.Data.Common.DbDataAdapter.Fill(DataTable[] dataTables, Int32 startRecord, Int32 maxRecords, IDbCommand command, CommandBehavior behavior)
   в System.Data.Common.DbDataAdapter.Fill(DataTable dataTable)
   в Liftais.MainWindow.SingIn_Click(Object sender, RoutedEventArgs y) в C:\Users\Семён\Documents\GitHub\Practice_Lift1\Liftais\Liftais\MainWindow.xaml.cs:строка 55
2022-12-08 16:05:38.4002 DEBUG Инициализация программы
2022-12-08 16:05:38.4002 DEBUG Выполнение запроса Sql + Подключение к Базе данных
2022-12-08 16:05:52.4033 ERROR Ошибка MySql.Data.MySqlClient.MySqlException (0x80004005): Unable to connect to any of the specified MySQL hosts. ---> System.Net.Sockets.SocketException (0x80004005): Попытка установить соединение была безуспешной, т.к. от другого компьютера за требуемое время не получен нужный отклик, или было разорвано уже установленное соединение из-за неверного отклика уже подключенного компьютера 192.168.88.54:3306
   в System.Net.Sockets.Socket.InternalEndConnect(IAsyncResult asyncResult)
   в System.Net.Sockets.Socket.EndConnect(IAsyncResult asyncResult)
   в System.Net.Sockets.TcpClient.EndConnect(IAsyncResult asyncResult)
   в System.Threading.Tasks.TaskFactory`1.FromAsyncCoreLogic(IAsyncResult iar, Func`2 endFunction, Action`1 endAction, Task`1 promise, Boolean requiresSynchronization)
   в MySql.Data.MySqlClient.NativeDriver.<>c.<Open>b__40_0(Exception ex)
   в System.AggregateException.Handle(Func`2 predicate)
   в MySql.Data.MySqlClient.NativeDriver.Open()
   в MySql.Data.MySqlClient.Driver.Open()
   в MySql.Data.MySqlClient.Driver.Create(MySqlConnectionStringBuilder settings)
   в MySql.Data.MySqlClient.MySqlPool.CreateNewPooledConnection()
   в MySql.Data.MySqlClient.MySqlPool.GetPooledConnection()
   в MySql.Data.MySqlClient.MySqlPool.TryToGetDriver()
   в MySql.Data.MySqlClient.MySqlPool.GetConnection()
   в MySql.Data.MySqlClient.MySqlConnection.Open()
   в System.Data.Common.DbDataAdapter.FillInternal(DataSet dataset, DataTable[] datatables, Int32 startRecord, Int32 maxRecords, String srcTable, IDbCommand command, CommandBehavior behavior)
   в System.Data.Common.DbDataAdapter.Fill(DataTable[] dataTables, Int32 startRecord, Int32 maxRecords, IDbCommand command, CommandBehavior behavior)
   в System.Data.Common.DbDataAdapter.Fill(DataTable dataTable)
   в Liftais.MainWindow.SingIn_Click(Object sender, RoutedEventArgs y) в C:\Users\Семён\Documents\GitHub\Practice_Lift1\Liftais\Liftais\MainWindow.xaml.cs:строка 55
2022-12-08 16:12:56.7536 DEBUG Инициализация программы
2022-12-08 16:12:56.7536 DEBUG Выполнение запроса Sql + Подключение к Базе данных
2022-12-08 16:13:03.3729 DEBUG Успешное подключение 
Аккаунт: admin
2022-12-08 16:13:03.3729 DEBUG Попытка входа
2022-12-08 16:13:03.3729 INFO Успешный вход
2022-12-08 16:20:13.6744 ERROR Ошибка: 
System.ArgumentOutOfRangeException: Индекс за пределами диапазона. Индекс должен быть положительным числом, а его размер не должен превышать размер коллекции.
Имя параметра: index
   в System.ThrowHelper.ThrowArgumentOutOfRangeException(ExceptionArgument argument, ExceptionResource resource)
   в System.Collections.Generic.List`1.get_Item(Int32 index)
   в System.Collections.ObjectModel.Collection`1.System.Collections.IList.get_Item(Int32 index)
   в Liftais.Ais.selch1_PreviewMouseLeftButtonDown_1(Object sender, MouseButtonEventArgs e) в C:\Users\Семён\Documents\GitHub\Practice_Lift1\Liftais\Liftais\Ais.xaml.cs:строка 984
2022-12-08 16:20:19.7154 ERROR Ошибка: 
System.ArgumentOutOfRangeException: Индекс за пределами диапазона. Индекс должен быть положительным числом, а его размер не должен превышать размер коллекции.
Имя параметра: index
   в System.ThrowHelper.ThrowArgumentOutOfRangeException(ExceptionArgument argument, ExceptionResource resource)
   в System.Collections.Generic.List`1.get_Item(Int32 index)
   в System.Collections.ObjectModel.Collection`1.System.Collections.IList.get_Item(Int32 index)
   в Liftais.Ais.selch1_PreviewMouseLeftButtonDown_1(Object sender, MouseButtonEventArgs e) в C:\Users\Семён\Documents\GitHub\Practice_Lift1\Liftais\Liftais\Ais.xaml.cs:строка 984
2022-12-08 21:36:07.4082 DEBUG Инициализация программы
2022-12-08 21:36:07.8198 DEBUG Выполнение запроса Sql + Подключение к Базе данных
2022-12-08 21:36:10.6319 DEBUG Успешное подключение 
Аккаунт: admin
2022-12-08 21:36:10.6319 DEBUG Попытка входа
2022-12-08 21:36:10.6319 INFO Успешный вход
2022-12-08 21:37:31.8258 DEBUG Инициализация программы
2022-12-08 21:37:31.9026 DEBUG Выполнение запроса Sql + Подключение к Базе данных
2022-12-08 21:37:32.1507 DEBUG Успешное подключение 
Аккаунт: operator
2022-12-08 21:37:32.1507 DEBUG Попытка входа
2022-12-08 21:37:33.1517 INFO Неправильный логин или пароль
Аккаунт: operator
2022-12-08 21:37:46.8744 DEBUG Инициализация программы
2022-12-08 21:37:46.8744 DEBUG Выполнение запроса Sql + Подключение к Базе данных
2022-12-08 21:37:46.8744 DEBUG Успешное подключение 
Аккаунт: op
2022-12-08 21:37:46.8744 DEBUG Попытка входа
2022-12-08 21:37:48.9285 INFO Неправильный логин или пароль
Аккаунт: op
2022-12-08 21:37:51.3473 DEBUG Инициализация программы
2022-12-08 21:37:51.3473 DEBUG Выполнение запроса Sql + Подключение к Базе данных
2022-12-08 21:37:51.3473 DEBUG Успешное подключение 
Аккаунт: op
2022-12-08 21:37:51.3473 DEBUG Попытка входа
2022-12-08 21:37:51.3473 INFO Успешный вход
2022-12-08 21:42:18.7389 DEBUG Инициализация программы
2022-12-08 21:42:19.1936 DEBUG Выполнение запроса Sql + Подключение к Базе данных
2022-12-08 21:42:21.2447 DEBUG Успешное подключение 
Аккаунт: admin
2022-12-08 21:42:21.2447 DEBUG Попытка входа
2022-12-08 21:42:21.2447 INFO Успешный вход
2022-12-08 21:42:41.1693 DEBUG Инициализация программы
2022-12-08 21:42:41.1693 DEBUG Выполнение запроса Sql + Подключение к Базе данных
2022-12-08 21:42:41.1704 DEBUG Успешное подключение 
Аккаунт: op
2022-12-08 21:42:41.1704 DEBUG Попытка входа
2022-12-08 21:42:41.1704 INFO Успешный вход
2022-12-08 21:46:05.4172 DEBUG Инициализация программы
2022-12-08 21:46:05.4172 DEBUG Выполнение запроса Sql + Подключение к Базе данных
2022-12-08 21:46:05.4172 DEBUG Успешное подключение 
Аккаунт: admin
2022-12-08 21:46:05.4172 DEBUG Попытка входа
2022-12-08 21:46:05.4172 INFO Успешный вход
2022-12-08 21:58:00.7709 DEBUG Инициализация программы
2022-12-08 21:58:01.2501 DEBUG Выполнение запроса Sql + Подключение к Базе данных
2022-12-08 21:58:03.1903 DEBUG Успешное подключение 
Аккаунт: admin
2022-12-08 21:58:03.1903 DEBUG Попытка входа
2022-12-08 21:58:03.1903 INFO Успешный вход
2022-12-08 22:04:24.4422 DEBUG Инициализация программы
2022-12-08 22:04:24.5000 DEBUG Выполнение запроса Sql + Подключение к Базе данных
2022-12-08 22:04:25.1379 DEBUG Успешное подключение 
Аккаунт: admin
2022-12-08 22:04:25.1379 DEBUG Попытка входа
2022-12-08 22:04:25.1379 INFO Успешный вход
2022-12-08 22:07:32.1703 DEBUG Инициализация программы
2022-12-08 22:07:32.2969 DEBUG Выполнение запроса Sql + Подключение к Базе данных
2022-12-08 22:07:33.0015 DEBUG Успешное подключение 
Аккаунт: admin
2022-12-08 22:07:33.0015 DEBUG Попытка входа
2022-12-08 22:07:33.0015 INFO Успешный вход
2022-12-08 22:11:43.1115 DEBUG Инициализация программы
2022-12-08 22:11:43.6070 DEBUG Выполнение запроса Sql + Подключение к Базе данных
2022-12-08 22:11:46.1498 DEBUG Успешное подключение 
Аккаунт: admin
2022-12-08 22:11:46.1498 DEBUG Попытка входа
2022-12-08 22:11:46.1498 INFO Успешный вход
2022-12-08 22:22:31.9859 DEBUG Инициализация программы
2022-12-08 22:22:32.4912 DEBUG Выполнение запроса Sql + Подключение к Базе данных
2022-12-08 22:22:34.6034 DEBUG Успешное подключение 
Аккаунт: admin
2022-12-08 22:22:34.6034 DEBUG Попытка входа
2022-12-08 22:22:34.6034 INFO Успешный вход
2022-12-08 22:32:49.7687 DEBUG Инициализация программы
2022-12-08 22:32:50.9202 DEBUG Выполнение запроса Sql + Подключение к Базе данных
2022-12-08 22:32:55.7920 DEBUG Успешное подключение 
Аккаунт: admin
2022-12-08 22:32:55.7920 DEBUG Попытка входа
2022-12-08 22:32:55.7930 INFO Успешный вход
2022-12-08 22:34:23.7345 DEBUG Инициализация программы
2022-12-08 22:34:23.7924 DEBUG Выполнение запроса Sql + Подключение к Базе данных
2022-12-08 22:34:24.0389 DEBUG Успешное подключение 
Аккаунт: admin
2022-12-08 22:34:24.0389 DEBUG Попытка входа
2022-12-08 22:34:24.0389 INFO Успешный вход
2022-12-08 22:37:24.8843 DEBUG Инициализация программы
2022-12-08 22:37:25.8398 DEBUG Выполнение запроса Sql + Подключение к Базе данных
2022-12-08 22:37:28.5687 DEBUG Успешное подключение 
Аккаунт: admin
2022-12-08 22:37:28.5687 DEBUG Попытка входа
2022-12-08 22:37:28.5687 INFO Успешный вход
2022-12-08 22:39:05.6446 DEBUG Инициализация программы
2022-12-08 22:39:05.6994 DEBUG Выполнение запроса Sql + Подключение к Базе данных
2022-12-08 22:39:06.2245 DEBUG Успешное подключение 
Аккаунт: admin
2022-12-08 22:39:06.2245 DEBUG Попытка входа
2022-12-08 22:39:06.2245 INFO Успешный вход
2022-12-08 22:41:04.0267 DEBUG Инициализация программы
2022-12-08 22:41:04.0855 DEBUG Выполнение запроса Sql + Подключение к Базе данных
2022-12-08 22:41:04.7416 DEBUG Успешное подключение 
Аккаунт: admin
2022-12-08 22:41:04.7416 DEBUG Попытка входа
2022-12-08 22:41:04.7416 INFO Успешный вход
2022-12-08 22:42:11.7106 DEBUG Инициализация программы
2022-12-08 22:42:11.7674 DEBUG Выполнение запроса Sql + Подключение к Базе данных
2022-12-08 22:42:11.9576 DEBUG Успешное подключение 
Аккаунт: admin
2022-12-08 22:42:11.9576 DEBUG Попытка входа
2022-12-08 22:42:11.9576 INFO Успешный вход
2022-12-08 22:46:25.7776 DEBUG Инициализация программы
2022-12-08 22:46:25.8345 DEBUG Выполнение запроса Sql + Подключение к Базе данных
2022-12-08 22:46:26.3993 DEBUG Успешное подключение 
Аккаунт: admin
2022-12-08 22:46:26.3993 DEBUG Попытка входа
2022-12-08 22:46:26.3993 INFO Успешный вход
