2022-11-16 20:42:10.6942 DEBUG Инициализация программы
2022-11-16 20:42:11.1132 DEBUG Выполнение запроса Sql + Подключение к Базе данных
2022-11-16 20:42:13.4898 ERROR Ошибка MySql.Data.MySqlClient.MySqlException (0x80004005): Unable to connect to any of the specified MySQL hosts. ---> System.Net.Sockets.SocketException (0x80004005): Подключение не установлено, т.к. конечный компьютер отверг запрос на подключение 127.0.0.1:3307
   в System.Net.Sockets.Socket.InternalEndConnect(IAsyncResult asyncResult)
   в System.Net.Sockets.Socket.EndConnect(IAsyncResult asyncResult)
   в System.Net.Sockets.TcpClient.EndConnect(IAsyncResult asyncResult)
   в System.Threading.Tasks.TaskFactory`1.FromAsyncCoreLogic(IAsyncResult iar, Func`2 endFunction, Action`1 endAction, Task`1 promise, Boolean requiresSynchronization)
   в MySql.Data.MySqlClient.NativeDriver.<>c.<Open>b__40_0(Exception ex)
   в System.AggregateException.Handle(Func`2 predicate)
   в MySql.Data.MySqlClient.NativeDriver.Open()
   в MySql.Data.MySqlClient.Driver.Open()
   в MySql.Data.MySqlClient.Driver.Create(MySqlConnectionStringBuilder settings)
   в MySql.Data.MySqlClient.MySqlPool.CreateNewPooledConnection()
   в MySql.Data.MySqlClient.MySqlPool.GetPooledConnection()
   в MySql.Data.MySqlClient.MySqlPool.TryToGetDriver()
   в MySql.Data.MySqlClient.MySqlPool.GetConnection()
   в MySql.Data.MySqlClient.MySqlConnection.Open()
   в System.Data.Common.DbDataAdapter.FillInternal(DataSet dataset, DataTable[] datatables, Int32 startRecord, Int32 maxRecords, String srcTable, IDbCommand command, CommandBehavior behavior)
   в System.Data.Common.DbDataAdapter.Fill(DataTable[] dataTables, Int32 startRecord, Int32 maxRecords, IDbCommand command, CommandBehavior behavior)
   в System.Data.Common.DbDataAdapter.Fill(DataTable dataTable)
   в Liftais.MainWindow.SingIn_Click(Object sender, RoutedEventArgs y) в C:\Users\Семён\Documents\GitHub\Practice_Lift1\Liftais\Liftais\MainWindow.xaml.cs:строка 51
2022-11-16 20:43:17.0788 DEBUG Инициализация программы
2022-11-16 20:43:17.2606 DEBUG Выполнение запроса Sql + Подключение к Базе данных
2022-11-16 20:43:23.7260 DEBUG Успешное подключение 
Аккаунт: admin
2022-11-16 20:43:23.7260 DEBUG Попытка входа
2022-11-16 20:43:23.7260 INFO Успешный вход
2022-11-16 20:58:08.2355 DEBUG Инициализация программы
2022-11-16 20:58:08.4911 DEBUG Выполнение запроса Sql + Подключение к Базе данных
2022-11-16 20:58:09.6748 DEBUG Успешное подключение 
Аккаунт: admin
2022-11-16 20:58:09.6748 DEBUG Попытка входа
2022-11-16 20:58:09.6748 INFO Успешный вход
2022-11-16 21:00:16.2628 DEBUG Инициализация программы
2022-11-16 21:00:16.3187 DEBUG Выполнение запроса Sql + Подключение к Базе данных
2022-11-16 21:00:16.8580 DEBUG Успешное подключение 
Аккаунт: admin
2022-11-16 21:00:16.8580 DEBUG Попытка входа
2022-11-16 21:00:16.8580 INFO Успешный вход
2022-11-16 21:01:12.6652 DEBUG Инициализация программы
2022-11-16 21:01:12.7230 DEBUG Выполнение запроса Sql + Подключение к Базе данных
2022-11-16 21:01:13.1005 DEBUG Успешное подключение 
Аккаунт: admin
2022-11-16 21:01:13.1005 DEBUG Попытка входа
2022-11-16 21:01:13.1005 INFO Успешный вход
2022-11-16 21:02:19.7500 DEBUG Инициализация программы
2022-11-16 21:02:19.8029 DEBUG Выполнение запроса Sql + Подключение к Базе данных
2022-11-16 21:02:20.4480 DEBUG Успешное подключение 
Аккаунт: admin
2022-11-16 21:02:20.4480 DEBUG Попытка входа
2022-11-16 21:02:20.4480 INFO Успешный вход
2022-11-16 21:03:16.7499 DEBUG Инициализация программы
2022-11-16 21:03:16.8177 DEBUG Выполнение запроса Sql + Подключение к Базе данных
2022-11-16 21:03:17.0901 DEBUG Успешное подключение 
Аккаунт: admin
2022-11-16 21:03:17.0901 DEBUG Попытка входа
2022-11-16 21:03:17.0901 INFO Успешный вход
2022-11-16 21:03:58.5829 DEBUG Инициализация программы
2022-11-16 21:03:58.6675 DEBUG Выполнение запроса Sql + Подключение к Базе данных
2022-11-16 21:03:59.9711 DEBUG Успешное подключение 
Аккаунт: admin
2022-11-16 21:03:59.9711 DEBUG Попытка входа
2022-11-16 21:03:59.9711 INFO Успешный вход
2022-11-16 21:05:31.7975 DEBUG Инициализация программы
2022-11-16 21:05:31.8534 DEBUG Выполнение запроса Sql + Подключение к Базе данных
2022-11-16 21:05:32.1047 DEBUG Успешное подключение 
Аккаунт: admin
2022-11-16 21:05:32.1047 DEBUG Попытка входа
2022-11-16 21:05:32.1047 INFO Успешный вход
2022-11-16 21:08:26.5625 DEBUG Инициализация программы
2022-11-16 21:08:26.6359 DEBUG Выполнение запроса Sql + Подключение к Базе данных
2022-11-16 21:08:27.4713 DEBUG Успешное подключение 
Аккаунт: admin
2022-11-16 21:08:27.4713 DEBUG Попытка входа
2022-11-16 21:08:27.4713 INFO Успешный вход
2022-11-16 21:14:18.3533 DEBUG Инициализация программы
2022-11-16 21:14:18.5401 DEBUG Выполнение запроса Sql + Подключение к Базе данных
2022-11-16 21:14:19.2907 DEBUG Успешное подключение 
Аккаунт: admin
2022-11-16 21:14:19.2907 DEBUG Попытка входа
2022-11-16 21:14:19.2907 INFO Успешный вход
2022-11-16 21:17:26.8479 DEBUG Инициализация программы
2022-11-16 21:17:26.9087 DEBUG Выполнение запроса Sql + Подключение к Базе данных
2022-11-16 21:17:27.1756 DEBUG Успешное подключение 
Аккаунт: admin
2022-11-16 21:17:27.1756 DEBUG Попытка входа
2022-11-16 21:17:27.1756 INFO Успешный вход
2022-11-16 21:20:01.0124 DEBUG Инициализация программы
2022-11-16 21:20:01.0653 DEBUG Выполнение запроса Sql + Подключение к Базе данных
2022-11-16 21:20:01.3479 DEBUG Успешное подключение 
Аккаунт: admin
2022-11-16 21:20:01.3479 DEBUG Попытка входа
2022-11-16 21:20:01.3479 INFO Успешный вход
2022-11-16 21:25:33.6726 DEBUG Инициализация программы
2022-11-16 21:25:33.8702 DEBUG Выполнение запроса Sql + Подключение к Базе данных
2022-11-16 21:25:35.4275 DEBUG Успешное подключение 
Аккаунт: admin
2022-11-16 21:25:35.4275 DEBUG Попытка входа
2022-11-16 21:25:35.4275 INFO Успешный вход
2022-11-16 21:26:40.8694 DEBUG Инициализация программы
2022-11-16 21:26:40.9242 DEBUG Выполнение запроса Sql + Подключение к Базе данных
2022-11-16 21:26:41.3559 DEBUG Успешное подключение 
Аккаунт: admin
2022-11-16 21:26:41.3559 DEBUG Попытка входа
2022-11-16 21:26:41.3559 INFO Успешный вход
2022-11-16 21:28:00.4155 DEBUG Инициализация программы
2022-11-16 21:28:00.4753 DEBUG Выполнение запроса Sql + Подключение к Базе данных
2022-11-16 21:28:00.8004 DEBUG Успешное подключение 
Аккаунт: admin
2022-11-16 21:28:00.8004 DEBUG Попытка входа
2022-11-16 21:28:00.8004 INFO Успешный вход
2022-11-16 21:29:56.5550 DEBUG Инициализация программы
2022-11-16 21:29:56.6083 DEBUG Выполнение запроса Sql + Подключение к Базе данных
2022-11-16 21:29:56.9403 DEBUG Успешное подключение 
Аккаунт: admin
2022-11-16 21:29:56.9403 DEBUG Попытка входа
2022-11-16 21:29:56.9403 INFO Успешный вход
2022-11-16 21:32:00.8909 DEBUG Инициализация программы
2022-11-16 21:32:00.9488 DEBUG Выполнение запроса Sql + Подключение к Базе данных
2022-11-16 21:32:01.1864 DEBUG Успешное подключение 
Аккаунт: admin
2022-11-16 21:32:01.1864 DEBUG Попытка входа
2022-11-16 21:32:01.1864 INFO Успешный вход
2022-11-16 21:33:14.2075 DEBUG Инициализация программы
2022-11-16 21:33:14.2734 DEBUG Выполнение запроса Sql + Подключение к Базе данных
2022-11-16 21:33:15.0291 DEBUG Успешное подключение 
Аккаунт: admin
2022-11-16 21:33:15.0291 DEBUG Попытка входа
2022-11-16 21:33:15.0291 INFO Успешный вход
2022-11-16 21:33:54.2446 DEBUG Инициализация программы
2022-11-16 21:33:54.3533 DEBUG Выполнение запроса Sql + Подключение к Базе данных
2022-11-16 21:33:54.7295 DEBUG Успешное подключение 
Аккаунт: admin
2022-11-16 21:33:54.7295 DEBUG Попытка входа
2022-11-16 21:33:54.7295 INFO Успешный вход
2022-11-16 21:40:20.5678 DEBUG Инициализация программы
2022-11-16 21:40:21.8232 DEBUG Выполнение запроса Sql + Подключение к Базе данных
2022-11-16 21:40:24.4712 DEBUG Успешное подключение 
Аккаунт: admin
2022-11-16 21:40:24.4712 DEBUG Попытка входа
2022-11-16 21:40:24.4712 INFO Успешный вход
2022-11-16 21:42:19.4420 DEBUG Инициализация программы
2022-11-16 21:42:19.5049 DEBUG Выполнение запроса Sql + Подключение к Базе данных
2022-11-16 21:42:19.7556 DEBUG Успешное подключение 
Аккаунт: admin
2022-11-16 21:42:19.7556 DEBUG Попытка входа
2022-11-16 21:42:19.7556 INFO Успешный вход
2022-11-16 21:43:30.1459 DEBUG Инициализация программы
2022-11-16 21:43:30.1988 DEBUG Выполнение запроса Sql + Подключение к Базе данных
2022-11-16 21:43:30.4353 DEBUG Успешное подключение 
Аккаунт: admin
2022-11-16 21:43:30.4353 DEBUG Попытка входа
2022-11-16 21:43:30.4353 INFO Успешный вход
2022-11-16 21:44:09.5463 DEBUG Инициализация программы
2022-11-16 21:44:09.6007 DEBUG Выполнение запроса Sql + Подключение к Базе данных
2022-11-16 21:44:09.8454 DEBUG Успешное подключение 
Аккаунт: admin
2022-11-16 21:44:09.8454 DEBUG Попытка входа
2022-11-16 21:44:09.8454 INFO Успешный вход
2022-11-16 21:45:03.3701 DEBUG Инициализация программы
2022-11-16 21:45:03.4259 DEBUG Выполнение запроса Sql + Подключение к Базе данных
2022-11-16 21:45:03.7621 DEBUG Успешное подключение 
Аккаунт: admin
2022-11-16 21:45:03.7621 DEBUG Попытка входа
2022-11-16 21:45:03.7621 INFO Успешный вход
2022-11-16 21:45:40.5796 DEBUG Инициализация программы
2022-11-16 21:45:40.6321 DEBUG Выполнение запроса Sql + Подключение к Базе данных
2022-11-16 21:45:40.8667 DEBUG Успешное подключение 
Аккаунт: admin
2022-11-16 21:45:40.8667 DEBUG Попытка входа
2022-11-16 21:45:40.8667 INFO Успешный вход
2022-11-16 21:46:14.6824 DEBUG Инициализация программы
2022-11-16 21:46:14.7353 DEBUG Выполнение запроса Sql + Подключение к Базе данных
2022-11-16 21:46:14.9866 DEBUG Успешное подключение 
Аккаунт: admin
2022-11-16 21:46:14.9866 DEBUG Попытка входа
2022-11-16 21:46:14.9866 INFO Успешный вход
2022-11-16 21:48:16.6100 DEBUG Инициализация программы
2022-11-16 21:48:16.6633 DEBUG Выполнение запроса Sql + Подключение к Базе данных
2022-11-16 21:48:17.0218 DEBUG Успешное подключение 
Аккаунт: admin
2022-11-16 21:48:17.0218 DEBUG Попытка входа
2022-11-16 21:48:17.0218 INFO Успешный вход
2022-11-16 21:54:23.3612 DEBUG Инициализация программы
2022-11-16 21:54:23.4140 DEBUG Выполнение запроса Sql + Подключение к Базе данных
2022-11-16 21:54:23.6933 DEBUG Успешное подключение 
Аккаунт: admin
2022-11-16 21:54:23.6933 DEBUG Попытка входа
2022-11-16 21:54:23.6933 INFO Успешный вход
2022-11-16 21:58:31.4655 DEBUG Инициализация программы
2022-11-16 21:58:31.5293 DEBUG Выполнение запроса Sql + Подключение к Базе данных
2022-11-16 21:58:33.3055 DEBUG Успешное подключение 
Аккаунт: admin
2022-11-16 21:58:33.3055 DEBUG Попытка входа
2022-11-16 21:58:33.3055 INFO Успешный вход
2022-11-16 21:59:25.5662 DEBUG Инициализация программы
2022-11-16 21:59:25.6226 DEBUG Выполнение запроса Sql + Подключение к Базе данных
2022-11-16 21:59:26.0705 DEBUG Успешное подключение 
Аккаунт: admin
2022-11-16 21:59:26.0705 DEBUG Попытка входа
2022-11-16 21:59:26.0705 INFO Успешный вход
2022-11-16 22:01:06.3410 DEBUG Инициализация программы
2022-11-16 22:01:06.4019 DEBUG Выполнение запроса Sql + Подключение к Базе данных
2022-11-16 22:01:06.7352 DEBUG Успешное подключение 
Аккаунт: admin
2022-11-16 22:01:06.7352 DEBUG Попытка входа
2022-11-16 22:01:06.7352 INFO Успешный вход
2022-11-16 22:01:39.2353 DEBUG Инициализация программы
2022-11-16 22:01:39.2972 DEBUG Выполнение запроса Sql + Подключение к Базе данных
2022-11-16 22:01:39.5968 DEBUG Успешное подключение 
Аккаунт: admin
2022-11-16 22:01:39.5968 DEBUG Попытка входа
2022-11-16 22:01:39.5968 INFO Успешный вход
2022-11-16 23:24:12.3889 DEBUG Инициализация программы
2022-11-16 23:24:12.7930 DEBUG Выполнение запроса Sql + Подключение к Базе данных
2022-11-16 23:24:14.4530 DEBUG Успешное подключение 
Аккаунт: admin
2022-11-16 23:24:14.4530 DEBUG Попытка входа
2022-11-16 23:24:14.4530 INFO Успешный вход
2022-11-16 23:39:35.9384 DEBUG Инициализация программы
2022-11-16 23:39:36.4223 DEBUG Выполнение запроса Sql + Подключение к Базе данных
2022-11-16 23:39:37.9596 DEBUG Успешное подключение 
Аккаунт: admin
2022-11-16 23:39:37.9596 DEBUG Попытка входа
2022-11-16 23:39:37.9596 INFO Успешный вход
2022-11-16 23:40:47.1284 DEBUG Инициализация программы
2022-11-16 23:40:47.1802 DEBUG Выполнение запроса Sql + Подключение к Базе данных
2022-11-16 23:40:47.6642 DEBUG Успешное подключение 
Аккаунт: admin
2022-11-16 23:40:47.6642 DEBUG Попытка входа
2022-11-16 23:40:47.6642 INFO Успешный вход
2022-11-16 23:43:31.1773 DEBUG Инициализация программы
2022-11-16 23:43:31.5725 DEBUG Выполнение запроса Sql + Подключение к Базе данных
2022-11-16 23:43:34.4813 DEBUG Успешное подключение 
Аккаунт: admin
2022-11-16 23:43:34.4813 DEBUG Попытка входа
2022-11-16 23:43:34.4813 INFO Успешный вход
2022-11-16 23:44:59.9389 DEBUG Инициализация программы
2022-11-16 23:44:59.9948 DEBUG Выполнение запроса Sql + Подключение к Базе данных
2022-11-16 23:45:00.4547 DEBUG Успешное подключение 
Аккаунт: admin
2022-11-16 23:45:00.4547 DEBUG Попытка входа
2022-11-16 23:45:00.4547 INFO Успешный вход
2022-11-16 23:47:05.5766 DEBUG Инициализация программы
2022-11-16 23:47:05.7369 DEBUG Выполнение запроса Sql + Подключение к Базе данных
2022-11-16 23:47:06.5202 DEBUG Успешное подключение 
Аккаунт: admin
2022-11-16 23:47:06.5202 DEBUG Попытка входа
2022-11-16 23:47:06.5202 INFO Успешный вход
2022-11-16 23:47:53.0723 ERROR Ошибка в окне вахтера: 
 MySql.Data.MySqlClient.MySqlException (0x80004005): Cannot add or update a child row: a foreign key constraint fails (`lift`.`magazine`, CONSTRAINT `magazine_ibfk_2` FOREIGN KEY (`id_resident`) REFERENCES `residents` (`id_resident`) ON DELETE CASCADE ON UPDATE CASCADE)
   в MySql.Data.MySqlClient.MySqlStream.ReadPacket()
   в MySql.Data.MySqlClient.NativeDriver.GetResult(Int32& affectedRow, Int64& insertedId)
   в MySql.Data.MySqlClient.Driver.GetResult(Int32 statementId, Int32& affectedRows, Int64& insertedId)
   в MySql.Data.MySqlClient.Driver.NextResult(Int32 statementId, Boolean force)
   в MySql.Data.MySqlClient.MySqlDataReader.NextResult()
   в MySql.Data.MySqlClient.MySqlCommand.ExecuteReader(CommandBehavior behavior)
   в MySql.Data.MySqlClient.MySqlCommand.ExecuteScalar()
   в Liftais.Ais.create_note_Click(Object sender, RoutedEventArgs e) в C:\Users\Семён\Documents\GitHub\Practice_Lift1\Liftais\Liftais\Ais.xaml.cs:строка 481
2022-11-16 23:50:27.9016 DEBUG Инициализация программы
2022-11-16 23:50:27.9585 DEBUG Выполнение запроса Sql + Подключение к Базе данных
2022-11-16 23:50:28.2575 DEBUG Успешное подключение 
Аккаунт: admin
2022-11-16 23:50:28.2575 DEBUG Попытка входа
2022-11-16 23:50:28.2575 INFO Успешный вход
2022-11-16 23:54:46.9919 DEBUG Инициализация программы
2022-11-16 23:54:47.0477 DEBUG Выполнение запроса Sql + Подключение к Базе данных
2022-11-16 23:54:47.3973 DEBUG Успешное подключение 
Аккаунт: admin
2022-11-16 23:54:47.3973 DEBUG Попытка входа
2022-11-16 23:54:47.3973 INFO Успешный вход
