2022-11-17 00:01:09.6731 DEBUG Инициализация программы
2022-11-17 00:01:10.0206 DEBUG Выполнение запроса Sql + Подключение к Базе данных
2022-11-17 00:01:10.2631 DEBUG Успешное подключение 
Аккаунт: admin
2022-11-17 00:01:10.2631 DEBUG Попытка входа
2022-11-17 00:01:10.2631 INFO Успешный вход
2022-11-17 11:46:04.6187 DEBUG Инициализация программы
2022-11-17 11:46:04.9078 DEBUG Выполнение запроса Sql + Подключение к Базе данных
2022-11-17 11:46:14.6239 DEBUG Успешное подключение 
Аккаунт: admin
2022-11-17 11:46:14.6239 DEBUG Попытка входа
2022-11-17 11:46:14.6239 INFO Успешный вход
2022-11-17 11:52:15.7493 DEBUG Инициализация программы
2022-11-17 11:52:15.8129 DEBUG Выполнение запроса Sql + Подключение к Базе данных
2022-11-17 11:52:16.2229 DEBUG Успешное подключение 
Аккаунт: admin
2022-11-17 11:52:16.2229 DEBUG Попытка входа
2022-11-17 11:52:16.2229 INFO Успешный вход
2022-11-17 12:33:34.9590 DEBUG Инициализация программы
2022-11-17 12:33:35.0129 DEBUG Выполнение запроса Sql + Подключение к Базе данных
2022-11-17 12:33:35.3091 DEBUG Успешное подключение 
Аккаунт: admin
2022-11-17 12:33:35.3091 DEBUG Попытка входа
2022-11-17 12:33:35.3091 INFO Успешный вход
2022-11-17 12:35:38.8710 DEBUG Инициализация программы
2022-11-17 12:35:38.9239 DEBUG Выполнение запроса Sql + Подключение к Базе данных
2022-11-17 12:35:39.1978 DEBUG Успешное подключение 
Аккаунт: admin
2022-11-17 12:35:39.1978 DEBUG Попытка входа
2022-11-17 12:35:39.1978 INFO Успешный вход
2022-11-17 12:37:00.9827 DEBUG Инициализация программы
2022-11-17 12:37:01.0366 DEBUG Выполнение запроса Sql + Подключение к Базе данных
2022-11-17 12:37:01.4622 DEBUG Успешное подключение 
Аккаунт: admin
2022-11-17 12:37:01.4622 DEBUG Попытка входа
2022-11-17 12:37:01.4622 INFO Успешный вход
2022-11-17 12:41:28.9465 DEBUG Инициализация программы
2022-11-17 12:41:28.9994 DEBUG Выполнение запроса Sql + Подключение к Базе данных
2022-11-17 12:41:29.4735 DEBUG Успешное подключение 
Аккаунт: admin
2022-11-17 12:41:29.4735 DEBUG Попытка входа
2022-11-17 12:41:29.4735 INFO Успешный вход
2022-11-17 12:42:19.7107 DEBUG Инициализация программы
2022-11-17 12:42:19.7646 DEBUG Выполнение запроса Sql + Подключение к Базе данных
2022-11-17 12:42:20.0993 DEBUG Успешное подключение 
Аккаунт: admin
2022-11-17 12:42:20.0993 DEBUG Попытка входа
2022-11-17 12:42:20.0993 INFO Успешный вход
2022-11-17 12:43:03.1182 DEBUG Инициализация программы
2022-11-17 12:43:03.1713 DEBUG Выполнение запроса Sql + Подключение к Базе данных
2022-11-17 12:43:03.6552 DEBUG Успешное подключение 
Аккаунт: admin
2022-11-17 12:43:03.6552 DEBUG Попытка входа
2022-11-17 12:43:03.6552 INFO Успешный вход
2022-11-17 12:44:20.4145 DEBUG Инициализация программы
2022-11-17 12:44:20.4683 DEBUG Выполнение запроса Sql + Подключение к Базе данных
2022-11-17 12:44:20.9387 DEBUG Успешное подключение 
Аккаунт: admin
2022-11-17 12:44:20.9387 DEBUG Попытка входа
2022-11-17 12:44:20.9387 INFO Успешный вход
2022-11-17 18:11:16.5929 DEBUG Инициализация программы
2022-11-17 18:11:17.0492 DEBUG Выполнение запроса Sql + Подключение к Базе данных
2022-11-17 18:11:18.8405 DEBUG Успешное подключение 
Аккаунт: admin
2022-11-17 18:11:18.8405 DEBUG Попытка входа
2022-11-17 18:11:18.8405 INFO Успешный вход
2022-11-17 18:12:55.7891 DEBUG Инициализация программы
2022-11-17 18:12:55.8409 DEBUG Выполнение запроса Sql + Подключение к Базе данных
2022-11-17 18:12:56.1262 DEBUG Успешное подключение 
Аккаунт: admin
2022-11-17 18:12:56.1262 DEBUG Попытка входа
2022-11-17 18:12:56.1262 INFO Успешный вход
2022-11-17 18:13:02.6345 ERROR Ошибка: 
System.ArgumentException: id_note не является для таблицы resident ни DataColumn, ни DataRelation.
   в System.Data.DataRowView.get_Item(String property)
   в Liftais.Ais.selch1_PreviewMouseLeftButtonDown_1(Object sender, MouseButtonEventArgs e) в C:\Users\Семён\Documents\GitHub\Practice_Lift1\Liftais\Liftais\Ais.xaml.cs:строка 669
2022-11-17 18:15:06.2288 DEBUG Инициализация программы
2022-11-17 18:15:06.2817 DEBUG Выполнение запроса Sql + Подключение к Базе данных
2022-11-17 18:15:06.5268 DEBUG Успешное подключение 
Аккаунт: admin
2022-11-17 18:15:06.5268 DEBUG Попытка входа
2022-11-17 18:15:06.5268 INFO Успешный вход
2022-11-17 18:16:22.1653 DEBUG Инициализация программы
2022-11-17 18:16:22.2182 DEBUG Выполнение запроса Sql + Подключение к Базе данных
2022-11-17 18:16:22.4586 DEBUG Успешное подключение 
Аккаунт: admin
2022-11-17 18:16:22.4586 DEBUG Попытка входа
2022-11-17 18:16:22.4586 INFO Успешный вход
2022-11-17 18:19:47.0843 DEBUG Инициализация программы
2022-11-17 18:19:47.1372 DEBUG Выполнение запроса Sql + Подключение к Базе данных
2022-11-17 18:19:47.3851 DEBUG Успешное подключение 
Аккаунт: admin
2022-11-17 18:19:47.3851 DEBUG Попытка входа
2022-11-17 18:19:47.3851 INFO Успешный вход
2022-11-17 18:22:46.0286 DEBUG Инициализация программы
2022-11-17 18:22:46.0815 DEBUG Выполнение запроса Sql + Подключение к Базе данных
2022-11-17 18:22:46.3208 DEBUG Успешное подключение 
Аккаунт: admin
2022-11-17 18:22:46.3208 DEBUG Попытка входа
2022-11-17 18:22:46.3208 INFO Успешный вход
2022-11-17 18:24:51.9983 DEBUG Инициализация программы
2022-11-17 18:24:52.0522 DEBUG Выполнение запроса Sql + Подключение к Базе данных
2022-11-17 18:24:52.2873 DEBUG Успешное подключение 
Аккаунт: admin
2022-11-17 18:24:52.2873 DEBUG Попытка входа
2022-11-17 18:24:52.2873 INFO Успешный вход
2022-11-17 18:26:12.6439 DEBUG Инициализация программы
2022-11-17 18:26:12.6967 DEBUG Выполнение запроса Sql + Подключение к Базе данных
2022-11-17 18:26:12.9666 DEBUG Успешное подключение 
Аккаунт: admin
2022-11-17 18:26:12.9666 DEBUG Попытка входа
2022-11-17 18:26:12.9666 INFO Успешный вход
2022-11-17 18:26:27.3452 ERROR Ошибка: 
System.ArgumentOutOfRangeException: Индекс за пределами диапазона. Индекс должен быть положительным числом, а его размер не должен превышать размер коллекции.
Имя параметра: index
   в System.ThrowHelper.ThrowArgumentOutOfRangeException(ExceptionArgument argument, ExceptionResource resource)
   в System.Collections.Generic.List`1.get_Item(Int32 index)
   в System.Collections.ObjectModel.Collection`1.System.Collections.IList.get_Item(Int32 index)
   в Liftais.Ais.selch1_PreviewMouseLeftButtonDown_1(Object sender, MouseButtonEventArgs e) в C:\Users\Семён\Documents\GitHub\Practice_Lift1\Liftais\Liftais\Ais.xaml.cs:строка 652
2022-11-17 18:40:09.8192 DEBUG Инициализация программы
2022-11-17 18:40:09.8741 DEBUG Выполнение запроса Sql + Подключение к Базе данных
2022-11-17 18:40:10.1380 DEBUG Успешное подключение 
Аккаунт: admin
2022-11-17 18:40:10.1380 DEBUG Попытка входа
2022-11-17 18:40:10.1380 INFO Успешный вход
2022-11-17 18:40:26.4216 ERROR Ошибка:  System.IndexOutOfRangeException: Невозможно найти столбец 6.
   в System.Data.DataColumnCollection.get_Item(Int32 index)
   в System.Data.DataRow.get_Item(Int32 columnIndex, DataRowVersion version)
   в System.Data.DataRowView.get_Item(Int32 ndx)
   в Liftais.Ais.btnexp_Click(Object sender, RoutedEventArgs e) в C:\Users\Семён\Documents\GitHub\Practice_Lift1\Liftais\Liftais\Ais.xaml.cs:строка 489
2022-11-17 18:41:35.3479 ERROR Ошибка:  System.IndexOutOfRangeException: Невозможно найти столбец 6.
   в System.Data.DataColumnCollection.get_Item(Int32 index)
   в System.Data.DataRow.get_Item(Int32 columnIndex, DataRowVersion version)
   в System.Data.DataRowView.get_Item(Int32 ndx)
   в Liftais.Ais.btnexp_Click(Object sender, RoutedEventArgs e) в C:\Users\Семён\Documents\GitHub\Practice_Lift1\Liftais\Liftais\Ais.xaml.cs:строка 489
2022-11-17 18:44:17.5159 DEBUG Инициализация программы
2022-11-17 18:44:17.5688 DEBUG Выполнение запроса Sql + Подключение к Базе данных
2022-11-17 18:44:17.9811 DEBUG Успешное подключение 
Аккаунт: admin
2022-11-17 18:44:17.9811 DEBUG Попытка входа
2022-11-17 18:44:17.9811 INFO Успешный вход
2022-11-17 18:44:24.3396 ERROR Ошибка:  System.IO.IOException: Процесс не может получить доступ к файлу "C:\Users\Семён\Documents\GitHub\Practice_Lift1\Liftais\Liftais\bin\Debug\Export_AIS\data.xlsx", так как этот файл используется другим процессом.
   в System.IO.__Error.WinIOError(Int32 errorCode, String maybeFullPath)
   в System.IO.File.InternalDelete(String path, Boolean checkHost)
   в System.IO.File.Delete(String path)
   в ClosedXML.Excel.XLWorkbook.SaveAs(String file, SaveOptions options) в C:\projects\closedxml\ClosedXML\Excel\XLWorkbook.cs:строка 416
   в ClosedXML.Excel.XLWorkbook.SaveAs(String file, Boolean validate, Boolean evaluateFormulae)
   в ClosedXML.Excel.XLWorkbook.SaveAs(String file)
   в Liftais.Ais.btnexp_Click(Object sender, RoutedEventArgs e) в C:\Users\Семён\Documents\GitHub\Practice_Lift1\Liftais\Liftais\Ais.xaml.cs:строка 519
2022-11-17 18:44:28.1948 ERROR Ошибка:  System.IO.IOException: Процесс не может получить доступ к файлу "C:\Users\Семён\Documents\GitHub\Practice_Lift1\Liftais\Liftais\bin\Debug\Export_AIS\data.xlsx", так как этот файл используется другим процессом.
   в System.IO.__Error.WinIOError(Int32 errorCode, String maybeFullPath)
   в System.IO.File.InternalDelete(String path, Boolean checkHost)
   в System.IO.File.Delete(String path)
   в ClosedXML.Excel.XLWorkbook.SaveAs(String file, SaveOptions options) в C:\projects\closedxml\ClosedXML\Excel\XLWorkbook.cs:строка 416
   в ClosedXML.Excel.XLWorkbook.SaveAs(String file, Boolean validate, Boolean evaluateFormulae)
   в ClosedXML.Excel.XLWorkbook.SaveAs(String file)
   в Liftais.Ais.btnexp_Click(Object sender, RoutedEventArgs e) в C:\Users\Семён\Documents\GitHub\Practice_Lift1\Liftais\Liftais\Ais.xaml.cs:строка 519
2022-11-17 18:44:44.0053 ERROR Ошибка:  System.IndexOutOfRangeException: Невозможно найти столбец 11.
   в System.Data.DataColumnCollection.get_Item(Int32 index)
   в System.Data.DataRow.get_Item(Int32 columnIndex, DataRowVersion version)
   в System.Data.DataRowView.get_Item(Int32 ndx)
   в Liftais.Ais.btnexp_Click(Object sender, RoutedEventArgs e) в C:\Users\Семён\Documents\GitHub\Practice_Lift1\Liftais\Liftais\Ais.xaml.cs:строка 489
2022-11-17 18:45:15.6013 ERROR Ошибка:  System.IndexOutOfRangeException: Невозможно найти столбец 11.
   в System.Data.DataColumnCollection.get_Item(Int32 index)
   в System.Data.DataRow.get_Item(Int32 columnIndex, DataRowVersion version)
   в System.Data.DataRowView.get_Item(Int32 ndx)
   в Liftais.Ais.btnexp_Click(Object sender, RoutedEventArgs e) в C:\Users\Семён\Documents\GitHub\Practice_Lift1\Liftais\Liftais\Ais.xaml.cs:строка 489
2022-11-17 18:56:20.2324 DEBUG Инициализация программы
2022-11-17 18:56:20.2862 DEBUG Выполнение запроса Sql + Подключение к Базе данных
2022-11-17 18:56:20.5347 DEBUG Успешное подключение 
Аккаунт: admin
2022-11-17 18:56:20.5347 DEBUG Попытка входа
2022-11-17 18:56:20.5347 INFO Успешный вход
2022-11-17 18:56:33.9183 ERROR Ошибка:  System.IndexOutOfRangeException: Невозможно найти столбец 11.
   в System.Data.DataColumnCollection.get_Item(Int32 index)
   в System.Data.DataRow.get_Item(Int32 columnIndex, DataRowVersion version)
   в System.Data.DataRowView.get_Item(Int32 ndx)
   в Liftais.Ais.btnexp_Click(Object sender, RoutedEventArgs e) в C:\Users\Семён\Documents\GitHub\Practice_Lift1\Liftais\Liftais\Ais.xaml.cs:строка 489
2022-11-17 18:57:21.4536 ERROR Ошибка:  System.IndexOutOfRangeException: Невозможно найти столбец 11.
   в System.Data.DataColumnCollection.get_Item(Int32 index)
   в System.Data.DataRow.get_Item(Int32 columnIndex, DataRowVersion version)
   в System.Data.DataRowView.get_Item(Int32 ndx)
   в Liftais.Ais.btnexp_Click(Object sender, RoutedEventArgs e) в C:\Users\Семён\Documents\GitHub\Practice_Lift1\Liftais\Liftais\Ais.xaml.cs:строка 489
2022-11-17 18:58:45.5146 DEBUG Инициализация программы
2022-11-17 18:58:45.5665 DEBUG Выполнение запроса Sql + Подключение к Базе данных
2022-11-17 18:58:45.7965 DEBUG Успешное подключение 
Аккаунт: admin
2022-11-17 18:58:45.7965 DEBUG Попытка входа
2022-11-17 18:58:45.7965 INFO Успешный вход
2022-11-17 18:58:59.6131 ERROR Ошибка:  System.IndexOutOfRangeException: Невозможно найти столбец 11.
   в System.Data.DataColumnCollection.get_Item(Int32 index)
   в System.Data.DataRow.get_Item(Int32 columnIndex, DataRowVersion version)
   в System.Data.DataRowView.get_Item(Int32 ndx)
   в Liftais.Ais.btnexp_Click(Object sender, RoutedEventArgs e) в C:\Users\Семён\Documents\GitHub\Practice_Lift1\Liftais\Liftais\Ais.xaml.cs:строка 489
2022-11-17 19:00:39.6797 DEBUG Инициализация программы
2022-11-17 19:00:39.7415 DEBUG Выполнение запроса Sql + Подключение к Базе данных
2022-11-17 19:00:39.9869 DEBUG Успешное подключение 
Аккаунт: admin
2022-11-17 19:00:39.9869 DEBUG Попытка входа
2022-11-17 19:00:39.9869 INFO Успешный вход
2022-11-17 19:00:50.1562 ERROR Ошибка:  System.IndexOutOfRangeException: Невозможно найти столбец 11.
   в System.Data.DataColumnCollection.get_Item(Int32 index)
   в System.Data.DataRow.get_Item(Int32 columnIndex, DataRowVersion version)
   в System.Data.DataRowView.get_Item(Int32 ndx)
   в Liftais.Ais.btnexp_Click(Object sender, RoutedEventArgs e) в C:\Users\Семён\Documents\GitHub\Practice_Lift1\Liftais\Liftais\Ais.xaml.cs:строка 489
2022-11-17 19:04:28.1048 DEBUG Инициализация программы
2022-11-17 19:04:28.1576 DEBUG Выполнение запроса Sql + Подключение к Базе данных
2022-11-17 19:04:28.4331 DEBUG Успешное подключение 
Аккаунт: admin
2022-11-17 19:04:28.4331 DEBUG Попытка входа
2022-11-17 19:04:28.4331 INFO Успешный вход
2022-11-17 19:04:39.1482 ERROR Ошибка:  System.IndexOutOfRangeException: Невозможно найти столбец 11.
   в System.Data.DataColumnCollection.get_Item(Int32 index)
   в System.Data.DataRow.get_Item(Int32 columnIndex, DataRowVersion version)
   в System.Data.DataRowView.get_Item(Int32 ndx)
   в Liftais.Ais.btnexp_Click(Object sender, RoutedEventArgs e) в C:\Users\Семён\Documents\GitHub\Practice_Lift1\Liftais\Liftais\Ais.xaml.cs:строка 489
2022-11-17 19:05:10.9819 ERROR Ошибка:  System.IndexOutOfRangeException: Невозможно найти столбец 11.
   в System.Data.DataColumnCollection.get_Item(Int32 index)
   в System.Data.DataRow.get_Item(Int32 columnIndex, DataRowVersion version)
   в System.Data.DataRowView.get_Item(Int32 ndx)
   в Liftais.Ais.btnexp_Click(Object sender, RoutedEventArgs e) в C:\Users\Семён\Documents\GitHub\Practice_Lift1\Liftais\Liftais\Ais.xaml.cs:строка 489
2022-11-17 19:05:39.1644 ERROR Ошибка:  System.IndexOutOfRangeException: Невозможно найти столбец 11.
   в System.Data.DataColumnCollection.get_Item(Int32 index)
   в System.Data.DataRow.get_Item(Int32 columnIndex, DataRowVersion version)
   в System.Data.DataRowView.get_Item(Int32 ndx)
   в Liftais.Ais.btnexp_Click(Object sender, RoutedEventArgs e) в C:\Users\Семён\Documents\GitHub\Practice_Lift1\Liftais\Liftais\Ais.xaml.cs:строка 489
2022-11-17 19:07:16.9363 DEBUG Инициализация программы
2022-11-17 19:07:16.9901 DEBUG Выполнение запроса Sql + Подключение к Базе данных
2022-11-17 19:07:17.2317 DEBUG Успешное подключение 
Аккаунт: admin
2022-11-17 19:07:17.2317 DEBUG Попытка входа
2022-11-17 19:07:17.2317 INFO Успешный вход
2022-11-17 19:07:27.2166 ERROR Ошибка:  System.IndexOutOfRangeException: Невозможно найти столбец 11.
   в System.Data.DataColumnCollection.get_Item(Int32 index)
   в System.Data.DataRow.get_Item(Int32 columnIndex, DataRowVersion version)
   в System.Data.DataRowView.get_Item(Int32 ndx)
   в Liftais.Ais.btnexp_Click(Object sender, RoutedEventArgs e) в C:\Users\Семён\Documents\GitHub\Practice_Lift1\Liftais\Liftais\Ais.xaml.cs:строка 489
2022-11-17 19:10:39.1206 DEBUG Инициализация программы
2022-11-17 19:10:39.1735 DEBUG Выполнение запроса Sql + Подключение к Базе данных
2022-11-17 19:10:39.4145 DEBUG Успешное подключение 
Аккаунт: admin
2022-11-17 19:10:39.4145 DEBUG Попытка входа
2022-11-17 19:10:39.4145 INFO Успешный вход
2022-11-17 19:10:49.9843 ERROR Ошибка:  System.IndexOutOfRangeException: Невозможно найти столбец 11.
   в System.Data.DataColumnCollection.get_Item(Int32 index)
   в System.Data.DataRow.get_Item(Int32 columnIndex, DataRowVersion version)
   в System.Data.DataRowView.get_Item(Int32 ndx)
   в Liftais.Ais.btnexp_Click(Object sender, RoutedEventArgs e) в C:\Users\Семён\Documents\GitHub\Practice_Lift1\Liftais\Liftais\Ais.xaml.cs:строка 489
2022-11-17 19:13:01.0322 DEBUG Инициализация программы
2022-11-17 19:13:01.0841 DEBUG Выполнение запроса Sql + Подключение к Базе данных
2022-11-17 19:13:01.3264 DEBUG Успешное подключение 
Аккаунт: admin
2022-11-17 19:13:01.3264 DEBUG Попытка входа
2022-11-17 19:13:01.3264 INFO Успешный вход
2022-11-17 19:13:11.5284 ERROR Ошибка:  System.IndexOutOfRangeException: Невозможно найти столбец 11.
   в System.Data.DataColumnCollection.get_Item(Int32 index)
   в System.Data.DataRow.get_Item(Int32 columnIndex, DataRowVersion version)
   в System.Data.DataRowView.get_Item(Int32 ndx)
   в Liftais.Ais.btnexp_Click(Object sender, RoutedEventArgs e) в C:\Users\Семён\Documents\GitHub\Practice_Lift1\Liftais\Liftais\Ais.xaml.cs:строка 489
2022-11-17 19:14:11.1284 DEBUG Инициализация программы
2022-11-17 19:14:11.1813 DEBUG Выполнение запроса Sql + Подключение к Базе данных
2022-11-17 19:14:11.4206 DEBUG Успешное подключение 
Аккаунт: admin
2022-11-17 19:14:11.4206 DEBUG Попытка входа
2022-11-17 19:14:11.4206 INFO Успешный вход
2022-11-17 19:14:23.4275 ERROR Ошибка:  System.IndexOutOfRangeException: Невозможно найти столбец 11.
   в System.Data.DataColumnCollection.get_Item(Int32 index)
   в System.Data.DataRow.get_Item(Int32 columnIndex, DataRowVersion version)
   в System.Data.DataRowView.get_Item(Int32 ndx)
   в Liftais.Ais.btnexp_Click(Object sender, RoutedEventArgs e) в C:\Users\Семён\Documents\GitHub\Practice_Lift1\Liftais\Liftais\Ais.xaml.cs:строка 489
2022-11-17 19:15:04.6161 DEBUG Инициализация программы
2022-11-17 19:15:04.6689 DEBUG Выполнение запроса Sql + Подключение к Базе данных
2022-11-17 19:15:04.8984 DEBUG Успешное подключение 
Аккаунт: admin
2022-11-17 19:15:04.8984 DEBUG Попытка входа
2022-11-17 19:15:04.8984 INFO Успешный вход
2022-11-17 19:15:16.8737 ERROR Ошибка:  System.IndexOutOfRangeException: Невозможно найти столбец 11.
   в System.Data.DataColumnCollection.get_Item(Int32 index)
   в System.Data.DataRow.get_Item(Int32 columnIndex, DataRowVersion version)
   в System.Data.DataRowView.get_Item(Int32 ndx)
   в Liftais.Ais.btnexp_Click(Object sender, RoutedEventArgs e) в C:\Users\Семён\Documents\GitHub\Practice_Lift1\Liftais\Liftais\Ais.xaml.cs:строка 489
2022-11-17 19:15:43.5729 ERROR Ошибка:  System.IndexOutOfRangeException: Невозможно найти столбец 11.
   в System.Data.DataColumnCollection.get_Item(Int32 index)
   в System.Data.DataRow.get_Item(Int32 columnIndex, DataRowVersion version)
   в System.Data.DataRowView.get_Item(Int32 ndx)
   в Liftais.Ais.btnexp_Click(Object sender, RoutedEventArgs e) в C:\Users\Семён\Documents\GitHub\Practice_Lift1\Liftais\Liftais\Ais.xaml.cs:строка 489
2022-11-17 19:17:27.0796 DEBUG Инициализация программы
2022-11-17 19:17:27.1324 DEBUG Выполнение запроса Sql + Подключение к Базе данных
2022-11-17 19:17:27.4362 DEBUG Успешное подключение 
Аккаунт: admin
2022-11-17 19:17:27.4362 DEBUG Попытка входа
2022-11-17 19:17:27.4362 INFO Успешный вход
2022-11-17 19:17:39.2639 ERROR Ошибка:  System.ArgumentOutOfRangeException: Row number must be between 1 and 1048576
Имя параметра: cellAddressInRange
   в ClosedXML.Excel.XLRangeBase.Cell(XLAddress& cellAddressInRange) в C:\projects\closedxml\ClosedXML\Excel\Ranges\XLRangeBase.cs:строка 789
   в ClosedXML.Excel.XLRangeBase.Cell(Int32 row, Int32 column) в C:\projects\closedxml\ClosedXML\Excel\Ranges\XLRangeBase.cs:строка 758
   в ClosedXML.Excel.XLWorksheet.ClosedXML.Excel.IXLWorksheet.Cell(Int32 row, Int32 column) в C:\projects\closedxml\ClosedXML\Excel\XLWorksheet.cs:строка 454
   в Liftais.Ais.btnexp_Click(Object sender, RoutedEventArgs e) в C:\Users\Семён\Documents\GitHub\Practice_Lift1\Liftais\Liftais\Ais.xaml.cs:строка 491
2022-11-17 19:18:18.3991 DEBUG Инициализация программы
2022-11-17 19:18:18.4526 DEBUG Выполнение запроса Sql + Подключение к Базе данных
2022-11-17 19:18:18.7059 DEBUG Успешное подключение 
Аккаунт: admin
2022-11-17 19:18:18.7059 DEBUG Попытка входа
2022-11-17 19:18:18.7059 INFO Успешный вход
2022-11-17 19:18:32.3558 ERROR Ошибка:  System.IndexOutOfRangeException: Невозможно найти столбец 11.
   в System.Data.DataColumnCollection.get_Item(Int32 index)
   в System.Data.DataRow.get_Item(Int32 columnIndex, DataRowVersion version)
   в System.Data.DataRowView.get_Item(Int32 ndx)
   в Liftais.Ais.btnexp_Click(Object sender, RoutedEventArgs e) в C:\Users\Семён\Documents\GitHub\Practice_Lift1\Liftais\Liftais\Ais.xaml.cs:строка 489
2022-11-17 19:20:08.6179 DEBUG Инициализация программы
2022-11-17 19:20:08.6707 DEBUG Выполнение запроса Sql + Подключение к Базе данных
2022-11-17 19:20:08.9118 DEBUG Успешное подключение 
Аккаунт: admin
2022-11-17 19:20:08.9118 DEBUG Попытка входа
2022-11-17 19:20:08.9118 INFO Успешный вход
2022-11-17 19:20:25.5173 ERROR Ошибка:  System.IndexOutOfRangeException: Невозможно найти столбец 11.
   в System.Data.DataColumnCollection.get_Item(Int32 index)
   в System.Data.DataRow.get_Item(Int32 columnIndex, DataRowVersion version)
   в System.Data.DataRowView.get_Item(Int32 ndx)
   в Liftais.Ais.btnexp_Click(Object sender, RoutedEventArgs e) в C:\Users\Семён\Documents\GitHub\Practice_Lift1\Liftais\Liftais\Ais.xaml.cs:строка 489
2022-11-17 19:28:28.1757 DEBUG Инициализация программы
2022-11-17 19:28:28.2285 DEBUG Выполнение запроса Sql + Подключение к Базе данных
2022-11-17 19:28:28.4676 DEBUG Успешное подключение 
Аккаунт: admin
2022-11-17 19:28:28.4676 DEBUG Попытка входа
2022-11-17 19:28:28.4676 INFO Успешный вход
2022-11-17 19:28:42.3047 ERROR Ошибка:  System.IndexOutOfRangeException: Невозможно найти столбец 11.
   в System.Data.DataColumnCollection.get_Item(Int32 index)
   в System.Data.DataRow.get_Item(Int32 columnIndex, DataRowVersion version)
   в System.Data.DataRowView.get_Item(Int32 ndx)
   в Liftais.Ais.btnexp_Click(Object sender, RoutedEventArgs e) в C:\Users\Семён\Documents\GitHub\Practice_Lift1\Liftais\Liftais\Ais.xaml.cs:строка 489
2022-11-17 20:04:57.4060 DEBUG Инициализация программы
2022-11-17 20:04:57.8738 DEBUG Выполнение запроса Sql + Подключение к Базе данных
2022-11-17 20:05:00.7232 DEBUG Успешное подключение 
Аккаунт: admin
2022-11-17 20:05:00.7232 DEBUG Попытка входа
2022-11-17 20:05:00.7232 INFO Успешный вход
2022-11-17 20:05:09.6945 ERROR Ошибка System.ArgumentOutOfRangeException: Индекс за пределами диапазона. Индекс должен быть положительным числом, а его размер не должен превышать размер коллекции.
Имя параметра: index
   в System.ThrowHelper.ThrowArgumentOutOfRangeException(ExceptionArgument argument, ExceptionResource resource)
   в System.Collections.Generic.List`1.get_Item(Int32 index)
   в Liftais.Ais.Button_Click(Object sender, RoutedEventArgs e) в C:\Users\Семён\Documents\GitHub\Practice_Lift1\Liftais\Liftais\Ais.xaml.cs:строка 694
   в System.Windows.RoutedEventHandlerInfo.InvokeHandler(Object target, RoutedEventArgs routedEventArgs)
   в System.Windows.EventRoute.InvokeHandlersImpl(Object source, RoutedEventArgs args, Boolean reRaised)
   в System.Windows.UIElement.RaiseEventImpl(DependencyObject sender, RoutedEventArgs args)
   в System.Windows.UIElement.RaiseEvent(RoutedEventArgs e)
   в System.Windows.Controls.Primitives.ButtonBase.OnClick()
   в System.Windows.Controls.Button.OnClick()
   в System.Windows.Controls.Primitives.ButtonBase.OnMouseLeftButtonUp(MouseButtonEventArgs e)
   в System.Windows.UIElement.OnMouseLeftButtonUpThunk(Object sender, MouseButtonEventArgs e)
   в System.Windows.Input.MouseButtonEventArgs.InvokeEventHandler(Delegate genericHandler, Object genericTarget)
   в System.Windows.RoutedEventArgs.InvokeHandler(Delegate handler, Object target)
   в System.Windows.RoutedEventHandlerInfo.InvokeHandler(Object target, RoutedEventArgs routedEventArgs)
   в System.Windows.EventRoute.InvokeHandlersImpl(Object source, RoutedEventArgs args, Boolean reRaised)
   в System.Windows.UIElement.ReRaiseEventAs(DependencyObject sender, RoutedEventArgs args, RoutedEvent newEvent)
   в System.Windows.UIElement.OnMouseUpThunk(Object sender, MouseButtonEventArgs e)
   в System.Windows.Input.MouseButtonEventArgs.InvokeEventHandler(Delegate genericHandler, Object genericTarget)
   в System.Windows.RoutedEventArgs.InvokeHandler(Delegate handler, Object target)
   в System.Windows.RoutedEventHandlerInfo.InvokeHandler(Object target, RoutedEventArgs routedEventArgs)
   в System.Windows.EventRoute.InvokeHandlersImpl(Object source, RoutedEventArgs args, Boolean reRaised)
   в System.Windows.UIElement.RaiseEventImpl(DependencyObject sender, RoutedEventArgs args)
   в System.Windows.UIElement.RaiseTrustedEvent(RoutedEventArgs args)
   в System.Windows.UIElement.RaiseEvent(RoutedEventArgs args, Boolean trusted)
   в System.Windows.Input.InputManager.ProcessStagingArea()
   в System.Windows.Input.InputManager.ProcessInput(InputEventArgs input)
   в System.Windows.Input.InputProviderSite.ReportInput(InputReport inputReport)
   в System.Windows.Interop.HwndMouseInputProvider.ReportInput(IntPtr hwnd, InputMode mode, Int32 timestamp, RawMouseActions actions, Int32 x, Int32 y, Int32 wheel)
   в System.Windows.Interop.HwndMouseInputProvider.FilterMessage(IntPtr hwnd, WindowMessage msg, IntPtr wParam, IntPtr lParam, Boolean& handled)
   в System.Windows.Interop.HwndSource.InputFilterMessage(IntPtr hwnd, Int32 msg, IntPtr wParam, IntPtr lParam, Boolean& handled)
   в MS.Win32.HwndWrapper.WndProc(IntPtr hwnd, Int32 msg, IntPtr wParam, IntPtr lParam, Boolean& handled)
   в MS.Win32.HwndSubclass.DispatcherCallbackOperation(Object o)
   в System.Windows.Threading.ExceptionWrapper.InternalRealCall(Delegate callback, Object args, Int32 numArgs)
   в System.Windows.Threading.ExceptionWrapper.TryCatchWhen(Object source, Delegate callback, Object args, Int32 numArgs, Delegate catchHandler)
   в System.Windows.Threading.Dispatcher.LegacyInvokeImpl(DispatcherPriority priority, TimeSpan timeout, Delegate method, Object args, Int32 numArgs)
   в MS.Win32.HwndSubclass.SubclassWndProc(IntPtr hwnd, Int32 msg, IntPtr wParam, IntPtr lParam)
   в MS.Win32.UnsafeNativeMethods.DispatchMessage(MSG& msg)
   в System.Windows.Threading.Dispatcher.PushFrameImpl(DispatcherFrame frame)
   в System.Windows.Threading.Dispatcher.PushFrame(DispatcherFrame frame)
   в System.Windows.Window.ShowHelper(Object booleanBox)
   в System.Windows.Window.Show()
   в System.Windows.Window.ShowDialog()
   в Liftais.MainWindow.SingIn_Click(Object sender, RoutedEventArgs y) в C:\Users\Семён\Documents\GitHub\Practice_Lift1\Liftais\Liftais\MainWindow.xaml.cs:строка 62
2022-11-17 20:07:05.7532 DEBUG Инициализация программы
2022-11-17 20:07:05.8051 DEBUG Выполнение запроса Sql + Подключение к Базе данных
2022-11-17 20:07:06.0561 DEBUG Успешное подключение 
Аккаунт: admin
2022-11-17 20:07:06.0561 DEBUG Попытка входа
2022-11-17 20:07:06.0561 INFO Успешный вход
2022-11-17 20:11:37.0427 DEBUG Инициализация программы
2022-11-17 20:11:37.0955 DEBUG Выполнение запроса Sql + Подключение к Базе данных
2022-11-17 20:11:37.3381 DEBUG Успешное подключение 
Аккаунт: admin
2022-11-17 20:11:37.3381 DEBUG Попытка входа
2022-11-17 20:11:37.3381 INFO Успешный вход
2022-11-17 20:12:15.4951 ERROR Ошибка в окне вахтера: 
 MySql.Data.MySqlClient.MySqlException (0x80004005): Cannot add or update a child row: a foreign key constraint fails (`lift`.`magazine`, CONSTRAINT `magazine_ibfk_3` FOREIGN KEY (`id_visiter`) REFERENCES `visiter` (`id_visiter`) ON DELETE CASCADE ON UPDATE CASCADE)
   в MySql.Data.MySqlClient.MySqlStream.ReadPacket()
   в MySql.Data.MySqlClient.NativeDriver.GetResult(Int32& affectedRow, Int64& insertedId)
   в MySql.Data.MySqlClient.Driver.GetResult(Int32 statementId, Int32& affectedRows, Int64& insertedId)
   в MySql.Data.MySqlClient.Driver.NextResult(Int32 statementId, Boolean force)
   в MySql.Data.MySqlClient.MySqlDataReader.NextResult()
   в MySql.Data.MySqlClient.MySqlCommand.ExecuteReader(CommandBehavior behavior)
   в MySql.Data.MySqlClient.MySqlCommand.ExecuteScalar()
   в Liftais.Ais.create_note_Click(Object sender, RoutedEventArgs e) в C:\Users\Семён\Documents\GitHub\Practice_Lift1\Liftais\Liftais\Ais.xaml.cs:строка 607
2022-11-17 20:52:35.8255 DEBUG Инициализация программы
2022-11-17 20:52:36.1778 DEBUG Выполнение запроса Sql + Подключение к Базе данных
2022-11-17 20:52:37.6414 DEBUG Успешное подключение 
Аккаунт: admin
2022-11-17 20:52:37.6414 DEBUG Попытка входа
2022-11-17 20:52:37.6414 INFO Успешный вход
2022-11-17 20:55:48.4957 DEBUG Инициализация программы
2022-11-17 20:55:48.5496 DEBUG Выполнение запроса Sql + Подключение к Базе данных
2022-11-17 20:55:48.8495 DEBUG Успешное подключение 
Аккаунт: admin
2022-11-17 20:55:48.8495 DEBUG Попытка входа
2022-11-17 20:55:48.8495 INFO Успешный вход
2022-11-17 20:56:52.5910 DEBUG Инициализация программы
2022-11-17 20:56:52.6438 DEBUG Выполнение запроса Sql + Подключение к Базе данных
2022-11-17 20:56:52.8890 DEBUG Успешное подключение 
Аккаунт: admin
2022-11-17 20:56:52.8890 DEBUG Попытка входа
2022-11-17 20:56:52.8890 INFO Успешный вход
2022-11-17 20:57:52.1579 DEBUG Инициализация программы
2022-11-17 20:57:52.2098 DEBUG Выполнение запроса Sql + Подключение к Базе данных
2022-11-17 20:57:52.4376 DEBUG Успешное подключение 
Аккаунт: admin
2022-11-17 20:57:52.4376 DEBUG Попытка входа
2022-11-17 20:57:52.4376 INFO Успешный вход
2022-11-17 21:47:06.6107 DEBUG Инициализация программы
2022-11-17 21:47:06.6646 DEBUG Выполнение запроса Sql + Подключение к Базе данных
2022-11-17 21:47:07.3937 DEBUG Успешное подключение 
Аккаунт: admin
2022-11-17 21:47:07.3937 DEBUG Попытка входа
2022-11-17 21:47:07.3937 INFO Успешный вход
2022-11-17 21:49:14.7784 DEBUG Инициализация программы
2022-11-17 21:49:14.8303 DEBUG Выполнение запроса Sql + Подключение к Базе данных
2022-11-17 21:49:15.5514 DEBUG Успешное подключение 
Аккаунт: admin
2022-11-17 21:49:15.5514 DEBUG Попытка входа
2022-11-17 21:49:15.5514 INFO Успешный вход
2022-11-17 21:51:54.2483 DEBUG Инициализация программы
2022-11-17 21:51:54.3002 DEBUG Выполнение запроса Sql + Подключение к Базе данных
2022-11-17 21:51:54.5401 DEBUG Успешное подключение 
Аккаунт: admin
2022-11-17 21:51:54.5401 DEBUG Попытка входа
2022-11-17 21:51:54.5401 INFO Успешный вход
2022-11-17 21:55:09.0017 DEBUG Инициализация программы
2022-11-17 21:55:09.0546 DEBUG Выполнение запроса Sql + Подключение к Базе данных
2022-11-17 21:55:09.3444 DEBUG Успешное подключение 
Аккаунт: admin
2022-11-17 21:55:09.3444 DEBUG Попытка входа
2022-11-17 21:55:09.3444 INFO Успешный вход
2022-11-17 21:55:52.0322 DEBUG Инициализация программы
2022-11-17 21:55:52.0850 DEBUG Выполнение запроса Sql + Подключение к Базе данных
2022-11-17 21:55:52.3221 DEBUG Успешное подключение 
Аккаунт: admin
2022-11-17 21:55:52.3221 DEBUG Попытка входа
2022-11-17 21:55:52.3221 INFO Успешный вход
2022-11-17 22:00:04.9332 DEBUG Инициализация программы
2022-11-17 22:00:04.9860 DEBUG Выполнение запроса Sql + Подключение к Базе данных
2022-11-17 22:00:05.2343 DEBUG Успешное подключение 
Аккаунт: admin
2022-11-17 22:00:05.2343 DEBUG Попытка входа
2022-11-17 22:00:05.2343 INFO Успешный вход
2022-11-17 22:00:14.7609 ERROR Ошибка System.ArgumentOutOfRangeException: Индекс за пределами диапазона. Индекс должен быть положительным числом, а его размер не должен превышать размер коллекции.
Имя параметра: index
   в System.ThrowHelper.ThrowArgumentOutOfRangeException(ExceptionArgument argument, ExceptionResource resource)
   в System.Collections.Generic.List`1.get_Item(Int32 index)
   в Liftais.Ais.Button_Click(Object sender, RoutedEventArgs e) в C:\Users\Семён\Documents\GitHub\Practice_Lift1\Liftais\Liftais\Ais.xaml.cs:строка 674
   в System.Windows.RoutedEventHandlerInfo.InvokeHandler(Object target, RoutedEventArgs routedEventArgs)
   в System.Windows.EventRoute.InvokeHandlersImpl(Object source, RoutedEventArgs args, Boolean reRaised)
   в System.Windows.UIElement.RaiseEventImpl(DependencyObject sender, RoutedEventArgs args)
   в System.Windows.UIElement.RaiseEvent(RoutedEventArgs e)
   в System.Windows.Controls.Primitives.ButtonBase.OnClick()
   в System.Windows.Controls.Button.OnClick()
   в System.Windows.Controls.Primitives.ButtonBase.OnMouseLeftButtonUp(MouseButtonEventArgs e)
   в System.Windows.UIElement.OnMouseLeftButtonUpThunk(Object sender, MouseButtonEventArgs e)
   в System.Windows.Input.MouseButtonEventArgs.InvokeEventHandler(Delegate genericHandler, Object genericTarget)
   в System.Windows.RoutedEventArgs.InvokeHandler(Delegate handler, Object target)
   в System.Windows.RoutedEventHandlerInfo.InvokeHandler(Object target, RoutedEventArgs routedEventArgs)
   в System.Windows.EventRoute.InvokeHandlersImpl(Object source, RoutedEventArgs args, Boolean reRaised)
   в System.Windows.UIElement.ReRaiseEventAs(DependencyObject sender, RoutedEventArgs args, RoutedEvent newEvent)
   в System.Windows.UIElement.OnMouseUpThunk(Object sender, MouseButtonEventArgs e)
   в System.Windows.Input.MouseButtonEventArgs.InvokeEventHandler(Delegate genericHandler, Object genericTarget)
   в System.Windows.RoutedEventArgs.InvokeHandler(Delegate handler, Object target)
   в System.Windows.RoutedEventHandlerInfo.InvokeHandler(Object target, RoutedEventArgs routedEventArgs)
   в System.Windows.EventRoute.InvokeHandlersImpl(Object source, RoutedEventArgs args, Boolean reRaised)
   в System.Windows.UIElement.RaiseEventImpl(DependencyObject sender, RoutedEventArgs args)
   в System.Windows.UIElement.RaiseTrustedEvent(RoutedEventArgs args)
   в System.Windows.UIElement.RaiseEvent(RoutedEventArgs args, Boolean trusted)
   в System.Windows.Input.InputManager.ProcessStagingArea()
   в System.Windows.Input.InputManager.ProcessInput(InputEventArgs input)
   в System.Windows.Input.InputProviderSite.ReportInput(InputReport inputReport)
   в System.Windows.Interop.HwndMouseInputProvider.ReportInput(IntPtr hwnd, InputMode mode, Int32 timestamp, RawMouseActions actions, Int32 x, Int32 y, Int32 wheel)
   в System.Windows.Interop.HwndMouseInputProvider.FilterMessage(IntPtr hwnd, WindowMessage msg, IntPtr wParam, IntPtr lParam, Boolean& handled)
   в System.Windows.Interop.HwndSource.InputFilterMessage(IntPtr hwnd, Int32 msg, IntPtr wParam, IntPtr lParam, Boolean& handled)
   в MS.Win32.HwndWrapper.WndProc(IntPtr hwnd, Int32 msg, IntPtr wParam, IntPtr lParam, Boolean& handled)
   в MS.Win32.HwndSubclass.DispatcherCallbackOperation(Object o)
   в System.Windows.Threading.ExceptionWrapper.InternalRealCall(Delegate callback, Object args, Int32 numArgs)
   в System.Windows.Threading.ExceptionWrapper.TryCatchWhen(Object source, Delegate callback, Object args, Int32 numArgs, Delegate catchHandler)
   в System.Windows.Threading.Dispatcher.LegacyInvokeImpl(DispatcherPriority priority, TimeSpan timeout, Delegate method, Object args, Int32 numArgs)
   в MS.Win32.HwndSubclass.SubclassWndProc(IntPtr hwnd, Int32 msg, IntPtr wParam, IntPtr lParam)
   в MS.Win32.UnsafeNativeMethods.DispatchMessage(MSG& msg)
   в System.Windows.Threading.Dispatcher.PushFrameImpl(DispatcherFrame frame)
   в System.Windows.Threading.Dispatcher.PushFrame(DispatcherFrame frame)
   в System.Windows.Window.ShowHelper(Object booleanBox)
   в System.Windows.Window.Show()
   в System.Windows.Window.ShowDialog()
   в Liftais.MainWindow.SingIn_Click(Object sender, RoutedEventArgs y) в C:\Users\Семён\Documents\GitHub\Practice_Lift1\Liftais\Liftais\MainWindow.xaml.cs:строка 62
2022-11-17 22:01:22.7422 DEBUG Инициализация программы
2022-11-17 22:01:22.7961 DEBUG Выполнение запроса Sql + Подключение к Базе данных
2022-11-17 22:01:23.0409 DEBUG Успешное подключение 
Аккаунт: admin
2022-11-17 22:01:23.0409 DEBUG Попытка входа
2022-11-17 22:01:23.0409 INFO Успешный вход
2022-11-17 22:02:06.3011 ERROR Ошибка в окне вахтера: 
 MySql.Data.MySqlClient.MySqlException (0x80004005): Incorrect integer value: '' for column `lift`.`magazine`.`id_visiter` at row 1
   в MySql.Data.MySqlClient.MySqlStream.ReadPacket()
   в MySql.Data.MySqlClient.NativeDriver.GetResult(Int32& affectedRow, Int64& insertedId)
   в MySql.Data.MySqlClient.Driver.GetResult(Int32 statementId, Int32& affectedRows, Int64& insertedId)
   в MySql.Data.MySqlClient.Driver.NextResult(Int32 statementId, Boolean force)
   в MySql.Data.MySqlClient.MySqlDataReader.NextResult()
   в MySql.Data.MySqlClient.MySqlCommand.ExecuteReader(CommandBehavior behavior)
   в MySql.Data.MySqlClient.MySqlCommand.ExecuteScalar()
   в Liftais.Ais.create_note_Click(Object sender, RoutedEventArgs e) в C:\Users\Семён\Documents\GitHub\Practice_Lift1\Liftais\Liftais\Ais.xaml.cs:строка 607
2022-11-17 22:02:07.9042 ERROR Ошибка в окне вахтера: 
 MySql.Data.MySqlClient.MySqlException (0x80004005): Incorrect integer value: '' for column `lift`.`magazine`.`id_visiter` at row 1
   в MySql.Data.MySqlClient.MySqlStream.ReadPacket()
   в MySql.Data.MySqlClient.NativeDriver.GetResult(Int32& affectedRow, Int64& insertedId)
   в MySql.Data.MySqlClient.Driver.GetResult(Int32 statementId, Int32& affectedRows, Int64& insertedId)
   в MySql.Data.MySqlClient.Driver.NextResult(Int32 statementId, Boolean force)
   в MySql.Data.MySqlClient.MySqlDataReader.NextResult()
   в MySql.Data.MySqlClient.MySqlCommand.ExecuteReader(CommandBehavior behavior)
   в MySql.Data.MySqlClient.MySqlCommand.ExecuteScalar()
   в Liftais.Ais.create_note_Click(Object sender, RoutedEventArgs e) в C:\Users\Семён\Documents\GitHub\Practice_Lift1\Liftais\Liftais\Ais.xaml.cs:строка 607
2022-11-17 22:04:23.2278 DEBUG Инициализация программы
2022-11-17 22:04:23.2837 DEBUG Выполнение запроса Sql + Подключение к Базе данных
2022-11-17 22:04:23.5248 DEBUG Успешное подключение 
Аккаунт: admin
2022-11-17 22:04:23.5248 DEBUG Попытка входа
2022-11-17 22:04:23.5248 INFO Успешный вход
