2022-11-01 17:53:26.6865 DEBUG Инициализация программы
2022-11-01 17:53:26.7394 DEBUG Выполнение запроса Sql + Подключение к Базе данных
2022-11-01 17:53:26.9828 DEBUG Успешное подключение
2022-11-01 17:53:26.9828 DEBUG Попытка входа
2022-11-01 17:53:29.1607 INFO Неправильный логин или пароль
Аккаунт: admin
2022-11-01 17:54:09.2089 DEBUG Инициализация программы
2022-11-01 17:54:09.2099 DEBUG Выполнение запроса Sql + Подключение к Базе данных
2022-11-01 17:54:09.3458 DEBUG Успешное подключение
2022-11-01 17:54:09.3458 DEBUG Попытка входа
2022-11-01 17:54:09.3458 INFO Успешный вход
2022-11-01 17:55:18.3236 DEBUG Инициализация программы
2022-11-01 17:55:18.3775 DEBUG Выполнение запроса Sql + Подключение к Базе данных
2022-11-01 17:55:18.6172 DEBUG Успешное подключение 
admin
2022-11-01 17:55:18.6172 DEBUG Попытка входа
2022-11-01 17:55:18.6172 INFO Успешный вход
2022-11-01 17:56:31.8906 DEBUG Инициализация программы
2022-11-01 17:56:31.9445 DEBUG Выполнение запроса Sql + Подключение к Базе данных
2022-11-01 17:56:32.1825 DEBUG Успешное подключение 
Аккаунт: admin
2022-11-01 17:56:32.1825 DEBUG Попытка входа
2022-11-01 17:56:32.1825 INFO Успешный вход
2022-11-01 17:58:25.3345 DEBUG Инициализация программы
2022-11-01 17:58:25.3884 DEBUG Выполнение запроса Sql + Подключение к Базе данных
2022-11-01 17:58:39.4630 ERROR Ошибка MySql.Data.MySqlClient.MySqlException (0x80004005): Unable to connect to any of the specified MySQL hosts. ---> System.Net.Sockets.SocketException (0x80004005): Попытка установить соединение была безуспешной, т.к. от другого компьютера за требуемое время не получен нужный отклик, или было разорвано уже установленное соединение из-за неверного отклика уже подключенного компьютера 192.168.0.150:3307
   в System.Net.Sockets.Socket.InternalEndConnect(IAsyncResult asyncResult)
   в System.Net.Sockets.Socket.EndConnect(IAsyncResult asyncResult)
   в System.Net.Sockets.TcpClient.EndConnect(IAsyncResult asyncResult)
   в System.Threading.Tasks.TaskFactory`1.FromAsyncCoreLogic(IAsyncResult iar, Func`2 endFunction, Action`1 endAction, Task`1 promise, Boolean requiresSynchronization)
   в MySql.Data.MySqlClient.NativeDriver.<>c.<Open>b__40_0(Exception ex)
   в System.AggregateException.Handle(Func`2 predicate)
   в MySql.Data.MySqlClient.NativeDriver.Open()
   в MySql.Data.MySqlClient.Driver.Open()
   в MySql.Data.MySqlClient.Driver.Create(MySqlConnectionStringBuilder settings)
   в MySql.Data.MySqlClient.MySqlPool.CreateNewPooledConnection()
   в MySql.Data.MySqlClient.MySqlPool.GetPooledConnection()
   в MySql.Data.MySqlClient.MySqlPool.TryToGetDriver()
   в MySql.Data.MySqlClient.MySqlPool.GetConnection()
   в MySql.Data.MySqlClient.MySqlConnection.Open()
   в System.Data.Common.DbDataAdapter.FillInternal(DataSet dataset, DataTable[] datatables, Int32 startRecord, Int32 maxRecords, String srcTable, IDbCommand command, CommandBehavior behavior)
   в System.Data.Common.DbDataAdapter.Fill(DataTable[] dataTables, Int32 startRecord, Int32 maxRecords, IDbCommand command, CommandBehavior behavior)
   в System.Data.Common.DbDataAdapter.Fill(DataTable dataTable)
   в Liftais.MainWindow.SingIn_Click(Object sender, RoutedEventArgs y) в C:\Users\Семён\Documents\GitHub\Practice_Lift1\Liftais\Liftais\MainWindow.xaml.cs:строка 48
2022-11-01 18:00:07.0893 DEBUG Инициализация программы
2022-11-01 18:00:07.0893 DEBUG Выполнение запроса Sql + Подключение к Базе данных
2022-11-01 18:00:12.1807 DEBUG Успешное подключение 
Аккаунт: admin
2022-11-01 18:00:12.1807 DEBUG Попытка входа
2022-11-01 18:00:12.1807 INFO Успешный вход
2022-11-01 18:12:32.0071 DEBUG Инициализация программы
2022-11-01 18:12:32.0610 DEBUG Выполнение запроса Sql + Подключение к Базе данных
2022-11-01 18:12:32.3397 DEBUG Успешное подключение 
Аккаунт: admin
2022-11-01 18:12:32.3397 DEBUG Попытка входа
2022-11-01 18:12:32.3397 INFO Успешный вход
2022-11-01 18:12:40.7734 ERROR Ошибка System.NullReferenceException: Ссылка на объект не указывает на экземпляр объекта.
   в Liftais.Ais.CheckBox_PreviewMouseLeftButtonDown(Object sender, MouseButtonEventArgs e) в C:\Users\Семён\Documents\GitHub\Practice_Lift1\Liftais\Liftais\Ais.xaml.cs:строка 212
   в System.Windows.Input.MouseButtonEventArgs.InvokeEventHandler(Delegate genericHandler, Object genericTarget)
   в System.Windows.RoutedEventArgs.InvokeHandler(Delegate handler, Object target)
   в System.Windows.RoutedEventHandlerInfo.InvokeHandler(Object target, RoutedEventArgs routedEventArgs)
   в System.Windows.EventRoute.InvokeHandlersImpl(Object source, RoutedEventArgs args, Boolean reRaised)
   в System.Windows.UIElement.ReRaiseEventAs(DependencyObject sender, RoutedEventArgs args, RoutedEvent newEvent)
   в System.Windows.UIElement.OnPreviewMouseDownThunk(Object sender, MouseButtonEventArgs e)
   в System.Windows.Input.MouseButtonEventArgs.InvokeEventHandler(Delegate genericHandler, Object genericTarget)
   в System.Windows.RoutedEventArgs.InvokeHandler(Delegate handler, Object target)
   в System.Windows.RoutedEventHandlerInfo.InvokeHandler(Object target, RoutedEventArgs routedEventArgs)
   в System.Windows.EventRoute.InvokeHandlersImpl(Object source, RoutedEventArgs args, Boolean reRaised)
   в System.Windows.UIElement.RaiseEventImpl(DependencyObject sender, RoutedEventArgs args)
   в System.Windows.UIElement.RaiseTrustedEvent(RoutedEventArgs args)
   в System.Windows.UIElement.RaiseEvent(RoutedEventArgs args, Boolean trusted)
   в System.Windows.Input.InputManager.ProcessStagingArea()
   в System.Windows.Input.InputManager.ProcessInput(InputEventArgs input)
   в System.Windows.Input.InputProviderSite.ReportInput(InputReport inputReport)
   в System.Windows.Interop.HwndMouseInputProvider.ReportInput(IntPtr hwnd, InputMode mode, Int32 timestamp, RawMouseActions actions, Int32 x, Int32 y, Int32 wheel)
   в System.Windows.Interop.HwndMouseInputProvider.FilterMessage(IntPtr hwnd, WindowMessage msg, IntPtr wParam, IntPtr lParam, Boolean& handled)
   в System.Windows.Interop.HwndSource.InputFilterMessage(IntPtr hwnd, Int32 msg, IntPtr wParam, IntPtr lParam, Boolean& handled)
   в MS.Win32.HwndWrapper.WndProc(IntPtr hwnd, Int32 msg, IntPtr wParam, IntPtr lParam, Boolean& handled)
   в MS.Win32.HwndSubclass.DispatcherCallbackOperation(Object o)
   в System.Windows.Threading.ExceptionWrapper.InternalRealCall(Delegate callback, Object args, Int32 numArgs)
   в System.Windows.Threading.ExceptionWrapper.TryCatchWhen(Object source, Delegate callback, Object args, Int32 numArgs, Delegate catchHandler)
   в System.Windows.Threading.Dispatcher.LegacyInvokeImpl(DispatcherPriority priority, TimeSpan timeout, Delegate method, Object args, Int32 numArgs)
   в MS.Win32.HwndSubclass.SubclassWndProc(IntPtr hwnd, Int32 msg, IntPtr wParam, IntPtr lParam)
   в MS.Win32.UnsafeNativeMethods.DispatchMessage(MSG& msg)
   в System.Windows.Threading.Dispatcher.PushFrameImpl(DispatcherFrame frame)
   в System.Windows.Threading.Dispatcher.PushFrame(DispatcherFrame frame)
   в System.Windows.Window.ShowHelper(Object booleanBox)
   в System.Windows.Window.Show()
   в System.Windows.Window.ShowDialog()
   в Liftais.MainWindow.SingIn_Click(Object sender, RoutedEventArgs y) в C:\Users\Семён\Documents\GitHub\Practice_Lift1\Liftais\Liftais\MainWindow.xaml.cs:строка 56
2022-11-01 18:14:33.3237 DEBUG Инициализация программы
2022-11-01 18:14:33.3945 DEBUG Выполнение запроса Sql + Подключение к Базе данных
2022-11-01 18:14:33.8270 DEBUG Успешное подключение 
Аккаунт: admin
2022-11-01 18:14:33.8270 DEBUG Попытка входа
2022-11-01 18:14:33.8270 INFO Успешный вход
2022-11-01 18:15:44.5586 DEBUG Инициализация программы
2022-11-01 18:15:44.6144 DEBUG Выполнение запроса Sql + Подключение к Базе данных
2022-11-01 18:15:44.8706 DEBUG Успешное подключение 
Аккаунт: admin
2022-11-01 18:15:44.8706 DEBUG Попытка входа
2022-11-01 18:15:44.8706 INFO Успешный вход
