2022-12-12 14:24:07.3165 DEBUG Инициализация программы
2022-12-12 14:24:07.8774 DEBUG Выполнение запроса Sql + Подключение к Базе данных
2022-12-12 14:24:09.6799 DEBUG Успешное подключение 
Аккаунт: admin
2022-12-12 14:24:09.6799 DEBUG Попытка входа
2022-12-12 14:24:09.6799 INFO Успешный вход
2022-12-12 14:30:16.5212 DEBUG Инициализация программы
2022-12-12 14:30:16.6150 DEBUG Выполнение запроса Sql + Подключение к Базе данных
2022-12-12 14:30:16.8892 DEBUG Успешное подключение 
Аккаунт: admin
2022-12-12 14:30:16.8892 DEBUG Попытка входа
2022-12-12 14:30:16.8892 INFO Успешный вход
2022-12-12 14:33:07.3087 DEBUG Инициализация программы
2022-12-12 14:33:07.3706 DEBUG Выполнение запроса Sql + Подключение к Базе данных
2022-12-12 14:33:07.5493 DEBUG Успешное подключение 
Аккаунт: admin
2022-12-12 14:33:07.5493 DEBUG Попытка входа
2022-12-12 14:33:07.5493 INFO Успешный вход
2022-12-12 14:37:35.0502 DEBUG Инициализация программы
2022-12-12 14:37:35.1030 DEBUG Выполнение запроса Sql + Подключение к Базе данных
2022-12-12 14:37:35.3007 DEBUG Успешное подключение 
Аккаунт: admin
2022-12-12 14:37:35.3007 DEBUG Попытка входа
2022-12-12 14:37:35.3007 INFO Успешный вход
2022-12-12 14:38:29.8185 DEBUG Инициализация программы
2022-12-12 14:38:29.8724 DEBUG Выполнение запроса Sql + Подключение к Базе данных
2022-12-12 14:38:30.0418 DEBUG Успешное подключение 
Аккаунт: admin
2022-12-12 14:38:30.0418 DEBUG Попытка входа
2022-12-12 14:38:30.0418 INFO Успешный вход
2022-12-12 14:40:19.0126 DEBUG Инициализация программы
2022-12-12 14:40:19.0685 DEBUG Выполнение запроса Sql + Подключение к Базе данных
2022-12-12 14:40:19.2719 DEBUG Успешное подключение 
Аккаунт: admin
2022-12-12 14:40:19.2719 DEBUG Попытка входа
2022-12-12 14:40:19.2719 INFO Успешный вход
2022-12-12 14:41:03.5631 DEBUG Инициализация программы
2022-12-12 14:41:03.6180 DEBUG Выполнение запроса Sql + Подключение к Базе данных
2022-12-12 14:41:03.7881 DEBUG Успешное подключение 
Аккаунт: admin
2022-12-12 14:41:03.7881 DEBUG Попытка входа
2022-12-12 14:41:03.7881 INFO Успешный вход
2022-12-12 14:44:56.1177 DEBUG Инициализация программы
2022-12-12 14:44:56.1726 DEBUG Выполнение запроса Sql + Подключение к Базе данных
2022-12-12 14:44:56.3607 DEBUG Успешное подключение 
Аккаунт: admin
2022-12-12 14:44:56.3607 DEBUG Попытка входа
2022-12-12 14:44:56.3607 INFO Успешный вход
2022-12-12 14:47:17.3558 DEBUG Инициализация программы
2022-12-12 14:47:17.4087 DEBUG Выполнение запроса Sql + Подключение к Базе данных
2022-12-12 14:47:17.5972 DEBUG Успешное подключение 
Аккаунт: admin
2022-12-12 14:47:17.5972 DEBUG Попытка входа
2022-12-12 14:47:17.5972 INFO Успешный вход
2022-12-12 14:49:11.5561 DEBUG Инициализация программы
2022-12-12 14:49:11.6109 DEBUG Выполнение запроса Sql + Подключение к Базе данных
2022-12-12 14:49:11.8021 DEBUG Успешное подключение 
Аккаунт: admin
2022-12-12 14:49:11.8021 DEBUG Попытка входа
2022-12-12 14:49:11.8021 INFO Успешный вход
2022-12-12 14:52:30.6359 DEBUG Инициализация программы
2022-12-12 14:52:30.6897 DEBUG Выполнение запроса Sql + Подключение к Базе данных
2022-12-12 14:52:30.8923 DEBUG Успешное подключение 
Аккаунт: admin
2022-12-12 14:52:30.8923 DEBUG Попытка входа
2022-12-12 14:52:30.8923 INFO Успешный вход
2022-12-12 14:57:27.8851 DEBUG Инициализация программы
2022-12-12 14:57:27.9410 DEBUG Выполнение запроса Sql + Подключение к Базе данных
2022-12-12 14:57:28.1299 DEBUG Успешное подключение 
Аккаунт: admin
2022-12-12 14:57:28.1299 DEBUG Попытка входа
2022-12-12 14:57:28.1299 INFO Успешный вход
2022-12-12 15:03:40.6016 DEBUG Инициализация программы
2022-12-12 15:03:40.6545 DEBUG Выполнение запроса Sql + Подключение к Базе данных
2022-12-12 15:03:40.8513 DEBUG Успешное подключение 
Аккаунт: admin
2022-12-12 15:03:40.8513 DEBUG Попытка входа
2022-12-12 15:03:40.8513 INFO Успешный вход
2022-12-12 15:05:11.6133 DEBUG Инициализация программы
2022-12-12 15:05:11.6661 DEBUG Выполнение запроса Sql + Подключение к Базе данных
2022-12-12 15:05:11.8653 DEBUG Успешное подключение 
Аккаунт: admin
2022-12-12 15:05:11.8653 DEBUG Попытка входа
2022-12-12 15:05:11.8653 INFO Успешный вход
2022-12-12 15:09:52.2468 DEBUG Инициализация программы
2022-12-12 15:09:52.2997 DEBUG Выполнение запроса Sql + Подключение к Базе данных
2022-12-12 15:09:52.4831 DEBUG Успешное подключение 
Аккаунт: admin
2022-12-12 15:09:52.4831 DEBUG Попытка входа
2022-12-12 15:09:52.4831 INFO Успешный вход
2022-12-12 15:13:15.0240 DEBUG Инициализация программы
2022-12-12 15:13:15.0769 DEBUG Выполнение запроса Sql + Подключение к Базе данных
2022-12-12 15:13:15.3858 DEBUG Успешное подключение 
Аккаунт: admin
2022-12-12 15:13:15.3858 DEBUG Попытка входа
2022-12-12 15:13:15.3858 INFO Успешный вход
2022-12-12 15:13:28.3829 DEBUG Инициализация программы
2022-12-12 15:13:28.3829 DEBUG Выполнение запроса Sql + Подключение к Базе данных
2022-12-12 15:13:28.3829 DEBUG Успешное подключение 
Аккаунт: admin
2022-12-12 15:13:28.3829 DEBUG Попытка входа
2022-12-12 15:13:28.3829 INFO Успешный вход
2022-12-12 15:26:32.7347 DEBUG Инициализация программы
2022-12-12 15:26:33.0866 DEBUG Выполнение запроса Sql + Подключение к Базе данных
2022-12-12 15:26:34.7173 DEBUG Успешное подключение 
Аккаунт: admin
2022-12-12 15:26:34.7173 DEBUG Попытка входа
2022-12-12 15:26:34.7173 INFO Успешный вход
2022-12-12 15:40:14.1549 DEBUG Инициализация программы
2022-12-12 15:40:14.8702 DEBUG Выполнение запроса Sql + Подключение к Базе данных
2022-12-12 15:40:16.8493 DEBUG Успешное подключение 
Аккаунт: admin
2022-12-12 15:40:16.8493 DEBUG Попытка входа
2022-12-12 15:40:16.8493 INFO Успешный вход
2022-12-12 15:44:05.5360 DEBUG Инициализация программы
2022-12-12 15:44:05.9339 DEBUG Выполнение запроса Sql + Подключение к Базе данных
2022-12-12 15:44:07.4086 DEBUG Успешное подключение 
Аккаунт: admin
2022-12-12 15:44:07.4086 DEBUG Попытка входа
2022-12-12 15:44:07.4086 INFO Успешный вход
2022-12-12 15:44:34.3451 DEBUG Инициализация программы
2022-12-12 15:44:34.3451 DEBUG Выполнение запроса Sql + Подключение к Базе данных
2022-12-12 15:44:34.3451 DEBUG Успешное подключение 
Аккаунт: admin
2022-12-12 15:44:34.3451 DEBUG Попытка входа
2022-12-12 15:44:34.3451 INFO Успешный вход
2022-12-12 15:46:14.8346 DEBUG Инициализация программы
2022-12-12 15:46:14.9014 DEBUG Выполнение запроса Sql + Подключение к Базе данных
2022-12-12 15:46:15.3515 DEBUG Успешное подключение 
Аккаунт: admin
2022-12-12 15:46:15.3515 DEBUG Попытка входа
2022-12-12 15:46:15.3515 INFO Успешный вход
2022-12-12 16:27:20.0898 DEBUG Инициализация программы
2022-12-12 16:27:20.7175 DEBUG Выполнение запроса Sql + Подключение к Базе данных
2022-12-12 16:27:23.2321 DEBUG Успешное подключение 
Аккаунт: admin
2022-12-12 16:27:23.2321 DEBUG Попытка входа
2022-12-12 16:27:25.2217 INFO Неправильный логин или пароль
Аккаунт: admin
2022-12-12 16:27:31.1402 DEBUG Инициализация программы
2022-12-12 16:27:31.9088 DEBUG Выполнение запроса Sql + Подключение к Базе данных
2022-12-12 16:27:31.9088 DEBUG Успешное подключение 
Аккаунт: admin
2022-12-12 16:27:31.9088 DEBUG Попытка входа
2022-12-12 16:27:34.1836 INFO Неправильный логин или пароль
Аккаунт: admin
2022-12-12 16:27:46.8757 DEBUG Инициализация программы
2022-12-12 16:27:46.8757 DEBUG Выполнение запроса Sql + Подключение к Базе данных
2022-12-12 16:27:48.0630 DEBUG Успешное подключение 
Аккаунт: admin
2022-12-12 16:27:48.0630 DEBUG Попытка входа
2022-12-12 16:27:48.0630 INFO Успешный вход
2022-12-12 16:34:15.6976 DEBUG Инициализация программы
2022-12-12 16:34:16.1431 DEBUG Выполнение запроса Sql + Подключение к Базе данных
2022-12-12 16:34:17.8973 DEBUG Успешное подключение 
Аккаунт: admin
2022-12-12 16:34:17.8973 DEBUG Попытка входа
2022-12-12 16:34:20.1688 INFO Неправильный логин или пароль
Аккаунт: admin
2022-12-12 16:34:26.9721 DEBUG Инициализация программы
2022-12-12 16:34:26.9721 DEBUG Выполнение запроса Sql + Подключение к Базе данных
2022-12-12 16:34:27.0243 DEBUG Успешное подключение 
Аккаунт: admin
2022-12-12 16:34:27.0243 DEBUG Попытка входа
2022-12-12 16:34:27.0243 INFO Успешный вход
2022-12-12 19:33:45.1373 DEBUG Инициализация программы
2022-12-12 19:33:45.2989 DEBUG Выполнение запроса Sql + Подключение к Базе данных
2022-12-12 19:33:46.7082 DEBUG Успешное подключение 
Аккаунт: admin
2022-12-12 19:33:46.7082 DEBUG Попытка входа
2022-12-12 19:33:47.8887 INFO Неправильный логин или пароль
Аккаунт: admin
2022-12-12 19:33:54.2840 DEBUG Инициализация программы
2022-12-12 19:33:54.2840 DEBUG Выполнение запроса Sql + Подключение к Базе данных
2022-12-12 19:33:54.2840 DEBUG Успешное подключение 
Аккаунт: admin
2022-12-12 19:33:54.2840 DEBUG Попытка входа
2022-12-12 19:33:54.2840 INFO Успешный вход
2022-12-12 19:44:51.7839 DEBUG Инициализация программы
2022-12-12 19:44:52.0966 DEBUG Выполнение запроса Sql + Подключение к Базе данных
2022-12-12 19:44:53.3989 DEBUG Успешное подключение 
Аккаунт: admin
2022-12-12 19:44:53.3989 DEBUG Попытка входа
2022-12-12 19:44:54.7620 INFO Неправильный логин или пароль
Аккаунт: admin
2022-12-12 19:45:01.9953 DEBUG Инициализация программы
2022-12-12 19:45:01.9953 DEBUG Выполнение запроса Sql + Подключение к Базе данных
2022-12-12 19:45:02.0338 DEBUG Успешное подключение 
Аккаунт: admin
2022-12-12 19:45:02.0338 DEBUG Попытка входа
2022-12-12 19:45:02.0338 INFO Успешный вход
2022-12-12 19:47:11.9159 DEBUG Инициализация программы
2022-12-12 19:47:11.9159 DEBUG Выполнение запроса Sql + Подключение к Базе данных
2022-12-12 19:47:11.9159 DEBUG Успешное подключение 
Аккаунт: admin
2022-12-12 19:47:11.9159 DEBUG Попытка входа
2022-12-12 19:47:11.9159 INFO Успешный вход
2022-12-12 19:47:20.8539 ERROR Ошибка:  System.ArgumentOutOfRangeException: Row number must be between 1 and 1048576
Имя параметра: cellAddressInRange
   в ClosedXML.Excel.XLRangeBase.Cell(XLAddress& cellAddressInRange)
   в ClosedXML.Excel.XLRangeBase.Cell(Int32 row, Int32 column)
   в ClosedXML.Excel.XLWorksheet.ClosedXML.Excel.IXLWorksheet.Cell(Int32 row, Int32 column)
   в Liftais.Ais.btnexp_Click(Object sender, RoutedEventArgs e) в C:\Users\Семён\Documents\GitHub\Practice_Lift1\Liftais\Liftais\Ais.xaml.cs:строка 631
2022-12-12 19:47:29.9043 ERROR Ошибка:  System.ArgumentOutOfRangeException: Row number must be between 1 and 1048576
Имя параметра: cellAddressInRange
   в ClosedXML.Excel.XLRangeBase.Cell(XLAddress& cellAddressInRange)
   в ClosedXML.Excel.XLRangeBase.Cell(Int32 row, Int32 column)
   в ClosedXML.Excel.XLWorksheet.ClosedXML.Excel.IXLWorksheet.Cell(Int32 row, Int32 column)
   в Liftais.Ais.btnexp_Click(Object sender, RoutedEventArgs e) в C:\Users\Семён\Documents\GitHub\Practice_Lift1\Liftais\Liftais\Ais.xaml.cs:строка 631
2022-12-12 19:51:41.3468 DEBUG Инициализация программы
2022-12-12 19:51:41.3997 DEBUG Выполнение запроса Sql + Подключение к Базе данных
2022-12-12 19:51:41.7753 DEBUG Успешное подключение 
Аккаунт: admin
2022-12-12 19:51:41.7753 DEBUG Попытка входа
2022-12-12 19:51:41.7753 INFO Успешный вход
2022-12-12 19:53:19.8747 DEBUG Инициализация программы
2022-12-12 19:53:19.8747 DEBUG Выполнение запроса Sql + Подключение к Базе данных
2022-12-12 19:53:19.8747 DEBUG Успешное подключение 
Аккаунт: admin
2022-12-12 19:53:19.8747 DEBUG Попытка входа
2022-12-12 19:53:19.8747 INFO Успешный вход
2022-12-12 19:59:30.7295 DEBUG Инициализация программы
2022-12-12 19:59:30.7813 DEBUG Выполнение запроса Sql + Подключение к Базе данных
2022-12-12 19:59:31.1112 DEBUG Успешное подключение 
Аккаунт: admin
2022-12-12 19:59:31.1112 DEBUG Попытка входа
2022-12-12 19:59:31.1112 INFO Успешный вход
