2022-11-03 00:03:04.7000 DEBUG Инициализация программы
2022-11-03 00:03:04.7999 DEBUG Выполнение запроса Sql + Подключение к Базе данных
2022-11-03 00:03:05.1430 DEBUG Успешное подключение 
Аккаунт: admin
2022-11-03 00:03:05.1430 DEBUG Попытка входа
2022-11-03 00:03:05.1430 INFO Успешный вход
2022-11-03 00:03:10.4410 ERROR Ошибка:  System.IndexOutOfRangeException: Невозможно найти столбец 6.
   в System.Data.DataColumnCollection.get_Item(Int32 index)
   в System.Data.DataRow.get_Item(Int32 columnIndex, DataRowVersion version)
   в System.Data.DataRowView.get_Item(Int32 ndx)
   в Liftais.Ais.btnexp_Click(Object sender, RoutedEventArgs e) в C:\Users\Семён\Documents\GitHub\Practice_Lift1\Liftais\Liftais\Ais.xaml.cs:строка 311
2022-11-03 00:03:21.1932 ERROR Ошибка:  System.IndexOutOfRangeException: Невозможно найти столбец 6.
   в System.Data.DataColumnCollection.get_Item(Int32 index)
   в System.Data.DataRow.get_Item(Int32 columnIndex, DataRowVersion version)
   в System.Data.DataRowView.get_Item(Int32 ndx)
   в Liftais.Ais.btnexp_Click(Object sender, RoutedEventArgs e) в C:\Users\Семён\Documents\GitHub\Practice_Lift1\Liftais\Liftais\Ais.xaml.cs:строка 311
2022-11-03 00:07:17.3590 DEBUG Инициализация программы
2022-11-03 00:07:17.4128 DEBUG Выполнение запроса Sql + Подключение к Базе данных
2022-11-03 00:07:17.6679 DEBUG Успешное подключение 
Аккаунт: admin
2022-11-03 00:07:17.6679 DEBUG Попытка входа
2022-11-03 00:07:17.6679 INFO Успешный вход
2022-11-03 00:07:30.2545 ERROR Ошибка:  System.Runtime.InteropServices.COMException (0x800A03EC): Исключение из HRESULT: 0x800A03EC
   в System.RuntimeType.ForwardCallToInvokeMember(String memberName, BindingFlags flags, Object target, Int32[] aWrapperTypes, MessageData& msgData)
   в Microsoft.Office.Interop.Excel.Range.set__Default(Object RowIndex, Object ColumnIndex, Object )
   в Liftais.Ais.btnexp_Click(Object sender, RoutedEventArgs e) в C:\Users\Семён\Documents\GitHub\Practice_Lift1\Liftais\Liftais\Ais.xaml.cs:строка 323
2022-11-03 00:07:57.4627 DEBUG Инициализация программы
2022-11-03 00:07:57.5161 DEBUG Выполнение запроса Sql + Подключение к Базе данных
2022-11-03 00:07:57.7524 DEBUG Успешное подключение 
Аккаунт: admin
2022-11-03 00:07:57.7524 DEBUG Попытка входа
2022-11-03 00:07:57.7524 INFO Успешный вход
2022-11-03 00:08:09.3097 ERROR Ошибка:  System.IndexOutOfRangeException: Невозможно найти столбец 6.
   в System.Data.DataColumnCollection.get_Item(Int32 index)
   в System.Data.DataRow.get_Item(Int32 columnIndex, DataRowVersion version)
   в System.Data.DataRowView.get_Item(Int32 ndx)
   в Liftais.Ais.btnexp_Click(Object sender, RoutedEventArgs e) в C:\Users\Семён\Documents\GitHub\Practice_Lift1\Liftais\Liftais\Ais.xaml.cs:строка 340
2022-11-03 00:08:42.6699 ERROR Ошибка:  System.IndexOutOfRangeException: Невозможно найти столбец 6.
   в System.Data.DataColumnCollection.get_Item(Int32 index)
   в System.Data.DataRow.get_Item(Int32 columnIndex, DataRowVersion version)
   в System.Data.DataRowView.get_Item(Int32 ndx)
   в Liftais.Ais.btnexp_Click(Object sender, RoutedEventArgs e) в C:\Users\Семён\Documents\GitHub\Practice_Lift1\Liftais\Liftais\Ais.xaml.cs:строка 311
2022-11-03 00:08:58.2823 ERROR Ошибка:  System.IndexOutOfRangeException: Невозможно найти столбец 6.
   в System.Data.DataColumnCollection.get_Item(Int32 index)
   в System.Data.DataRow.get_Item(Int32 columnIndex, DataRowVersion version)
   в System.Data.DataRowView.get_Item(Int32 ndx)
   в Liftais.Ais.btnexp_Click(Object sender, RoutedEventArgs e) в C:\Users\Семён\Documents\GitHub\Practice_Lift1\Liftais\Liftais\Ais.xaml.cs:строка 340
2022-11-03 00:11:02.9583 DEBUG Инициализация программы
2022-11-03 00:11:03.0112 DEBUG Выполнение запроса Sql + Подключение к Базе данных
2022-11-03 00:11:03.2918 DEBUG Успешное подключение 
Аккаунт: admin
2022-11-03 00:11:03.2918 DEBUG Попытка входа
2022-11-03 00:11:03.2918 INFO Успешный вход
2022-11-03 00:11:10.3281 ERROR Ошибка:  System.IndexOutOfRangeException: Невозможно найти столбец 6.
   в System.Data.DataColumnCollection.get_Item(Int32 index)
   в System.Data.DataRow.get_Item(Int32 columnIndex, DataRowVersion version)
   в System.Data.DataRowView.get_Item(Int32 ndx)
   в Liftais.Ais.btnexp_Click(Object sender, RoutedEventArgs e) в C:\Users\Семён\Documents\GitHub\Practice_Lift1\Liftais\Liftais\Ais.xaml.cs:строка 311
2022-11-03 00:13:38.6041 DEBUG Инициализация программы
2022-11-03 00:13:38.6579 DEBUG Выполнение запроса Sql + Подключение к Базе данных
2022-11-03 00:13:38.9139 DEBUG Успешное подключение 
Аккаунт: admin
2022-11-03 00:13:38.9139 DEBUG Попытка входа
2022-11-03 00:13:38.9139 INFO Успешный вход
2022-11-03 00:13:53.2586 ERROR Ошибка:  System.IndexOutOfRangeException: Невозможно найти столбец 6.
   в System.Data.DataColumnCollection.get_Item(Int32 index)
   в System.Data.DataRow.get_Item(Int32 columnIndex, DataRowVersion version)
   в System.Data.DataRowView.get_Item(Int32 ndx)
   в Liftais.Ais.btnexp_Click(Object sender, RoutedEventArgs e) в C:\Users\Семён\Documents\GitHub\Practice_Lift1\Liftais\Liftais\Ais.xaml.cs:строка 311
2022-11-03 00:14:21.2984 ERROR Ошибка:  System.IndexOutOfRangeException: Невозможно найти столбец 6.
   в System.Data.DataColumnCollection.get_Item(Int32 index)
   в System.Data.DataRow.get_Item(Int32 columnIndex, DataRowVersion version)
   в System.Data.DataRowView.get_Item(Int32 ndx)
   в Liftais.Ais.btnexp_Click(Object sender, RoutedEventArgs e) в C:\Users\Семён\Documents\GitHub\Practice_Lift1\Liftais\Liftais\Ais.xaml.cs:строка 340
2022-11-03 00:14:47.8304 ERROR Ошибка:  System.IndexOutOfRangeException: Невозможно найти столбец 6.
   в System.Data.DataColumnCollection.get_Item(Int32 index)
   в System.Data.DataRow.get_Item(Int32 columnIndex, DataRowVersion version)
   в System.Data.DataRowView.get_Item(Int32 ndx)
   в Liftais.Ais.btnexp_Click(Object sender, RoutedEventArgs e) в C:\Users\Семён\Documents\GitHub\Practice_Lift1\Liftais\Liftais\Ais.xaml.cs:строка 340
2022-11-03 00:15:53.4781 DEBUG Инициализация программы
2022-11-03 00:15:53.5305 DEBUG Выполнение запроса Sql + Подключение к Базе данных
2022-11-03 00:15:53.7738 DEBUG Успешное подключение 
Аккаунт: admin
2022-11-03 00:15:53.7738 DEBUG Попытка входа
2022-11-03 00:15:53.7738 INFO Успешный вход
2022-11-03 00:16:04.6612 ERROR Ошибка:  System.IndexOutOfRangeException: Невозможно найти столбец 6.
   в System.Data.DataColumnCollection.get_Item(Int32 index)
   в System.Data.DataRow.get_Item(Int32 columnIndex, DataRowVersion version)
   в System.Data.DataRowView.get_Item(Int32 ndx)
   в Liftais.Ais.btnexp_Click(Object sender, RoutedEventArgs e) в C:\Users\Семён\Documents\GitHub\Practice_Lift1\Liftais\Liftais\Ais.xaml.cs:строка 311
2022-11-03 00:16:34.2105 DEBUG Инициализация программы
2022-11-03 00:16:34.2634 DEBUG Выполнение запроса Sql + Подключение к Базе данных
2022-11-03 00:16:34.5109 DEBUG Успешное подключение 
Аккаунт: admin
2022-11-03 00:16:34.5109 DEBUG Попытка входа
2022-11-03 00:16:34.5109 INFO Успешный вход
2022-11-03 00:16:44.8763 ERROR Ошибка:  System.IndexOutOfRangeException: Невозможно найти столбец 6.
   в System.Data.DataColumnCollection.get_Item(Int32 index)
   в System.Data.DataRow.get_Item(Int32 columnIndex, DataRowVersion version)
   в System.Data.DataRowView.get_Item(Int32 ndx)
   в Liftais.Ais.btnexp_Click(Object sender, RoutedEventArgs e) в C:\Users\Семён\Documents\GitHub\Practice_Lift1\Liftais\Liftais\Ais.xaml.cs:строка 311
2022-11-03 00:17:20.8661 DEBUG Инициализация программы
2022-11-03 00:17:20.9210 DEBUG Выполнение запроса Sql + Подключение к Базе данных
2022-11-03 00:17:21.1524 DEBUG Успешное подключение 
Аккаунт: admin
2022-11-03 00:17:21.1524 DEBUG Попытка входа
2022-11-03 00:17:21.1524 INFO Успешный вход
2022-11-03 00:17:31.2153 ERROR Ошибка:  System.IndexOutOfRangeException: Невозможно найти столбец 6.
   в System.Data.DataColumnCollection.get_Item(Int32 index)
   в System.Data.DataRow.get_Item(Int32 columnIndex, DataRowVersion version)
   в System.Data.DataRowView.get_Item(Int32 ndx)
   в Liftais.Ais.btnexp_Click(Object sender, RoutedEventArgs e) в C:\Users\Семён\Documents\GitHub\Practice_Lift1\Liftais\Liftais\Ais.xaml.cs:строка 311
2022-11-03 00:18:58.4103 DEBUG Инициализация программы
2022-11-03 00:18:58.4631 DEBUG Выполнение запроса Sql + Подключение к Базе данных
2022-11-03 00:18:58.7033 DEBUG Успешное подключение 
Аккаунт: admin
2022-11-03 00:18:58.7033 DEBUG Попытка входа
2022-11-03 00:18:58.7033 INFO Успешный вход
2022-11-03 00:19:10.5380 ERROR Ошибка:  System.IndexOutOfRangeException: Невозможно найти столбец 6.
   в System.Data.DataColumnCollection.get_Item(Int32 index)
   в System.Data.DataRow.get_Item(Int32 columnIndex, DataRowVersion version)
   в System.Data.DataRowView.get_Item(Int32 ndx)
   в Liftais.Ais.btnexp_Click(Object sender, RoutedEventArgs e) в C:\Users\Семён\Documents\GitHub\Practice_Lift1\Liftais\Liftais\Ais.xaml.cs:строка 311
2022-11-03 00:19:58.0907 DEBUG Инициализация программы
2022-11-03 00:19:58.1505 DEBUG Выполнение запроса Sql + Подключение к Базе данных
2022-11-03 00:19:58.3999 DEBUG Успешное подключение 
Аккаунт: admin
2022-11-03 00:19:58.3999 DEBUG Попытка входа
2022-11-03 00:19:58.3999 INFO Успешный вход
2022-11-03 00:20:08.4949 ERROR Ошибка:  System.IndexOutOfRangeException: Невозможно найти столбец 6.
   в System.Data.DataColumnCollection.get_Item(Int32 index)
   в System.Data.DataRow.get_Item(Int32 columnIndex, DataRowVersion version)
   в System.Data.DataRowView.get_Item(Int32 ndx)
   в Liftais.Ais.btnexp_Click(Object sender, RoutedEventArgs e) в C:\Users\Семён\Documents\GitHub\Practice_Lift1\Liftais\Liftais\Ais.xaml.cs:строка 311
2022-11-03 00:25:12.9052 DEBUG Инициализация программы
2022-11-03 00:25:12.9681 DEBUG Выполнение запроса Sql + Подключение к Базе данных
2022-11-03 00:25:13.2401 DEBUG Успешное подключение 
Аккаунт: admin
2022-11-03 00:25:13.2401 DEBUG Попытка входа
2022-11-03 00:25:13.2401 INFO Успешный вход
2022-11-03 00:25:30.1413 ERROR Ошибка:  System.IndexOutOfRangeException: Невозможно найти столбец 6.
   в System.Data.DataColumnCollection.get_Item(Int32 index)
   в System.Data.DataRow.get_Item(Int32 columnIndex, DataRowVersion version)
   в System.Data.DataRowView.get_Item(Int32 ndx)
   в Liftais.Ais.btnexp_Click(Object sender, RoutedEventArgs e) в C:\Users\Семён\Documents\GitHub\Practice_Lift1\Liftais\Liftais\Ais.xaml.cs:строка 311
2022-11-03 00:25:58.5373 ERROR Ошибка:  System.IndexOutOfRangeException: Невозможно найти столбец 6.
   в System.Data.DataColumnCollection.get_Item(Int32 index)
   в System.Data.DataRow.get_Item(Int32 columnIndex, DataRowVersion version)
   в System.Data.DataRowView.get_Item(Int32 ndx)
   в Liftais.Ais.btnexp_Click(Object sender, RoutedEventArgs e) в C:\Users\Семён\Documents\GitHub\Practice_Lift1\Liftais\Liftais\Ais.xaml.cs:строка 340
2022-11-03 00:27:20.6575 DEBUG Инициализация программы
2022-11-03 00:27:20.7104 DEBUG Выполнение запроса Sql + Подключение к Базе данных
2022-11-03 00:27:20.9751 DEBUG Успешное подключение 
Аккаунт: admin
2022-11-03 00:27:20.9751 DEBUG Попытка входа
2022-11-03 00:27:20.9751 INFO Успешный вход
2022-11-03 00:27:32.7427 ERROR Ошибка:  System.IndexOutOfRangeException: Невозможно найти столбец 6.
   в System.Data.DataColumnCollection.get_Item(Int32 index)
   в System.Data.DataRow.get_Item(Int32 columnIndex, DataRowVersion version)
   в System.Data.DataRowView.get_Item(Int32 ndx)
   в Liftais.Ais.btnexp_Click(Object sender, RoutedEventArgs e) в C:\Users\Семён\Documents\GitHub\Practice_Lift1\Liftais\Liftais\Ais.xaml.cs:строка 340
2022-11-03 00:28:06.1013 DEBUG Инициализация программы
2022-11-03 00:28:06.1601 DEBUG Выполнение запроса Sql + Подключение к Базе данных
2022-11-03 00:28:06.4044 DEBUG Успешное подключение 
Аккаунт: admin
2022-11-03 00:28:06.4044 DEBUG Попытка входа
2022-11-03 00:28:06.4044 INFO Успешный вход
2022-11-03 00:28:12.9596 ERROR Ошибка:  System.Runtime.InteropServices.COMException (0x800A03EC): Исключение из HRESULT: 0x800A03EC
   в System.RuntimeType.ForwardCallToInvokeMember(String memberName, BindingFlags flags, Object target, Int32[] aWrapperTypes, MessageData& msgData)
   в Microsoft.Office.Interop.Excel.Range.set__Default(Object RowIndex, Object ColumnIndex, Object )
   в Liftais.Ais.btnexp_Click(Object sender, RoutedEventArgs e) в C:\Users\Семён\Documents\GitHub\Practice_Lift1\Liftais\Liftais\Ais.xaml.cs:строка 319
2022-11-03 00:28:32.8838 ERROR Ошибка:  System.Runtime.InteropServices.COMException (0x800A03EC): Исключение из HRESULT: 0x800A03EC
   в System.RuntimeType.ForwardCallToInvokeMember(String memberName, BindingFlags flags, Object target, Int32[] aWrapperTypes, MessageData& msgData)
   в Microsoft.Office.Interop.Excel.Range.set__Default(Object RowIndex, Object ColumnIndex, Object )
   в Liftais.Ais.btnexp_Click(Object sender, RoutedEventArgs e) в C:\Users\Семён\Documents\GitHub\Practice_Lift1\Liftais\Liftais\Ais.xaml.cs:строка 319
2022-11-03 00:28:54.7017 DEBUG Инициализация программы
2022-11-03 00:28:54.7695 DEBUG Выполнение запроса Sql + Подключение к Базе данных
2022-11-03 00:28:55.0354 DEBUG Успешное подключение 
Аккаунт: admin
2022-11-03 00:28:55.0354 DEBUG Попытка входа
2022-11-03 00:28:55.0354 INFO Успешный вход
2022-11-03 00:29:03.3648 ERROR Ошибка:  System.IndexOutOfRangeException: Невозможно найти столбец 6.
   в System.Data.DataColumnCollection.get_Item(Int32 index)
   в System.Data.DataRow.get_Item(Int32 columnIndex, DataRowVersion version)
   в System.Data.DataRowView.get_Item(Int32 ndx)
   в Liftais.Ais.btnexp_Click(Object sender, RoutedEventArgs e) в C:\Users\Семён\Documents\GitHub\Practice_Lift1\Liftais\Liftais\Ais.xaml.cs:строка 340
2022-11-03 00:30:29.5286 DEBUG Инициализация программы
2022-11-03 00:30:29.5815 DEBUG Выполнение запроса Sql + Подключение к Базе данных
2022-11-03 00:30:29.8334 DEBUG Успешное подключение 
Аккаунт: admin
2022-11-03 00:30:29.8334 DEBUG Попытка входа
2022-11-03 00:30:29.8334 INFO Успешный вход
2022-11-03 00:30:38.6472 ERROR Ошибка:  System.IndexOutOfRangeException: Невозможно найти столбец 6.
   в System.Data.DataColumnCollection.get_Item(Int32 index)
   в System.Data.DataRow.get_Item(Int32 columnIndex, DataRowVersion version)
   в System.Data.DataRowView.get_Item(Int32 ndx)
   в Liftais.Ais.btnexp_Click(Object sender, RoutedEventArgs e) в C:\Users\Семён\Documents\GitHub\Practice_Lift1\Liftais\Liftais\Ais.xaml.cs:строка 340
2022-11-03 00:32:18.3298 DEBUG Инициализация программы
2022-11-03 00:32:18.3837 DEBUG Выполнение запроса Sql + Подключение к Базе данных
2022-11-03 00:32:18.6661 DEBUG Успешное подключение 
Аккаунт: admin
2022-11-03 00:32:18.6661 DEBUG Попытка входа
2022-11-03 00:32:18.6661 INFO Успешный вход
2022-11-03 00:32:27.1487 ERROR Ошибка:  System.IndexOutOfRangeException: Невозможно найти столбец 6.
   в System.Data.DataColumnCollection.get_Item(Int32 index)
   в System.Data.DataRow.get_Item(Int32 columnIndex, DataRowVersion version)
   в System.Data.DataRowView.get_Item(Int32 ndx)
   в Liftais.Ais.btnexp_Click(Object sender, RoutedEventArgs e) в C:\Users\Семён\Documents\GitHub\Practice_Lift1\Liftais\Liftais\Ais.xaml.cs:строка 340
2022-11-03 00:33:55.9732 DEBUG Инициализация программы
2022-11-03 00:33:56.0420 DEBUG Выполнение запроса Sql + Подключение к Базе данных
2022-11-03 00:33:56.3123 DEBUG Успешное подключение 
Аккаунт: admin
2022-11-03 00:33:56.3123 DEBUG Попытка входа
2022-11-03 00:33:56.3123 INFO Успешный вход
2022-11-03 00:34:17.9551 ERROR Ошибка:  System.IndexOutOfRangeException: Невозможно найти столбец 6.
   в System.Data.DataColumnCollection.get_Item(Int32 index)
   в System.Data.DataRow.get_Item(Int32 columnIndex, DataRowVersion version)
   в System.Data.DataRowView.get_Item(Int32 ndx)
   в Liftais.Ais.btnexp_Click(Object sender, RoutedEventArgs e) в C:\Users\Семён\Documents\GitHub\Practice_Lift1\Liftais\Liftais\Ais.xaml.cs:строка 340
2022-11-03 00:34:44.6682 ERROR Ошибка:  System.IndexOutOfRangeException: Невозможно найти столбец 6.
   в System.Data.DataColumnCollection.get_Item(Int32 index)
   в System.Data.DataRow.get_Item(Int32 columnIndex, DataRowVersion version)
   в System.Data.DataRowView.get_Item(Int32 ndx)
   в Liftais.Ais.btnexp_Click(Object sender, RoutedEventArgs e) в C:\Users\Семён\Documents\GitHub\Practice_Lift1\Liftais\Liftais\Ais.xaml.cs:строка 311
2022-11-03 10:33:04.7878 DEBUG Инициализация программы
2022-11-03 10:33:05.2686 DEBUG Выполнение запроса Sql + Подключение к Базе данных
2022-11-03 10:33:07.0621 DEBUG Успешное подключение 
Аккаунт: admin
2022-11-03 10:33:07.0621 DEBUG Попытка входа
2022-11-03 10:33:07.0621 INFO Успешный вход
2022-11-03 10:33:14.2667 ERROR Ошибка:  System.ArgumentException: Extension 'xls' is not supported. Supported extensions are '.xlsx', '.xlsm', '.xltx' and '.xltm'.
   в ClosedXML.Excel.XLWorkbook.GetSpreadsheetDocumentType(String filePath) в C:\projects\closedxml\ClosedXML\Excel\XLWorkbook.cs:строка 468
   в ClosedXML.Excel.XLWorkbook.SaveAs(String file, SaveOptions options) в C:\projects\closedxml\ClosedXML\Excel\XLWorkbook.cs:строка 418
   в ClosedXML.Excel.XLWorkbook.SaveAs(String file, Boolean validate, Boolean evaluateFormulae)
   в ClosedXML.Excel.XLWorkbook.SaveAs(String file)
   в Liftais.Ais.btnexp_Click(Object sender, RoutedEventArgs e) в C:\Users\Семён\Documents\GitHub\Practice_Lift1\Liftais\Liftais\Ais.xaml.cs:строка 360
2022-11-03 10:34:06.2068 ERROR Ошибка:  System.ArgumentException: Extension 'xls' is not supported. Supported extensions are '.xlsx', '.xlsm', '.xltx' and '.xltm'.
   в ClosedXML.Excel.XLWorkbook.GetSpreadsheetDocumentType(String filePath) в C:\projects\closedxml\ClosedXML\Excel\XLWorkbook.cs:строка 468
   в ClosedXML.Excel.XLWorkbook.SaveAs(String file, SaveOptions options) в C:\projects\closedxml\ClosedXML\Excel\XLWorkbook.cs:строка 418
   в ClosedXML.Excel.XLWorkbook.SaveAs(String file, Boolean validate, Boolean evaluateFormulae)
   в ClosedXML.Excel.XLWorkbook.SaveAs(String file)
   в Liftais.Ais.btnexp_Click(Object sender, RoutedEventArgs e) в C:\Users\Семён\Documents\GitHub\Practice_Lift1\Liftais\Liftais\Ais.xaml.cs:строка 360
2022-11-03 10:34:07.9672 ERROR Ошибка:  System.ArgumentException: Extension 'xls' is not supported. Supported extensions are '.xlsx', '.xlsm', '.xltx' and '.xltm'.
   в ClosedXML.Excel.XLWorkbook.GetSpreadsheetDocumentType(String filePath) в C:\projects\closedxml\ClosedXML\Excel\XLWorkbook.cs:строка 468
   в ClosedXML.Excel.XLWorkbook.SaveAs(String file, SaveOptions options) в C:\projects\closedxml\ClosedXML\Excel\XLWorkbook.cs:строка 418
   в ClosedXML.Excel.XLWorkbook.SaveAs(String file, Boolean validate, Boolean evaluateFormulae)
   в ClosedXML.Excel.XLWorkbook.SaveAs(String file)
   в Liftais.Ais.btnexp_Click(Object sender, RoutedEventArgs e) в C:\Users\Семён\Documents\GitHub\Practice_Lift1\Liftais\Liftais\Ais.xaml.cs:строка 360
2022-11-03 10:34:08.0690 ERROR Ошибка:  System.ArgumentException: Extension 'xls' is not supported. Supported extensions are '.xlsx', '.xlsm', '.xltx' and '.xltm'.
   в ClosedXML.Excel.XLWorkbook.GetSpreadsheetDocumentType(String filePath) в C:\projects\closedxml\ClosedXML\Excel\XLWorkbook.cs:строка 468
   в ClosedXML.Excel.XLWorkbook.SaveAs(String file, SaveOptions options) в C:\projects\closedxml\ClosedXML\Excel\XLWorkbook.cs:строка 418
   в ClosedXML.Excel.XLWorkbook.SaveAs(String file, Boolean validate, Boolean evaluateFormulae)
   в ClosedXML.Excel.XLWorkbook.SaveAs(String file)
   в Liftais.Ais.btnexp_Click(Object sender, RoutedEventArgs e) в C:\Users\Семён\Documents\GitHub\Practice_Lift1\Liftais\Liftais\Ais.xaml.cs:строка 360
2022-11-03 10:34:08.2836 ERROR Ошибка:  System.ArgumentException: Extension 'xls' is not supported. Supported extensions are '.xlsx', '.xlsm', '.xltx' and '.xltm'.
   в ClosedXML.Excel.XLWorkbook.GetSpreadsheetDocumentType(String filePath) в C:\projects\closedxml\ClosedXML\Excel\XLWorkbook.cs:строка 468
   в ClosedXML.Excel.XLWorkbook.SaveAs(String file, SaveOptions options) в C:\projects\closedxml\ClosedXML\Excel\XLWorkbook.cs:строка 418
   в ClosedXML.Excel.XLWorkbook.SaveAs(String file, Boolean validate, Boolean evaluateFormulae)
   в ClosedXML.Excel.XLWorkbook.SaveAs(String file)
   в Liftais.Ais.btnexp_Click(Object sender, RoutedEventArgs e) в C:\Users\Семён\Documents\GitHub\Practice_Lift1\Liftais\Liftais\Ais.xaml.cs:строка 360
2022-11-03 10:35:23.3943 DEBUG Инициализация программы
2022-11-03 10:35:23.4461 DEBUG Выполнение запроса Sql + Подключение к Базе данных
2022-11-03 10:35:23.7012 DEBUG Успешное подключение 
Аккаунт: admin
2022-11-03 10:35:23.7012 DEBUG Попытка входа
2022-11-03 10:35:23.7012 INFO Успешный вход
2022-11-03 10:35:32.7516 ERROR Ошибка:  System.IndexOutOfRangeException: Невозможно найти столбец 6.
   в System.Data.DataColumnCollection.get_Item(Int32 index)
   в System.Data.DataRow.get_Item(Int32 columnIndex, DataRowVersion version)
   в System.Data.DataRowView.get_Item(Int32 ndx)
   в Liftais.Ais.btnexp_Click(Object sender, RoutedEventArgs e) в C:\Users\Семён\Documents\GitHub\Practice_Lift1\Liftais\Liftais\Ais.xaml.cs:строка 313
2022-11-03 10:36:36.1199 ERROR Ошибка:  System.IndexOutOfRangeException: Невозможно найти столбец 6.
   в System.Data.DataColumnCollection.get_Item(Int32 index)
   в System.Data.DataRow.get_Item(Int32 columnIndex, DataRowVersion version)
   в System.Data.DataRowView.get_Item(Int32 ndx)
   в Liftais.Ais.btnexp_Click(Object sender, RoutedEventArgs e) в C:\Users\Семён\Documents\GitHub\Practice_Lift1\Liftais\Liftais\Ais.xaml.cs:строка 313
2022-11-03 10:37:53.5457 ERROR Ошибка:  System.IndexOutOfRangeException: Невозможно найти столбец 6.
   в System.Data.DataColumnCollection.get_Item(Int32 index)
   в System.Data.DataRow.get_Item(Int32 columnIndex, DataRowVersion version)
   в System.Data.DataRowView.get_Item(Int32 ndx)
   в Liftais.Ais.btnexp_Click(Object sender, RoutedEventArgs e) в C:\Users\Семён\Documents\GitHub\Practice_Lift1\Liftais\Liftais\Ais.xaml.cs:строка 342
2022-11-03 10:40:20.3987 ERROR Ошибка:  System.IndexOutOfRangeException: Невозможно найти столбец 6.
   в System.Data.DataColumnCollection.get_Item(Int32 index)
   в System.Data.DataRow.get_Item(Int32 columnIndex, DataRowVersion version)
   в System.Data.DataRowView.get_Item(Int32 ndx)
   в Liftais.Ais.btnexp_Click(Object sender, RoutedEventArgs e) в C:\Users\Семён\Documents\GitHub\Practice_Lift1\Liftais\Liftais\Ais.xaml.cs:строка 342
2022-11-03 10:47:52.4332 DEBUG Инициализация программы
2022-11-03 10:47:52.4860 DEBUG Выполнение запроса Sql + Подключение к Базе данных
2022-11-03 10:47:52.7251 DEBUG Успешное подключение 
Аккаунт: admin
2022-11-03 10:47:52.7251 DEBUG Попытка входа
2022-11-03 10:47:52.7251 INFO Успешный вход
2022-11-03 10:47:59.4281 ERROR Ошибка:  System.IndexOutOfRangeException: Невозможно найти столбец 6.
   в System.Data.DataColumnCollection.get_Item(Int32 index)
   в System.Data.DataRow.get_Item(Int32 columnIndex, DataRowVersion version)
   в System.Data.DataRowView.get_Item(Int32 ndx)
   в Liftais.Ais.btnexp_Click(Object sender, RoutedEventArgs e) в C:\Users\Семён\Documents\GitHub\Practice_Lift1\Liftais\Liftais\Ais.xaml.cs:строка 313
2022-11-03 11:06:52.6434 DEBUG Инициализация программы
2022-11-03 11:06:52.7103 DEBUG Выполнение запроса Sql + Подключение к Базе данных
2022-11-03 11:06:52.9916 DEBUG Успешное подключение 
Аккаунт: admin
2022-11-03 11:06:52.9916 DEBUG Попытка входа
2022-11-03 11:06:52.9916 INFO Успешный вход
2022-11-03 11:06:57.6764 ERROR Ошибка:  System.IndexOutOfRangeException: Невозможно найти столбец 6.
   в System.Data.DataColumnCollection.get_Item(Int32 index)
   в System.Data.DataRow.get_Item(Int32 columnIndex, DataRowVersion version)
   в System.Data.DataRowView.get_Item(Int32 ndx)
   в Liftais.Ais.btnexp_Click(Object sender, RoutedEventArgs e) в C:\Users\Семён\Documents\GitHub\Practice_Lift1\Liftais\Liftais\Ais.xaml.cs:строка 309
2022-11-03 11:07:27.1892 ERROR Ошибка:  System.IndexOutOfRangeException: Невозможно найти столбец 6.
   в System.Data.DataColumnCollection.get_Item(Int32 index)
   в System.Data.DataRow.get_Item(Int32 columnIndex, DataRowVersion version)
   в System.Data.DataRowView.get_Item(Int32 ndx)
   в Liftais.Ais.btnexp_Click(Object sender, RoutedEventArgs e) в C:\Users\Семён\Documents\GitHub\Practice_Lift1\Liftais\Liftais\Ais.xaml.cs:строка 309
2022-11-03 11:08:33.9715 DEBUG Инициализация программы
2022-11-03 11:08:34.0234 DEBUG Выполнение запроса Sql + Подключение к Базе данных
2022-11-03 11:08:34.3886 DEBUG Успешное подключение 
Аккаунт: admin
2022-11-03 11:08:34.3886 DEBUG Попытка входа
2022-11-03 11:08:34.3886 INFO Успешный вход
2022-11-03 11:08:38.7744 ERROR Ошибка:  System.ArgumentOutOfRangeException: Column number must be between 1 and 16384
Имя параметра: cellAddressInRange
   в ClosedXML.Excel.XLRangeBase.Cell(XLAddress& cellAddressInRange) в C:\projects\closedxml\ClosedXML\Excel\Ranges\XLRangeBase.cs:строка 797
   в ClosedXML.Excel.XLRangeBase.Cell(Int32 row, Int32 column) в C:\projects\closedxml\ClosedXML\Excel\Ranges\XLRangeBase.cs:строка 758
   в ClosedXML.Excel.XLWorksheet.ClosedXML.Excel.IXLWorksheet.Cell(Int32 row, Int32 column) в C:\projects\closedxml\ClosedXML\Excel\XLWorksheet.cs:строка 454
   в Liftais.Ais.btnexp_Click(Object sender, RoutedEventArgs e) в C:\Users\Семён\Documents\GitHub\Practice_Lift1\Liftais\Liftais\Ais.xaml.cs:строка 294
2022-11-03 11:09:06.5212 ERROR Ошибка:  System.ArgumentOutOfRangeException: Column number must be between 1 and 16384
Имя параметра: cellAddressInRange
   в ClosedXML.Excel.XLRangeBase.Cell(XLAddress& cellAddressInRange) в C:\projects\closedxml\ClosedXML\Excel\Ranges\XLRangeBase.cs:строка 797
   в ClosedXML.Excel.XLRangeBase.Cell(Int32 row, Int32 column) в C:\projects\closedxml\ClosedXML\Excel\Ranges\XLRangeBase.cs:строка 758
   в ClosedXML.Excel.XLWorksheet.ClosedXML.Excel.IXLWorksheet.Cell(Int32 row, Int32 column) в C:\projects\closedxml\ClosedXML\Excel\XLWorksheet.cs:строка 454
   в Liftais.Ais.btnexp_Click(Object sender, RoutedEventArgs e) в C:\Users\Семён\Documents\GitHub\Practice_Lift1\Liftais\Liftais\Ais.xaml.cs:строка 294
2022-11-03 11:09:42.3461 DEBUG Инициализация программы
2022-11-03 11:09:42.3989 DEBUG Выполнение запроса Sql + Подключение к Базе данных
2022-11-03 11:09:42.6344 DEBUG Успешное подключение 
Аккаунт: admin
2022-11-03 11:09:42.6344 DEBUG Попытка входа
2022-11-03 11:09:42.6344 INFO Успешный вход
2022-11-03 11:09:46.8714 ERROR Ошибка:  System.IndexOutOfRangeException: Невозможно найти столбец 6.
   в System.Data.DataColumnCollection.get_Item(Int32 index)
   в System.Data.DataRow.get_Item(Int32 columnIndex, DataRowVersion version)
   в System.Data.DataRowView.get_Item(Int32 ndx)
   в Liftais.Ais.btnexp_Click(Object sender, RoutedEventArgs e) в C:\Users\Семён\Documents\GitHub\Practice_Lift1\Liftais\Liftais\Ais.xaml.cs:строка 309
2022-11-03 11:26:11.9948 DEBUG Инициализация программы
2022-11-03 11:26:12.0466 DEBUG Выполнение запроса Sql + Подключение к Базе данных
2022-11-03 11:26:12.3648 DEBUG Успешное подключение 
Аккаунт: admin
2022-11-03 11:26:12.3648 DEBUG Попытка входа
2022-11-03 11:26:12.3648 INFO Успешный вход
2022-11-03 11:26:18.4179 ERROR Ошибка:  System.IndexOutOfRangeException: Невозможно найти столбец 6.
   в System.Data.DataColumnCollection.get_Item(Int32 index)
   в System.Data.DataRow.get_Item(Int32 columnIndex, DataRowVersion version)
   в System.Data.DataRowView.get_Item(Int32 ndx)
   в Liftais.Ais.btnexp_Click(Object sender, RoutedEventArgs e) в C:\Users\Семён\Documents\GitHub\Practice_Lift1\Liftais\Liftais\Ais.xaml.cs:строка 309
2022-11-03 11:27:34.0269 DEBUG Инициализация программы
2022-11-03 11:27:34.0787 DEBUG Выполнение запроса Sql + Подключение к Базе данных
2022-11-03 11:27:34.3237 DEBUG Успешное подключение 
Аккаунт: admin
2022-11-03 11:27:34.3237 DEBUG Попытка входа
2022-11-03 11:27:34.3237 INFO Успешный вход
2022-11-03 11:27:37.9656 ERROR Ошибка:  System.IndexOutOfRangeException: Невозможно найти столбец 6.
   в System.Data.DataColumnCollection.get_Item(Int32 index)
   в System.Data.DataRow.get_Item(Int32 columnIndex, DataRowVersion version)
   в System.Data.DataRowView.get_Item(Int32 ndx)
   в Liftais.Ais.btnexp_Click(Object sender, RoutedEventArgs e) в C:\Users\Семён\Documents\GitHub\Practice_Lift1\Liftais\Liftais\Ais.xaml.cs:строка 309
2022-11-03 22:03:07.2654 DEBUG Инициализация программы
2022-11-03 22:03:07.9075 DEBUG Выполнение запроса Sql + Подключение к Базе данных
2022-11-03 22:03:10.2596 DEBUG Успешное подключение 
Аккаунт: admin
2022-11-03 22:03:10.2596 DEBUG Попытка входа
2022-11-03 22:03:10.2596 INFO Успешный вход
2022-11-03 22:03:28.6584 ERROR Ошибка:  System.IndexOutOfRangeException: Невозможно найти столбец 6.
   в System.Data.DataColumnCollection.get_Item(Int32 index)
   в System.Data.DataRow.get_Item(Int32 columnIndex, DataRowVersion version)
   в System.Data.DataRowView.get_Item(Int32 ndx)
   в Liftais.Ais.btnexp_Click(Object sender, RoutedEventArgs e) в C:\Users\Семён\Documents\GitHub\Practice_Lift1\Liftais\Liftais\Ais.xaml.cs:строка 310
2022-11-03 22:05:08.2380 DEBUG Инициализация программы
2022-11-03 22:05:08.2899 DEBUG Выполнение запроса Sql + Подключение к Базе данных
2022-11-03 22:05:08.6260 DEBUG Успешное подключение 
Аккаунт: admin
2022-11-03 22:05:08.6260 DEBUG Попытка входа
2022-11-03 22:05:08.6260 INFO Успешный вход
2022-11-03 22:05:34.4636 ERROR Ошибка:  System.IndexOutOfRangeException: Невозможно найти столбец 6.
   в System.Data.DataColumnCollection.get_Item(Int32 index)
   в System.Data.DataRow.get_Item(Int32 columnIndex, DataRowVersion version)
   в System.Data.DataRowView.get_Item(Int32 ndx)
   в Liftais.Ais.btnexp_Click(Object sender, RoutedEventArgs e) в C:\Users\Семён\Documents\GitHub\Practice_Lift1\Liftais\Liftais\Ais.xaml.cs:строка 310
2022-11-03 22:09:29.3042 DEBUG Инициализация программы
2022-11-03 22:09:29.3561 DEBUG Выполнение запроса Sql + Подключение к Базе данных
2022-11-03 22:09:29.6917 DEBUG Успешное подключение 
Аккаунт: admin
2022-11-03 22:09:29.6917 DEBUG Попытка входа
2022-11-03 22:09:29.6917 INFO Успешный вход
2022-11-03 22:09:35.0517 ERROR Ошибка:  System.IndexOutOfRangeException: Невозможно найти столбец 6.
   в System.Data.DataColumnCollection.get_Item(Int32 index)
   в System.Data.DataRow.get_Item(Int32 columnIndex, DataRowVersion version)
   в System.Data.DataRowView.get_Item(Int32 ndx)
   в Liftais.Ais.btnexp_Click(Object sender, RoutedEventArgs e) в C:\Users\Семён\Documents\GitHub\Practice_Lift1\Liftais\Liftais\Ais.xaml.cs:строка 312
2022-11-03 22:10:26.3997 ERROR Ошибка:  System.IndexOutOfRangeException: Невозможно найти столбец 6.
   в System.Data.DataColumnCollection.get_Item(Int32 index)
   в System.Data.DataRow.get_Item(Int32 columnIndex, DataRowVersion version)
   в System.Data.DataRowView.get_Item(Int32 ndx)
   в Liftais.Ais.btnexp_Click(Object sender, RoutedEventArgs e) в C:\Users\Семён\Documents\GitHub\Practice_Lift1\Liftais\Liftais\Ais.xaml.cs:строка 341
2022-11-03 22:10:55.8250 ERROR Ошибка:  System.IndexOutOfRangeException: Невозможно найти столбец 6.
   в System.Data.DataColumnCollection.get_Item(Int32 index)
   в System.Data.DataRow.get_Item(Int32 columnIndex, DataRowVersion version)
   в System.Data.DataRowView.get_Item(Int32 ndx)
   в Liftais.Ais.btnexp_Click(Object sender, RoutedEventArgs e) в C:\Users\Семён\Documents\GitHub\Practice_Lift1\Liftais\Liftais\Ais.xaml.cs:строка 312
2022-11-03 22:11:25.0652 ERROR Ошибка:  System.IndexOutOfRangeException: Невозможно найти столбец 6.
   в System.Data.DataColumnCollection.get_Item(Int32 index)
   в System.Data.DataRow.get_Item(Int32 columnIndex, DataRowVersion version)
   в System.Data.DataRowView.get_Item(Int32 ndx)
   в Liftais.Ais.btnexp_Click(Object sender, RoutedEventArgs e) в C:\Users\Семён\Documents\GitHub\Practice_Lift1\Liftais\Liftais\Ais.xaml.cs:строка 341
2022-11-03 22:13:48.6053 DEBUG Инициализация программы
2022-11-03 22:13:48.6591 DEBUG Выполнение запроса Sql + Подключение к Базе данных
2022-11-03 22:13:48.9175 DEBUG Успешное подключение 
Аккаунт: admin
2022-11-03 22:13:48.9175 DEBUG Попытка входа
2022-11-03 22:13:48.9175 INFO Успешный вход
2022-11-03 22:14:13.6684 ERROR Ошибка:  System.IndexOutOfRangeException: Невозможно найти столбец 6.
   в System.Data.DataColumnCollection.get_Item(Int32 index)
   в System.Data.DataRow.get_Item(Int32 columnIndex, DataRowVersion version)
   в System.Data.DataRowView.get_Item(Int32 ndx)
   в Liftais.Ais.btnexp_Click(Object sender, RoutedEventArgs e) в C:\Users\Семён\Documents\GitHub\Practice_Lift1\Liftais\Liftais\Ais.xaml.cs:строка 341
2022-11-03 22:15:11.7136 DEBUG Инициализация программы
2022-11-03 22:15:11.7655 DEBUG Выполнение запроса Sql + Подключение к Базе данных
2022-11-03 22:15:11.9982 DEBUG Успешное подключение 
Аккаунт: admin
2022-11-03 22:15:11.9982 DEBUG Попытка входа
2022-11-03 22:15:11.9982 INFO Успешный вход
2022-11-03 22:15:28.1220 ERROR Ошибка:  System.IndexOutOfRangeException: Невозможно найти столбец 6.
   в System.Data.DataColumnCollection.get_Item(Int32 index)
   в System.Data.DataRow.get_Item(Int32 columnIndex, DataRowVersion version)
   в System.Data.DataRowView.get_Item(Int32 ndx)
   в Liftais.Ais.btnexp_Click(Object sender, RoutedEventArgs e) в C:\Users\Семён\Documents\GitHub\Practice_Lift1\Liftais\Liftais\Ais.xaml.cs:строка 312
2022-11-03 22:16:39.3971 DEBUG Инициализация программы
2022-11-03 22:16:39.4520 DEBUG Выполнение запроса Sql + Подключение к Базе данных
2022-11-03 22:16:39.6885 DEBUG Успешное подключение 
Аккаунт: admin
2022-11-03 22:16:39.6885 DEBUG Попытка входа
2022-11-03 22:16:39.6885 INFO Успешный вход
2022-11-03 22:16:43.9715 ERROR Ошибка:  System.IndexOutOfRangeException: Невозможно найти столбец 6.
   в System.Data.DataColumnCollection.get_Item(Int32 index)
   в System.Data.DataRow.get_Item(Int32 columnIndex, DataRowVersion version)
   в System.Data.DataRowView.get_Item(Int32 ndx)
   в Liftais.Ais.btnexp_Click(Object sender, RoutedEventArgs e) в C:\Users\Семён\Documents\GitHub\Practice_Lift1\Liftais\Liftais\Ais.xaml.cs:строка 312
2022-11-03 22:17:47.1075 DEBUG Инициализация программы
2022-11-03 22:17:47.1603 DEBUG Выполнение запроса Sql + Подключение к Базе данных
2022-11-03 22:17:47.4160 DEBUG Успешное подключение 
Аккаунт: admin
2022-11-03 22:17:47.4160 DEBUG Попытка входа
2022-11-03 22:17:47.4160 INFO Успешный вход
2022-11-03 22:18:09.3543 ERROR Ошибка:  System.IndexOutOfRangeException: Невозможно найти столбец 6.
   в System.Data.DataColumnCollection.get_Item(Int32 index)
   в System.Data.DataRow.get_Item(Int32 columnIndex, DataRowVersion version)
   в System.Data.DataRowView.get_Item(Int32 ndx)
   в Liftais.Ais.btnexp_Click(Object sender, RoutedEventArgs e) в C:\Users\Семён\Documents\GitHub\Practice_Lift1\Liftais\Liftais\Ais.xaml.cs:строка 312
2022-11-03 22:19:18.5140 DEBUG Инициализация программы
2022-11-03 22:19:18.5678 DEBUG Выполнение запроса Sql + Подключение к Базе данных
2022-11-03 22:19:18.9367 DEBUG Успешное подключение 
Аккаунт: admin
2022-11-03 22:19:18.9367 DEBUG Попытка входа
2022-11-03 22:19:18.9367 INFO Успешный вход
2022-11-03 22:19:24.5346 ERROR Ошибка:  System.IndexOutOfRangeException: Невозможно найти столбец 6.
   в System.Data.DataColumnCollection.get_Item(Int32 index)
   в System.Data.DataRow.get_Item(Int32 columnIndex, DataRowVersion version)
   в System.Data.DataRowView.get_Item(Int32 ndx)
   в Liftais.Ais.btnexp_Click(Object sender, RoutedEventArgs e) в C:\Users\Семён\Documents\GitHub\Practice_Lift1\Liftais\Liftais\Ais.xaml.cs:строка 312
2022-11-03 22:21:06.1853 DEBUG Инициализация программы
2022-11-03 22:21:06.2382 DEBUG Выполнение запроса Sql + Подключение к Базе данных
2022-11-03 22:21:06.5762 DEBUG Успешное подключение 
Аккаунт: admin
2022-11-03 22:21:06.5762 DEBUG Попытка входа
2022-11-03 22:21:06.5762 INFO Успешный вход
2022-11-03 22:34:42.7009 DEBUG Инициализация программы
2022-11-03 22:34:43.1976 DEBUG Выполнение запроса Sql + Подключение к Базе данных
2022-11-03 22:34:44.7644 DEBUG Успешное подключение 
Аккаунт: admin
2022-11-03 22:34:44.7644 DEBUG Попытка входа
2022-11-03 22:34:44.7644 INFO Успешный вход
2022-11-03 22:36:29.5062 DEBUG Инициализация программы
2022-11-03 22:36:29.5690 DEBUG Выполнение запроса Sql + Подключение к Базе данных
2022-11-03 22:36:29.8888 DEBUG Успешное подключение 
Аккаунт: admin
2022-11-03 22:36:29.8888 DEBUG Попытка входа
2022-11-03 22:36:29.8888 INFO Успешный вход
2022-11-03 22:37:13.4036 DEBUG Инициализация программы
2022-11-03 22:37:13.4565 DEBUG Выполнение запроса Sql + Подключение к Базе данных
2022-11-03 22:37:13.7427 DEBUG Успешное подключение 
Аккаунт: admin
2022-11-03 22:37:13.7427 DEBUG Попытка входа
2022-11-03 22:37:13.7427 INFO Успешный вход
2022-11-03 22:47:46.1046 DEBUG Инициализация программы
2022-11-03 22:47:46.1574 DEBUG Выполнение запроса Sql + Подключение к Базе данных
2022-11-03 22:47:46.4348 DEBUG Успешное подключение 
Аккаунт: admin
2022-11-03 22:47:46.4348 DEBUG Попытка входа
2022-11-03 22:47:46.4348 INFO Успешный вход
2022-11-03 22:50:36.6792 ERROR Ошибка:  System.IndexOutOfRangeException: Невозможно найти столбец 6.
   в System.Data.DataColumnCollection.get_Item(Int32 index)
   в System.Data.DataRow.get_Item(Int32 columnIndex, DataRowVersion version)
   в System.Data.DataRowView.get_Item(Int32 ndx)
   в Liftais.Ais.btnexp_Click(Object sender, RoutedEventArgs e) в C:\Users\Семён\Documents\GitHub\Practice_Lift1\Liftais\Liftais\Ais.xaml.cs:строка 341
2022-11-03 22:52:05.1599 DEBUG Инициализация программы
2022-11-03 22:52:05.2117 DEBUG Выполнение запроса Sql + Подключение к Базе данных
2022-11-03 22:52:05.5274 DEBUG Успешное подключение 
Аккаунт: admin
2022-11-03 22:52:05.5274 DEBUG Попытка входа
2022-11-03 22:52:05.5274 INFO Успешный вход
2022-11-03 22:52:24.4385 ERROR Ошибка:  System.IndexOutOfRangeException: Невозможно найти столбец 6.
   в System.Data.DataColumnCollection.get_Item(Int32 index)
   в System.Data.DataRow.get_Item(Int32 columnIndex, DataRowVersion version)
   в System.Data.DataRowView.get_Item(Int32 ndx)
   в Liftais.Ais.btnexp_Click(Object sender, RoutedEventArgs e) в C:\Users\Семён\Documents\GitHub\Practice_Lift1\Liftais\Liftais\Ais.xaml.cs:строка 341
2022-11-03 23:08:56.7586 DEBUG Инициализация программы
2022-11-03 23:08:56.8102 DEBUG Выполнение запроса Sql + Подключение к Базе данных
2022-11-03 23:08:57.0778 DEBUG Успешное подключение 
Аккаунт: admin
2022-11-03 23:08:57.0778 DEBUG Попытка входа
2022-11-03 23:08:57.0778 INFO Успешный вход
2022-11-03 23:09:37.1744 DEBUG Инициализация программы
2022-11-03 23:09:37.2259 DEBUG Выполнение запроса Sql + Подключение к Базе данных
2022-11-03 23:09:37.4609 DEBUG Успешное подключение 
Аккаунт: admin
2022-11-03 23:09:37.4609 DEBUG Попытка входа
2022-11-03 23:09:37.4609 INFO Успешный вход
2022-11-03 23:10:20.1494 DEBUG Инициализация программы
2022-11-03 23:10:20.2020 DEBUG Выполнение запроса Sql + Подключение к Базе данных
2022-11-03 23:10:20.4410 DEBUG Успешное подключение 
Аккаунт: admin
2022-11-03 23:10:20.4410 DEBUG Попытка входа
2022-11-03 23:10:20.4410 INFO Успешный вход
2022-11-03 23:11:45.7405 DEBUG Инициализация программы
2022-11-03 23:11:45.7934 DEBUG Выполнение запроса Sql + Подключение к Базе данных
2022-11-03 23:11:46.0569 DEBUG Успешное подключение 
Аккаунт: admin
2022-11-03 23:11:46.0569 DEBUG Попытка входа
2022-11-03 23:11:46.0569 INFO Успешный вход
2022-11-03 23:12:36.8045 DEBUG Инициализация программы
2022-11-03 23:12:36.8561 DEBUG Выполнение запроса Sql + Подключение к Базе данных
2022-11-03 23:12:37.1055 DEBUG Успешное подключение 
Аккаунт: admin
2022-11-03 23:12:37.1055 DEBUG Попытка входа
2022-11-03 23:12:37.1055 INFO Успешный вход
2022-11-03 23:17:37.8741 DEBUG Инициализация программы
2022-11-03 23:17:37.9266 DEBUG Выполнение запроса Sql + Подключение к Базе данных
2022-11-03 23:17:38.1757 DEBUG Успешное подключение 
Аккаунт: admin
2022-11-03 23:17:38.1757 DEBUG Попытка входа
2022-11-03 23:17:38.1757 INFO Успешный вход
2022-11-03 23:19:19.9532 DEBUG Инициализация программы
2022-11-03 23:19:20.0089 DEBUG Выполнение запроса Sql + Подключение к Базе данных
2022-11-03 23:19:20.2561 DEBUG Успешное подключение 
Аккаунт: admin
2022-11-03 23:19:20.2561 DEBUG Попытка входа
2022-11-03 23:19:20.2561 INFO Успешный вход
2022-11-03 23:25:05.0720 DEBUG Инициализация программы
2022-11-03 23:25:05.1245 DEBUG Выполнение запроса Sql + Подключение к Базе данных
2022-11-03 23:25:05.3806 DEBUG Успешное подключение 
Аккаунт: admin
2022-11-03 23:25:05.3806 DEBUG Попытка входа
2022-11-03 23:25:05.3806 INFO Успешный вход
2022-11-03 23:28:29.4063 DEBUG Инициализация программы
2022-11-03 23:28:29.4598 DEBUG Выполнение запроса Sql + Подключение к Базе данных
2022-11-03 23:28:29.7082 DEBUG Успешное подключение 
Аккаунт: admin
2022-11-03 23:28:29.7082 DEBUG Попытка входа
2022-11-03 23:28:29.7082 INFO Успешный вход
2022-11-03 23:40:29.6272 DEBUG Инициализация программы
2022-11-03 23:40:29.6816 DEBUG Выполнение запроса Sql + Подключение к Базе данных
2022-11-03 23:40:29.9292 DEBUG Успешное подключение 
Аккаунт: admin
2022-11-03 23:40:29.9292 DEBUG Попытка входа
2022-11-03 23:40:29.9292 INFO Успешный вход
2022-11-03 23:45:40.7649 DEBUG Инициализация программы
2022-11-03 23:45:40.8190 DEBUG Выполнение запроса Sql + Подключение к Базе данных
2022-11-03 23:45:41.0775 DEBUG Успешное подключение 
Аккаунт: admin
2022-11-03 23:45:41.0775 DEBUG Попытка входа
2022-11-03 23:45:41.0775 INFO Успешный вход
2022-11-03 23:56:54.6349 DEBUG Инициализация программы
2022-11-03 23:56:54.6863 DEBUG Выполнение запроса Sql + Подключение к Базе данных
2022-11-03 23:56:54.9996 DEBUG Успешное подключение 
Аккаунт: admin
2022-11-03 23:56:54.9996 DEBUG Попытка входа
2022-11-03 23:56:54.9996 INFO Успешный вход
2022-11-03 23:58:14.2979 DEBUG Инициализация программы
2022-11-03 23:58:14.3494 DEBUG Выполнение запроса Sql + Подключение к Базе данных
2022-11-03 23:58:14.5948 DEBUG Успешное подключение 
Аккаунт: admin
2022-11-03 23:58:14.5948 DEBUG Попытка входа
2022-11-03 23:58:14.5948 INFO Успешный вход
